[   -9832ms] [TIMEEND] Main._createAppUI: 10.9130859375 ms @ devtools://devtools/bundled/entrypoints/main/main.js:0
[   -9510ms] [TIMEEND] Main._showAppUI: 304.177978515625 ms @ devtools://devtools/bundled/entrypoints/main/main.js:0
[   -9501ms] [TIMEEND] Main._initializeTarget: 8.26416015625 ms @ devtools://devtools/bundled/entrypoints/main/main.js:0
[   -9398ms] [TIMEEND] Main._lateInitialization: 0.25390625 ms @ devtools://devtools/bundled/entrypoints/main/main.js:0
[   -9262ms] [ERROR] Request Autofill.enable failed. {"code":-32601,"message":"'Autofill.enable' wasn't found"} @ devtools://devtools/bundled/core/protocol_client/protocol_client.js:0
[   -9261ms] [ERROR] Request Autofill.setAddresses failed. {"code":-32601,"message":"'Autofill.setAddresses' wasn't found"} @ devtools://devtools/bundled/core/protocol_client/protocol_client.js:0
[   12017ms] [ERROR] Request Emulation.setEmitTouchEventsForMouse failed. {"code":-32601,"message":"'Emulation.setEmitTouchEventsForMouse' wasn't found"} @ devtools://devtools/bundled/core/protocol_client/protocol_client.js:0
[  222496ms] [ERROR] Request Emulation.setEmitTouchEventsForMouse failed. {"code":-32601,"message":"'Emulation.setEmitTouchEventsForMouse' wasn't found"} @ devtools://devtools/bundled/core/protocol_client/protocol_client.js:0
[  223311ms] [ERROR] Request Emulation.setEmitTouchEventsForMouse failed. {"code":-32601,"message":"'Emulation.setEmitTouchEventsForMouse' wasn't found"} @ devtools://devtools/bundled/core/protocol_client/protocol_client.js:0
[  224110ms] [ERROR] Request Emulation.setEmitTouchEventsForMouse failed. {"code":-32601,"message":"'Emulation.setEmitTouchEventsForMouse' wasn't found"} @ devtools://devtools/bundled/core/protocol_client/protocol_client.js:0
[  224921ms] [ERROR] Request Emulation.setEmitTouchEventsForMouse failed. {"code":-32601,"message":"'Emulation.setEmitTouchEventsForMouse' wasn't found"} @ devtools://devtools/bundled/core/protocol_client/protocol_client.js:0
[  225732ms] [ERROR] Request Emulation.setEmitTouchEventsForMouse failed. {"code":-32601,"message":"'Emulation.setEmitTouchEventsForMouse' wasn't found"} @ devtools://devtools/bundled/core/protocol_client/protocol_client.js:0
[  226528ms] [ERROR] Request Emulation.setEmitTouchEventsForMouse failed. {"code":-32601,"message":"'Emulation.setEmitTouchEventsForMouse' wasn't found"} @ devtools://devtools/bundled/core/protocol_client/protocol_client.js:0
[  227331ms] [ERROR] Request Emulation.setEmitTouchEventsForMouse failed. {"code":-32601,"message":"'Emulation.setEmitTouchEventsForMouse' wasn't found"} @ devtools://devtools/bundled/core/protocol_client/protocol_client.js:0
[  228133ms] [ERROR] Request Emulation.setEmitTouchEventsForMouse failed. {"code":-32601,"message":"'Emulation.setEmitTouchEventsForMouse' wasn't found"} @ devtools://devtools/bundled/core/protocol_client/protocol_client.js:0
[  228952ms] [ERROR] Request Emulation.setEmitTouchEventsForMouse failed. {"code":-32601,"message":"'Emulation.setEmitTouchEventsForMouse' wasn't found"} @ devtools://devtools/bundled/core/protocol_client/protocol_client.js:0
[  229766ms] [ERROR] Request Emulation.setEmitTouchEventsForMouse failed. {"code":-32601,"message":"'Emulation.setEmitTouchEventsForMouse' wasn't found"} @ devtools://devtools/bundled/core/protocol_client/protocol_client.js:0
[  287974ms] [ERROR] Request Emulation.setEmitTouchEventsForMouse failed. {"code":-32601,"message":"'Emulation.setEmitTouchEventsForMouse' wasn't found"} @ devtools://devtools/bundled/core/protocol_client/protocol_client.js:0
[  287980ms] [ERROR] Request Emulation.setEmitTouchEventsForMouse failed. {"code":-32601,"message":"'Emulation.setEmitTouchEventsForMouse' wasn't found"} @ devtools://devtools/bundled/core/protocol_client/protocol_client.js:0
[  287984ms] [ERROR] Request Emulation.setEmitTouchEventsForMouse failed. {"code":-32601,"message":"'Emulation.setEmitTouchEventsForMouse' wasn't found"} @ devtools://devtools/bundled/core/protocol_client/protocol_client.js:0
[  287990ms] [ERROR] Request Emulation.setEmitTouchEventsForMouse failed. {"code":-32601,"message":"'Emulation.setEmitTouchEventsForMouse' wasn't found"} @ devtools://devtools/bundled/core/protocol_client/protocol_client.js:0
[  287994ms] [ERROR] Request Emulation.setEmitTouchEventsForMouse failed. {"code":-32601,"message":"'Emulation.setEmitTouchEventsForMouse' wasn't found"} @ devtools://devtools/bundled/core/protocol_client/protocol_client.js:0
[  288001ms] [ERROR] Request Emulation.setEmitTouchEventsForMouse failed. {"code":-32601,"message":"'Emulation.setEmitTouchEventsForMouse' wasn't found"} @ devtools://devtools/bundled/core/protocol_client/protocol_client.js:0
[  288010ms] [ERROR] Request Emulation.setEmitTouchEventsForMouse failed. {"code":-32601,"message":"'Emulation.setEmitTouchEventsForMouse' wasn't found"} @ devtools://devtools/bundled/core/protocol_client/protocol_client.js:0
[  288014ms] [ERROR] Request Emulation.setEmitTouchEventsForMouse failed. {"code":-32601,"message":"'Emulation.setEmitTouchEventsForMouse' wasn't found"} @ devtools://devtools/bundled/core/protocol_client/protocol_client.js:0
[  288038ms] [ERROR] Request Emulation.setEmitTouchEventsForMouse failed. {"code":-32601,"message":"'Emulation.setEmitTouchEventsForMouse' wasn't found"} @ devtools://devtools/bundled/core/protocol_client/protocol_client.js:0
[  288060ms] [ERROR] Request Emulation.setEmitTouchEventsForMouse failed. {"code":-32601,"message":"'Emulation.setEmitTouchEventsForMouse' wasn't found"} @ devtools://devtools/bundled/core/protocol_client/protocol_client.js:0
[  288061ms] [ERROR] Request Emulation.setEmitTouchEventsForMouse failed. {"code":-32601,"message":"'Emulation.setEmitTouchEventsForMouse' wasn't found"} @ devtools://devtools/bundled/core/protocol_client/protocol_client.js:0
[  301621ms] [ERROR] Request Emulation.setEmitTouchEventsForMouse failed. {"code":-32601,"message":"'Emulation.setEmitTouchEventsForMouse' wasn't found"} @ devtools://devtools/bundled/core/protocol_client/protocol_client.js:0
[  301624ms] [ERROR] Request Emulation.setEmitTouchEventsForMouse failed. {"code":-32601,"message":"'Emulation.setEmitTouchEventsForMouse' wasn't found"} @ devtools://devtools/bundled/core/protocol_client/protocol_client.js:0
[  301628ms] [ERROR] Request Emulation.setEmitTouchEventsForMouse failed. {"code":-32601,"message":"'Emulation.setEmitTouchEventsForMouse' wasn't found"} @ devtools://devtools/bundled/core/protocol_client/protocol_client.js:0
[  301629ms] [ERROR] Request Emulation.setEmitTouchEventsForMouse failed. {"code":-32601,"message":"'Emulation.setEmitTouchEventsForMouse' wasn't found"} @ devtools://devtools/bundled/core/protocol_client/protocol_client.js:0
[  301637ms] [ERROR] Request Emulation.setEmitTouchEventsForMouse failed. {"code":-32601,"message":"'Emulation.setEmitTouchEventsForMouse' wasn't found"} @ devtools://devtools/bundled/core/protocol_client/protocol_client.js:0
[  301641ms] [ERROR] Request Emulation.setEmitTouchEventsForMouse failed. {"code":-32601,"message":"'Emulation.setEmitTouchEventsForMouse' wasn't found"} @ devtools://devtools/bundled/core/protocol_client/protocol_client.js:0
[  301645ms] [ERROR] Request Emulation.setEmitTouchEventsForMouse failed. {"code":-32601,"message":"'Emulation.setEmitTouchEventsForMouse' wasn't found"} @ devtools://devtools/bundled/core/protocol_client/protocol_client.js:0
[  301646ms] [ERROR] Request Emulation.setEmitTouchEventsForMouse failed. {"code":-32601,"message":"'Emulation.setEmitTouchEventsForMouse' wasn't found"} @ devtools://devtools/bundled/core/protocol_client/protocol_client.js:0
[  301648ms] [ERROR] Request Emulation.setEmitTouchEventsForMouse failed. {"code":-32601,"message":"'Emulation.setEmitTouchEventsForMouse' wasn't found"} @ devtools://devtools/bundled/core/protocol_client/protocol_client.js:0
[  301649ms] [ERROR] Request Emulation.setEmitTouchEventsForMouse failed. {"code":-32601,"message":"'Emulation.setEmitTouchEventsForMouse' wasn't found"} @ devtools://devtools/bundled/core/protocol_client/protocol_client.js:0
[  301651ms] [ERROR] Request Emulation.setEmitTouchEventsForMouse failed. {"code":-32601,"message":"'Emulation.setEmitTouchEventsForMouse' wasn't found"} @ devtools://devtools/bundled/core/protocol_client/protocol_client.js:0
[  312524ms] [ERROR] Request Emulation.setEmitTouchEventsForMouse failed. {"code":-32601,"message":"'Emulation.setEmitTouchEventsForMouse' wasn't found"} @ devtools://devtools/bundled/core/protocol_client/protocol_client.js:0
[  312524ms] [ERROR] Request Emulation.setEmitTouchEventsForMouse failed. {"code":-32601,"message":"'Emulation.setEmitTouchEventsForMouse' wasn't found"} @ devtools://devtools/bundled/core/protocol_client/protocol_client.js:0
[  312525ms] [ERROR] Request Emulation.setEmitTouchEventsForMouse failed. {"code":-32601,"message":"'Emulation.setEmitTouchEventsForMouse' wasn't found"} @ devtools://devtools/bundled/core/protocol_client/protocol_client.js:0
[  312525ms] [ERROR] Request Emulation.setEmitTouchEventsForMouse failed. {"code":-32601,"message":"'Emulation.setEmitTouchEventsForMouse' wasn't found"} @ devtools://devtools/bundled/core/protocol_client/protocol_client.js:0
[  312527ms] [ERROR] Request Emulation.setEmitTouchEventsForMouse failed. {"code":-32601,"message":"'Emulation.setEmitTouchEventsForMouse' wasn't found"} @ devtools://devtools/bundled/core/protocol_client/protocol_client.js:0
[  312531ms] [ERROR] Request Emulation.setEmitTouchEventsForMouse failed. {"code":-32601,"message":"'Emulation.setEmitTouchEventsForMouse' wasn't found"} @ devtools://devtools/bundled/core/protocol_client/protocol_client.js:0
[  312531ms] [ERROR] Request Emulation.setEmitTouchEventsForMouse failed. {"code":-32601,"message":"'Emulation.setEmitTouchEventsForMouse' wasn't found"} @ devtools://devtools/bundled/core/protocol_client/protocol_client.js:0
[  312532ms] [ERROR] Request Emulation.setEmitTouchEventsForMouse failed. {"code":-32601,"message":"'Emulation.setEmitTouchEventsForMouse' wasn't found"} @ devtools://devtools/bundled/core/protocol_client/protocol_client.js:0
[  312532ms] [ERROR] Request Emulation.setEmitTouchEventsForMouse failed. {"code":-32601,"message":"'Emulation.setEmitTouchEventsForMouse' wasn't found"} @ devtools://devtools/bundled/core/protocol_client/protocol_client.js:0
[  312533ms] [ERROR] Request Emulation.setEmitTouchEventsForMouse failed. {"code":-32601,"message":"'Emulation.setEmitTouchEventsForMouse' wasn't found"} @ devtools://devtools/bundled/core/protocol_client/protocol_client.js:0
[  312535ms] [ERROR] Request Emulation.setEmitTouchEventsForMouse failed. {"code":-32601,"message":"'Emulation.setEmitTouchEventsForMouse' wasn't found"} @ devtools://devtools/bundled/core/protocol_client/protocol_client.js:0
[  322766ms] [ERROR] Request Emulation.setEmitTouchEventsForMouse failed. {"code":-32601,"message":"'Emulation.setEmitTouchEventsForMouse' wasn't found"} @ devtools://devtools/bundled/core/protocol_client/protocol_client.js:0
[  335313ms] [ERROR] Request Emulation.setEmitTouchEventsForMouse failed. {"code":-32601,"message":"'Emulation.setEmitTouchEventsForMouse' wasn't found"} @ devtools://devtools/bundled/core/protocol_client/protocol_client.js:0
[  343808ms] [ERROR] Request Emulation.setEmitTouchEventsForMouse failed. {"code":-32601,"message":"'Emulation.setEmitTouchEventsForMouse' wasn't found"} @ devtools://devtools/bundled/core/protocol_client/protocol_client.js:0
[  351400ms] [ERROR] Request Emulation.setEmitTouchEventsForMouse failed. {"code":-32601,"message":"'Emulation.setEmitTouchEventsForMouse' wasn't found"} @ devtools://devtools/bundled/core/protocol_client/protocol_client.js:0
[  352004ms] [ERROR] Request Emulation.setEmitTouchEventsForMouse failed. {"code":-32601,"message":"'Emulation.setEmitTouchEventsForMouse' wasn't found"} @ devtools://devtools/bundled/core/protocol_client/protocol_client.js:0
[  352592ms] [ERROR] Request Emulation.setEmitTouchEventsForMouse failed. {"code":-32601,"message":"'Emulation.setEmitTouchEventsForMouse' wasn't found"} @ devtools://devtools/bundled/core/protocol_client/protocol_client.js:0
[  353215ms] [ERROR] Request Emulation.setEmitTouchEventsForMouse failed. {"code":-32601,"message":"'Emulation.setEmitTouchEventsForMouse' wasn't found"} @ devtools://devtools/bundled/core/protocol_client/protocol_client.js:0
[  353828ms] [ERROR] Request Emulation.setEmitTouchEventsForMouse failed. {"code":-32601,"message":"'Emulation.setEmitTouchEventsForMouse' wasn't found"} @ devtools://devtools/bundled/core/protocol_client/protocol_client.js:0
[  354421ms] [ERROR] Request Emulation.setEmitTouchEventsForMouse failed. {"code":-32601,"message":"'Emulation.setEmitTouchEventsForMouse' wasn't found"} @ devtools://devtools/bundled/core/protocol_client/protocol_client.js:0
[  355037ms] [ERROR] Request Emulation.setEmitTouchEventsForMouse failed. {"code":-32601,"message":"'Emulation.setEmitTouchEventsForMouse' wasn't found"} @ devtools://devtools/bundled/core/protocol_client/protocol_client.js:0
[  355635ms] [ERROR] Request Emulation.setEmitTouchEventsForMouse failed. {"code":-32601,"message":"'Emulation.setEmitTouchEventsForMouse' wasn't found"} @ devtools://devtools/bundled/core/protocol_client/protocol_client.js:0
[  356239ms] [ERROR] Request Emulation.setEmitTouchEventsForMouse failed. {"code":-32601,"message":"'Emulation.setEmitTouchEventsForMouse' wasn't found"} @ devtools://devtools/bundled/core/protocol_client/protocol_client.js:0
[  356849ms] [ERROR] Request Emulation.setEmitTouchEventsForMouse failed. {"code":-32601,"message":"'Emulation.setEmitTouchEventsForMouse' wasn't found"} @ devtools://devtools/bundled/core/protocol_client/protocol_client.js:0
[  488928ms] [ERROR] Request Emulation.setEmitTouchEventsForMouse failed. {"code":-32601,"message":"'Emulation.setEmitTouchEventsForMouse' wasn't found"} @ devtools://devtools/bundled/core/protocol_client/protocol_client.js:0
[  494393ms] [ERROR] Request Emulation.setEmitTouchEventsForMouse failed. {"code":-32601,"message":"'Emulation.setEmitTouchEventsForMouse' wasn't found"} @ devtools://devtools/bundled/core/protocol_client/protocol_client.js:0
[  503867ms] [ERROR] Request Emulation.setEmitTouchEventsForMouse failed. {"code":-32601,"message":"'Emulation.setEmitTouchEventsForMouse' wasn't found"} @ devtools://devtools/bundled/core/protocol_client/protocol_client.js:0
[  518332ms] [ERROR] Request Emulation.setEmitTouchEventsForMouse failed. {"code":-32601,"message":"'Emulation.setEmitTouchEventsForMouse' wasn't found"} @ devtools://devtools/bundled/core/protocol_client/protocol_client.js:0
[  519401ms] [ERROR] Request Emulation.setEmitTouchEventsForMouse failed. {"code":-32601,"message":"'Emulation.setEmitTouchEventsForMouse' wasn't found"} @ devtools://devtools/bundled/core/protocol_client/protocol_client.js:0
[  519914ms] [ERROR] Request Emulation.setEmitTouchEventsForMouse failed. {"code":-32601,"message":"'Emulation.setEmitTouchEventsForMouse' wasn't found"} @ devtools://devtools/bundled/core/protocol_client/protocol_client.js:0
[  520419ms] [ERROR] Request Emulation.setEmitTouchEventsForMouse failed. {"code":-32601,"message":"'Emulation.setEmitTouchEventsForMouse' wasn't found"} @ devtools://devtools/bundled/core/protocol_client/protocol_client.js:0
[  520933ms] [ERROR] Request Emulation.setEmitTouchEventsForMouse failed. {"code":-32601,"message":"'Emulation.setEmitTouchEventsForMouse' wasn't found"} @ devtools://devtools/bundled/core/protocol_client/protocol_client.js:0
[  521443ms] [ERROR] Request Emulation.setEmitTouchEventsForMouse failed. {"code":-32601,"message":"'Emulation.setEmitTouchEventsForMouse' wasn't found"} @ devtools://devtools/bundled/core/protocol_client/protocol_client.js:0
[  521939ms] [ERROR] Request Emulation.setEmitTouchEventsForMouse failed. {"code":-32601,"message":"'Emulation.setEmitTouchEventsForMouse' wasn't found"} @ devtools://devtools/bundled/core/protocol_client/protocol_client.js:0
[  522438ms] [ERROR] Request Emulation.setEmitTouchEventsForMouse failed. {"code":-32601,"message":"'Emulation.setEmitTouchEventsForMouse' wasn't found"} @ devtools://devtools/bundled/core/protocol_client/protocol_client.js:0
[  522952ms] [ERROR] Request Emulation.setEmitTouchEventsForMouse failed. {"code":-32601,"message":"'Emulation.setEmitTouchEventsForMouse' wasn't found"} @ devtools://devtools/bundled/core/protocol_client/protocol_client.js:0
[  523450ms] [ERROR] Request Emulation.setEmitTouchEventsForMouse failed. {"code":-32601,"message":"'Emulation.setEmitTouchEventsForMouse' wasn't found"} @ devtools://devtools/bundled/core/protocol_client/protocol_client.js:0
[  523962ms] [ERROR] Request Emulation.setEmitTouchEventsForMouse failed. {"code":-32601,"message":"'Emulation.setEmitTouchEventsForMouse' wasn't found"} @ devtools://devtools/bundled/core/protocol_client/protocol_client.js:0
[  704360ms] [ERROR] Request Emulation.setEmitTouchEventsForMouse failed. {"code":-32601,"message":"'Emulation.setEmitTouchEventsForMouse' wasn't found"} @ devtools://devtools/bundled/core/protocol_client/protocol_client.js:0
[  704361ms] [ERROR] Request Emulation.setEmitTouchEventsForMouse failed. {"code":-32601,"message":"'Emulation.setEmitTouchEventsForMouse' wasn't found"} @ devtools://devtools/bundled/core/protocol_client/protocol_client.js:0
[  704361ms] [ERROR] Request Emulation.setEmitTouchEventsForMouse failed. {"code":-32601,"message":"'Emulation.setEmitTouchEventsForMouse' wasn't found"} @ devtools://devtools/bundled/core/protocol_client/protocol_client.js:0
[  704362ms] [ERROR] Request Emulation.setEmitTouchEventsForMouse failed. {"code":-32601,"message":"'Emulation.setEmitTouchEventsForMouse' wasn't found"} @ devtools://devtools/bundled/core/protocol_client/protocol_client.js:0
[  704362ms] [ERROR] Request Emulation.setEmitTouchEventsForMouse failed. {"code":-32601,"message":"'Emulation.setEmitTouchEventsForMouse' wasn't found"} @ devtools://devtools/bundled/core/protocol_client/protocol_client.js:0
[  704362ms] [ERROR] Request Emulation.setEmitTouchEventsForMouse failed. {"code":-32601,"message":"'Emulation.setEmitTouchEventsForMouse' wasn't found"} @ devtools://devtools/bundled/core/protocol_client/protocol_client.js:0
[  704363ms] [ERROR] Request Emulation.setEmitTouchEventsForMouse failed. {"code":-32601,"message":"'Emulation.setEmitTouchEventsForMouse' wasn't found"} @ devtools://devtools/bundled/core/protocol_client/protocol_client.js:0
[  704364ms] [ERROR] Request Emulation.setEmitTouchEventsForMouse failed. {"code":-32601,"message":"'Emulation.setEmitTouchEventsForMouse' wasn't found"} @ devtools://devtools/bundled/core/protocol_client/protocol_client.js:0
[  704365ms] [ERROR] Request Emulation.setEmitTouchEventsForMouse failed. {"code":-32601,"message":"'Emulation.setEmitTouchEventsForMouse' wasn't found"} @ devtools://devtools/bundled/core/protocol_client/protocol_client.js:0
[  704365ms] [ERROR] Request Emulation.setEmitTouchEventsForMouse failed. {"code":-32601,"message":"'Emulation.setEmitTouchEventsForMouse' wasn't found"} @ devtools://devtools/bundled/core/protocol_client/protocol_client.js:0
[  704365ms] [ERROR] Request Emulation.setEmitTouchEventsForMouse failed. {"code":-32601,"message":"'Emulation.setEmitTouchEventsForMouse' wasn't found"} @ devtools://devtools/bundled/core/protocol_client/protocol_client.js:0
[  714424ms] [ERROR] Request Emulation.setEmitTouchEventsForMouse failed. {"code":-32601,"message":"'Emulation.setEmitTouchEventsForMouse' wasn't found"} @ devtools://devtools/bundled/core/protocol_client/protocol_client.js:0
[  715529ms] [ERROR] Request Emulation.setEmitTouchEventsForMouse failed. {"code":-32601,"message":"'Emulation.setEmitTouchEventsForMouse' wasn't found"} @ devtools://devtools/bundled/core/protocol_client/protocol_client.js:0
[  716030ms] [ERROR] Request Emulation.setEmitTouchEventsForMouse failed. {"code":-32601,"message":"'Emulation.setEmitTouchEventsForMouse' wasn't found"} @ devtools://devtools/bundled/core/protocol_client/protocol_client.js:0
[  716530ms] [ERROR] Request Emulation.setEmitTouchEventsForMouse failed. {"code":-32601,"message":"'Emulation.setEmitTouchEventsForMouse' wasn't found"} @ devtools://devtools/bundled/core/protocol_client/protocol_client.js:0
[  717040ms] [ERROR] Request Emulation.setEmitTouchEventsForMouse failed. {"code":-32601,"message":"'Emulation.setEmitTouchEventsForMouse' wasn't found"} @ devtools://devtools/bundled/core/protocol_client/protocol_client.js:0
[  717558ms] [ERROR] Request Emulation.setEmitTouchEventsForMouse failed. {"code":-32601,"message":"'Emulation.setEmitTouchEventsForMouse' wasn't found"} @ devtools://devtools/bundled/core/protocol_client/protocol_client.js:0
[  718057ms] [ERROR] Request Emulation.setEmitTouchEventsForMouse failed. {"code":-32601,"message":"'Emulation.setEmitTouchEventsForMouse' wasn't found"} @ devtools://devtools/bundled/core/protocol_client/protocol_client.js:0
[  718565ms] [ERROR] Request Emulation.setEmitTouchEventsForMouse failed. {"code":-32601,"message":"'Emulation.setEmitTouchEventsForMouse' wasn't found"} @ devtools://devtools/bundled/core/protocol_client/protocol_client.js:0
[  719065ms] [ERROR] Request Emulation.setEmitTouchEventsForMouse failed. {"code":-32601,"message":"'Emulation.setEmitTouchEventsForMouse' wasn't found"} @ devtools://devtools/bundled/core/protocol_client/protocol_client.js:0
[  719582ms] [ERROR] Request Emulation.setEmitTouchEventsForMouse failed. {"code":-32601,"message":"'Emulation.setEmitTouchEventsForMouse' wasn't found"} @ devtools://devtools/bundled/core/protocol_client/protocol_client.js:0
[  720082ms] [ERROR] Request Emulation.setEmitTouchEventsForMouse failed. {"code":-32601,"message":"'Emulation.setEmitTouchEventsForMouse' wasn't found"} @ devtools://devtools/bundled/core/protocol_client/protocol_client.js:0
[  770834ms] [ERROR] Request Emulation.setEmitTouchEventsForMouse failed. {"code":-32601,"message":"'Emulation.setEmitTouchEventsForMouse' wasn't found"} @ devtools://devtools/bundled/core/protocol_client/protocol_client.js:0
[  781607ms] [ERROR] Request Emulation.setEmitTouchEventsForMouse failed. {"code":-32601,"message":"'Emulation.setEmitTouchEventsForMouse' wasn't found"} @ devtools://devtools/bundled/core/protocol_client/protocol_client.js:0
[  782685ms] [ERROR] Request Emulation.setEmitTouchEventsForMouse failed. {"code":-32601,"message":"'Emulation.setEmitTouchEventsForMouse' wasn't found"} @ devtools://devtools/bundled/core/protocol_client/protocol_client.js:0
[  783198ms] [ERROR] Request Emulation.setEmitTouchEventsForMouse failed. {"code":-32601,"message":"'Emulation.setEmitTouchEventsForMouse' wasn't found"} @ devtools://devtools/bundled/core/protocol_client/protocol_client.js:0
[  783704ms] [ERROR] Request Emulation.setEmitTouchEventsForMouse failed. {"code":-32601,"message":"'Emulation.setEmitTouchEventsForMouse' wasn't found"} @ devtools://devtools/bundled/core/protocol_client/protocol_client.js:0
[  784201ms] [ERROR] Request Emulation.setEmitTouchEventsForMouse failed. {"code":-32601,"message":"'Emulation.setEmitTouchEventsForMouse' wasn't found"} @ devtools://devtools/bundled/core/protocol_client/protocol_client.js:0
[  784716ms] [ERROR] Request Emulation.setEmitTouchEventsForMouse failed. {"code":-32601,"message":"'Emulation.setEmitTouchEventsForMouse' wasn't found"} @ devtools://devtools/bundled/core/protocol_client/protocol_client.js:0
[  785223ms] [ERROR] Request Emulation.setEmitTouchEventsForMouse failed. {"code":-32601,"message":"'Emulation.setEmitTouchEventsForMouse' wasn't found"} @ devtools://devtools/bundled/core/protocol_client/protocol_client.js:0
[  785757ms] [ERROR] Request Emulation.setEmitTouchEventsForMouse failed. {"code":-32601,"message":"'Emulation.setEmitTouchEventsForMouse' wasn't found"} @ devtools://devtools/bundled/core/protocol_client/protocol_client.js:0
[  786238ms] [ERROR] Request Emulation.setEmitTouchEventsForMouse failed. {"code":-32601,"message":"'Emulation.setEmitTouchEventsForMouse' wasn't found"} @ devtools://devtools/bundled/core/protocol_client/protocol_client.js:0
[  786747ms] [ERROR] Request Emulation.setEmitTouchEventsForMouse failed. {"code":-32601,"message":"'Emulation.setEmitTouchEventsForMouse' wasn't found"} @ devtools://devtools/bundled/core/protocol_client/protocol_client.js:0
[  787245ms] [ERROR] Request Emulation.setEmitTouchEventsForMouse failed. {"code":-32601,"message":"'Emulation.setEmitTouchEventsForMouse' wasn't found"} @ devtools://devtools/bundled/core/protocol_client/protocol_client.js:0
[  992351ms] [ERROR] Request Emulation.setEmitTouchEventsForMouse failed. {"code":-32601,"message":"'Emulation.setEmitTouchEventsForMouse' wasn't found"} @ devtools://devtools/bundled/core/protocol_client/protocol_client.js:0
[  992351ms] [ERROR] Request Emulation.setEmitTouchEventsForMouse failed. {"code":-32601,"message":"'Emulation.setEmitTouchEventsForMouse' wasn't found"} @ devtools://devtools/bundled/core/protocol_client/protocol_client.js:0
[  992355ms] [ERROR] Request Emulation.setEmitTouchEventsForMouse failed. {"code":-32601,"message":"'Emulation.setEmitTouchEventsForMouse' wasn't found"} @ devtools://devtools/bundled/core/protocol_client/protocol_client.js:0
[  992356ms] [ERROR] Request Emulation.setEmitTouchEventsForMouse failed. {"code":-32601,"message":"'Emulation.setEmitTouchEventsForMouse' wasn't found"} @ devtools://devtools/bundled/core/protocol_client/protocol_client.js:0
[  992362ms] [ERROR] Request Emulation.setEmitTouchEventsForMouse failed. {"code":-32601,"message":"'Emulation.setEmitTouchEventsForMouse' wasn't found"} @ devtools://devtools/bundled/core/protocol_client/protocol_client.js:0
[  992384ms] [ERROR] Request Emulation.setEmitTouchEventsForMouse failed. {"code":-32601,"message":"'Emulation.setEmitTouchEventsForMouse' wasn't found"} @ devtools://devtools/bundled/core/protocol_client/protocol_client.js:0
[  992385ms] [ERROR] Request Emulation.setEmitTouchEventsForMouse failed. {"code":-32601,"message":"'Emulation.setEmitTouchEventsForMouse' wasn't found"} @ devtools://devtools/bundled/core/protocol_client/protocol_client.js:0
[  992400ms] [ERROR] Request Emulation.setEmitTouchEventsForMouse failed. {"code":-32601,"message":"'Emulation.setEmitTouchEventsForMouse' wasn't found"} @ devtools://devtools/bundled/core/protocol_client/protocol_client.js:0
[  992465ms] [ERROR] Request Emulation.setEmitTouchEventsForMouse failed. {"code":-32601,"message":"'Emulation.setEmitTouchEventsForMouse' wasn't found"} @ devtools://devtools/bundled/core/protocol_client/protocol_client.js:0
[  992482ms] [ERROR] Request Emulation.setEmitTouchEventsForMouse failed. {"code":-32601,"message":"'Emulation.setEmitTouchEventsForMouse' wasn't found"} @ devtools://devtools/bundled/core/protocol_client/protocol_client.js:0
[  992482ms] [ERROR] Request Emulation.setEmitTouchEventsForMouse failed. {"code":-32601,"message":"'Emulation.setEmitTouchEventsForMouse' wasn't found"} @ devtools://devtools/bundled/core/protocol_client/protocol_client.js:0
[ 1001951ms] [ERROR] Request Emulation.setEmitTouchEventsForMouse failed. {"code":-32601,"message":"'Emulation.setEmitTouchEventsForMouse' wasn't found"} @ devtools://devtools/bundled/core/protocol_client/protocol_client.js:0
[ 1001952ms] [ERROR] Request Emulation.setEmitTouchEventsForMouse failed. {"code":-32601,"message":"'Emulation.setEmitTouchEventsForMouse' wasn't found"} @ devtools://devtools/bundled/core/protocol_client/protocol_client.js:0
[ 1001952ms] [ERROR] Request Emulation.setEmitTouchEventsForMouse failed. {"code":-32601,"message":"'Emulation.setEmitTouchEventsForMouse' wasn't found"} @ devtools://devtools/bundled/core/protocol_client/protocol_client.js:0
[ 1001953ms] [ERROR] Request Emulation.setEmitTouchEventsForMouse failed. {"code":-32601,"message":"'Emulation.setEmitTouchEventsForMouse' wasn't found"} @ devtools://devtools/bundled/core/protocol_client/protocol_client.js:0
[ 1001957ms] [ERROR] Request Emulation.setEmitTouchEventsForMouse failed. {"code":-32601,"message":"'Emulation.setEmitTouchEventsForMouse' wasn't found"} @ devtools://devtools/bundled/core/protocol_client/protocol_client.js:0
[ 1001958ms] [ERROR] Request Emulation.setEmitTouchEventsForMouse failed. {"code":-32601,"message":"'Emulation.setEmitTouchEventsForMouse' wasn't found"} @ devtools://devtools/bundled/core/protocol_client/protocol_client.js:0
[ 1001958ms] [ERROR] Request Emulation.setEmitTouchEventsForMouse failed. {"code":-32601,"message":"'Emulation.setEmitTouchEventsForMouse' wasn't found"} @ devtools://devtools/bundled/core/protocol_client/protocol_client.js:0
[ 1001962ms] [ERROR] Request Emulation.setEmitTouchEventsForMouse failed. {"code":-32601,"message":"'Emulation.setEmitTouchEventsForMouse' wasn't found"} @ devtools://devtools/bundled/core/protocol_client/protocol_client.js:0
[ 1001962ms] [ERROR] Request Emulation.setEmitTouchEventsForMouse failed. {"code":-32601,"message":"'Emulation.setEmitTouchEventsForMouse' wasn't found"} @ devtools://devtools/bundled/core/protocol_client/protocol_client.js:0
[ 1001985ms] [ERROR] Request Emulation.setEmitTouchEventsForMouse failed. {"code":-32601,"message":"'Emulation.setEmitTouchEventsForMouse' wasn't found"} @ devtools://devtools/bundled/core/protocol_client/protocol_client.js:0
[ 1002000ms] [ERROR] Request Emulation.setEmitTouchEventsForMouse failed. {"code":-32601,"message":"'Emulation.setEmitTouchEventsForMouse' wasn't found"} @ devtools://devtools/bundled/core/protocol_client/protocol_client.js:0
[ 1010415ms] [ERROR] Request Emulation.setEmitTouchEventsForMouse failed. {"code":-32601,"message":"'Emulation.setEmitTouchEventsForMouse' wasn't found"} @ devtools://devtools/bundled/core/protocol_client/protocol_client.js:0
[ 1010417ms] [ERROR] Request Emulation.setEmitTouchEventsForMouse failed. {"code":-32601,"message":"'Emulation.setEmitTouchEventsForMouse' wasn't found"} @ devtools://devtools/bundled/core/protocol_client/protocol_client.js:0
[ 1010454ms] [ERROR] Request Emulation.setEmitTouchEventsForMouse failed. {"code":-32601,"message":"'Emulation.setEmitTouchEventsForMouse' wasn't found"} @ devtools://devtools/bundled/core/protocol_client/protocol_client.js:0
[ 1010454ms] [ERROR] Request Emulation.setEmitTouchEventsForMouse failed. {"code":-32601,"message":"'Emulation.setEmitTouchEventsForMouse' wasn't found"} @ devtools://devtools/bundled/core/protocol_client/protocol_client.js:0
[ 1010455ms] [ERROR] Request Emulation.setEmitTouchEventsForMouse failed. {"code":-32601,"message":"'Emulation.setEmitTouchEventsForMouse' wasn't found"} @ devtools://devtools/bundled/core/protocol_client/protocol_client.js:0
[ 1010455ms] [ERROR] Request Emulation.setEmitTouchEventsForMouse failed. {"code":-32601,"message":"'Emulation.setEmitTouchEventsForMouse' wasn't found"} @ devtools://devtools/bundled/core/protocol_client/protocol_client.js:0
[ 1010455ms] [ERROR] Request Emulation.setEmitTouchEventsForMouse failed. {"code":-32601,"message":"'Emulation.setEmitTouchEventsForMouse' wasn't found"} @ devtools://devtools/bundled/core/protocol_client/protocol_client.js:0
[ 1010455ms] [ERROR] Request Emulation.setEmitTouchEventsForMouse failed. {"code":-32601,"message":"'Emulation.setEmitTouchEventsForMouse' wasn't found"} @ devtools://devtools/bundled/core/protocol_client/protocol_client.js:0
[ 1010455ms] [ERROR] Request Emulation.setEmitTouchEventsForMouse failed. {"code":-32601,"message":"'Emulation.setEmitTouchEventsForMouse' wasn't found"} @ devtools://devtools/bundled/core/protocol_client/protocol_client.js:0
[ 1010455ms] [ERROR] Request Emulation.setEmitTouchEventsForMouse failed. {"code":-32601,"message":"'Emulation.setEmitTouchEventsForMouse' wasn't found"} @ devtools://devtools/bundled/core/protocol_client/protocol_client.js:0
[ 1010455ms] [ERROR] Request Emulation.setEmitTouchEventsForMouse failed. {"code":-32601,"message":"'Emulation.setEmitTouchEventsForMouse' wasn't found"} @ devtools://devtools/bundled/core/protocol_client/protocol_client.js:0
[ 1015191ms] [ERROR] Request Emulation.setEmitTouchEventsForMouse failed. {"code":-32601,"message":"'Emulation.setEmitTouchEventsForMouse' wasn't found"} @ devtools://devtools/bundled/core/protocol_client/protocol_client.js:0
[ 1027493ms] [ERROR] Request Emulation.setEmitTouchEventsForMouse failed. {"code":-32601,"message":"'Emulation.setEmitTouchEventsForMouse' wasn't found"} @ devtools://devtools/bundled/core/protocol_client/protocol_client.js:0
[ 1040343ms] [ERROR] Request Emulation.setEmitTouchEventsForMouse failed. {"code":-32601,"message":"'Emulation.setEmitTouchEventsForMouse' wasn't found"} @ devtools://devtools/bundled/core/protocol_client/protocol_client.js:0
[ 1049119ms] [ERROR] Request Emulation.setEmitTouchEventsForMouse failed. {"code":-32601,"message":"'Emulation.setEmitTouchEventsForMouse' wasn't found"} @ devtools://devtools/bundled/core/protocol_client/protocol_client.js:0
[ 1057592ms] [ERROR] Request Emulation.setEmitTouchEventsForMouse failed. {"code":-32601,"message":"'Emulation.setEmitTouchEventsForMouse' wasn't found"} @ devtools://devtools/bundled/core/protocol_client/protocol_client.js:0
[ 1070492ms] [ERROR] Request Emulation.setEmitTouchEventsForMouse failed. {"code":-32601,"message":"'Emulation.setEmitTouchEventsForMouse' wasn't found"} @ devtools://devtools/bundled/core/protocol_client/protocol_client.js:0
[ 2266859ms] [ERROR] Request Emulation.setEmitTouchEventsForMouse failed. {"code":-32601,"message":"'Emulation.setEmitTouchEventsForMouse' wasn't found"} @ devtools://devtools/bundled/core/protocol_client/protocol_client.js:0
[ 2284911ms] [ERROR] Request Emulation.setEmitTouchEventsForMouse failed. {"code":-32601,"message":"'Emulation.setEmitTouchEventsForMouse' wasn't found"} @ devtools://devtools/bundled/core/protocol_client/protocol_client.js:0
[ 2293252ms] [ERROR] Request Emulation.setEmitTouchEventsForMouse failed. {"code":-32601,"message":"'Emulation.setEmitTouchEventsForMouse' wasn't found"} @ devtools://devtools/bundled/core/protocol_client/protocol_client.js:0
[ 2304681ms] [ERROR] Request Emulation.setEmitTouchEventsForMouse failed. {"code":-32601,"message":"'Emulation.setEmitTouchEventsForMouse' wasn't found"} @ devtools://devtools/bundled/core/protocol_client/protocol_client.js:0
[ 2316172ms] [ERROR] Request Emulation.setEmitTouchEventsForMouse failed. {"code":-32601,"message":"'Emulation.setEmitTouchEventsForMouse' wasn't found"} @ devtools://devtools/bundled/core/protocol_client/protocol_client.js:0
[ 2324909ms] [ERROR] Request Emulation.setEmitTouchEventsForMouse failed. {"code":-32601,"message":"'Emulation.setEmitTouchEventsForMouse' wasn't found"} @ devtools://devtools/bundled/core/protocol_client/protocol_client.js:0
[ 2347122ms] [ERROR] Request Emulation.setEmitTouchEventsForMouse failed. {"code":-32601,"message":"'Emulation.setEmitTouchEventsForMouse' wasn't found"} @ devtools://devtools/bundled/core/protocol_client/protocol_client.js:0
[ 2353098ms] [ERROR] Request Emulation.setEmitTouchEventsForMouse failed. {"code":-32601,"message":"'Emulation.setEmitTouchEventsForMouse' wasn't found"} @ devtools://devtools/bundled/core/protocol_client/protocol_client.js:0
[ 2384478ms] [ERROR] Request Emulation.setEmitTouchEventsForMouse failed. {"code":-32601,"message":"'Emulation.setEmitTouchEventsForMouse' wasn't found"} @ devtools://devtools/bundled/core/protocol_client/protocol_client.js:0
[ 2459333ms] [ERROR] Request Emulation.setEmitTouchEventsForMouse failed. {"code":-32601,"message":"'Emulation.setEmitTouchEventsForMouse' wasn't found"} @ devtools://devtools/bundled/core/protocol_client/protocol_client.js:0
