[  -16047ms] [INFO] %cDownload the React DevTools for a better development experience: https://reactjs.org/link/react-devtools font-weight:bold @ http://localhost:5173/node_modules/.vite/deps/chunk-SVG7M4VJ.js?v=84b494a0:21606
[  -15990ms] [WARNING] %cElectron Security Warning (Disabled webSecurity) font-weight: bold; This renderer process has "webSecurity" disabled. This
  exposes users of this app to severe security risks.

For more information and help, consult
https://electronjs.org/docs/tutorial/security.
This warning will not show up
once the app is packaged. @ node:electron/js2c/sandbox_bundle:1
[  -15989ms] [WARNING] %cElectron Security Warning (allowRunningInsecureContent) font-weight: bold; This renderer process has "allowRunningInsecureContent"
  enabled. This exposes users of this app to severe security risks.

  
For more information and help, consult
https://electronjs.org/docs/tutorial/security.
This warning will not show up
once the app is packaged. @ node:electron/js2c/sandbox_bundle:1
[  247998ms] [ERROR] Unable to preventDefault inside passive event listener invocation. @ http://localhost:5173/node_modules/.vite/deps/chunk-SVG7M4VJ.js?v=84b494a0:5772
[  248006ms] [ERROR] Unable to preventDefault inside passive event listener invocation. @ http://localhost:5173/node_modules/.vite/deps/chunk-SVG7M4VJ.js?v=84b494a0:5772
[  248017ms] [ERROR] Unable to preventDefault inside passive event listener invocation. @ http://localhost:5173/node_modules/.vite/deps/chunk-SVG7M4VJ.js?v=84b494a0:5772
[  248028ms] [ERROR] Unable to preventDefault inside passive event listener invocation. @ http://localhost:5173/node_modules/.vite/deps/chunk-SVG7M4VJ.js?v=84b494a0:5772
[  248039ms] [ERROR] Unable to preventDefault inside passive event listener invocation. @ http://localhost:5173/node_modules/.vite/deps/chunk-SVG7M4VJ.js?v=84b494a0:5772
[  248051ms] [ERROR] Unable to preventDefault inside passive event listener invocation. @ http://localhost:5173/node_modules/.vite/deps/chunk-SVG7M4VJ.js?v=84b494a0:5772
[  248062ms] [ERROR] Unable to preventDefault inside passive event listener invocation. @ http://localhost:5173/node_modules/.vite/deps/chunk-SVG7M4VJ.js?v=84b494a0:5772
[  248073ms] [ERROR] Unable to preventDefault inside passive event listener invocation. @ http://localhost:5173/node_modules/.vite/deps/chunk-SVG7M4VJ.js?v=84b494a0:5772
[  248084ms] [ERROR] Unable to preventDefault inside passive event listener invocation. @ http://localhost:5173/node_modules/.vite/deps/chunk-SVG7M4VJ.js?v=84b494a0:5772
[  248095ms] [ERROR] Unable to preventDefault inside passive event listener invocation. @ http://localhost:5173/node_modules/.vite/deps/chunk-SVG7M4VJ.js?v=84b494a0:5772
[  248107ms] [ERROR] Unable to preventDefault inside passive event listener invocation. @ http://localhost:5173/node_modules/.vite/deps/chunk-SVG7M4VJ.js?v=84b494a0:5772
[  248117ms] [ERROR] Unable to preventDefault inside passive event listener invocation. @ http://localhost:5173/node_modules/.vite/deps/chunk-SVG7M4VJ.js?v=84b494a0:5772
[  248129ms] [ERROR] Unable to preventDefault inside passive event listener invocation. @ http://localhost:5173/node_modules/.vite/deps/chunk-SVG7M4VJ.js?v=84b494a0:5772
[  248140ms] [ERROR] Unable to preventDefault inside passive event listener invocation. @ http://localhost:5173/node_modules/.vite/deps/chunk-SVG7M4VJ.js?v=84b494a0:5772
[  248150ms] [ERROR] Unable to preventDefault inside passive event listener invocation. @ http://localhost:5173/node_modules/.vite/deps/chunk-SVG7M4VJ.js?v=84b494a0:5772
[  248163ms] [ERROR] Unable to preventDefault inside passive event listener invocation. @ http://localhost:5173/node_modules/.vite/deps/chunk-SVG7M4VJ.js?v=84b494a0:5772
[  248184ms] [ERROR] Unable to preventDefault inside passive event listener invocation. @ http://localhost:5173/node_modules/.vite/deps/chunk-SVG7M4VJ.js?v=84b494a0:5772
[  248200ms] [ERROR] Unable to preventDefault inside passive event listener invocation. @ http://localhost:5173/node_modules/.vite/deps/chunk-SVG7M4VJ.js?v=84b494a0:5772
[  248450ms] [ERROR] Unable to preventDefault inside passive event listener invocation. @ http://localhost:5173/node_modules/.vite/deps/chunk-SVG7M4VJ.js?v=84b494a0:5772
[  248462ms] [ERROR] Unable to preventDefault inside passive event listener invocation. @ http://localhost:5173/node_modules/.vite/deps/chunk-SVG7M4VJ.js?v=84b494a0:5772
[  248473ms] [ERROR] Unable to preventDefault inside passive event listener invocation. @ http://localhost:5173/node_modules/.vite/deps/chunk-SVG7M4VJ.js?v=84b494a0:5772
[  248484ms] [ERROR] Unable to preventDefault inside passive event listener invocation. @ http://localhost:5173/node_modules/.vite/deps/chunk-SVG7M4VJ.js?v=84b494a0:5772
[  248495ms] [ERROR] Unable to preventDefault inside passive event listener invocation. @ http://localhost:5173/node_modules/.vite/deps/chunk-SVG7M4VJ.js?v=84b494a0:5772
[  248506ms] [ERROR] Unable to preventDefault inside passive event listener invocation. @ http://localhost:5173/node_modules/.vite/deps/chunk-SVG7M4VJ.js?v=84b494a0:5772
[  248518ms] [ERROR] Unable to preventDefault inside passive event listener invocation. @ http://localhost:5173/node_modules/.vite/deps/chunk-SVG7M4VJ.js?v=84b494a0:5772
[  248540ms] [ERROR] Unable to preventDefault inside passive event listener invocation. @ http://localhost:5173/node_modules/.vite/deps/chunk-SVG7M4VJ.js?v=84b494a0:5772
[  248578ms] [ERROR] Unable to preventDefault inside passive event listener invocation. @ http://localhost:5173/node_modules/.vite/deps/chunk-SVG7M4VJ.js?v=84b494a0:5772
[  248628ms] [ERROR] Unable to preventDefault inside passive event listener invocation. @ http://localhost:5173/node_modules/.vite/deps/chunk-SVG7M4VJ.js?v=84b494a0:5772
[  249925ms] [ERROR] Unable to preventDefault inside passive event listener invocation. @ http://localhost:5173/node_modules/.vite/deps/chunk-SVG7M4VJ.js?v=84b494a0:5772
[  249942ms] [ERROR] Unable to preventDefault inside passive event listener invocation. @ http://localhost:5173/node_modules/.vite/deps/chunk-SVG7M4VJ.js?v=84b494a0:5772
[  249953ms] [ERROR] Unable to preventDefault inside passive event listener invocation. @ http://localhost:5173/node_modules/.vite/deps/chunk-SVG7M4VJ.js?v=84b494a0:5772
[  249965ms] [ERROR] Unable to preventDefault inside passive event listener invocation. @ http://localhost:5173/node_modules/.vite/deps/chunk-SVG7M4VJ.js?v=84b494a0:5772
[  249976ms] [ERROR] Unable to preventDefault inside passive event listener invocation. @ http://localhost:5173/node_modules/.vite/deps/chunk-SVG7M4VJ.js?v=84b494a0:5772
[  249990ms] [ERROR] Unable to preventDefault inside passive event listener invocation. @ http://localhost:5173/node_modules/.vite/deps/chunk-SVG7M4VJ.js?v=84b494a0:5772
[  250002ms] [ERROR] Unable to preventDefault inside passive event listener invocation. @ http://localhost:5173/node_modules/.vite/deps/chunk-SVG7M4VJ.js?v=84b494a0:5772
[  250013ms] [ERROR] Unable to preventDefault inside passive event listener invocation. @ http://localhost:5173/node_modules/.vite/deps/chunk-SVG7M4VJ.js?v=84b494a0:5772
[  250024ms] [ERROR] Unable to preventDefault inside passive event listener invocation. @ http://localhost:5173/node_modules/.vite/deps/chunk-SVG7M4VJ.js?v=84b494a0:5772
[  250036ms] [ERROR] Unable to preventDefault inside passive event listener invocation. @ http://localhost:5173/node_modules/.vite/deps/chunk-SVG7M4VJ.js?v=84b494a0:5772
[  250046ms] [ERROR] Unable to preventDefault inside passive event listener invocation. @ http://localhost:5173/node_modules/.vite/deps/chunk-SVG7M4VJ.js?v=84b494a0:5772
[  250057ms] [ERROR] Unable to preventDefault inside passive event listener invocation. @ http://localhost:5173/node_modules/.vite/deps/chunk-SVG7M4VJ.js?v=84b494a0:5772
[  250069ms] [ERROR] Unable to preventDefault inside passive event listener invocation. @ http://localhost:5173/node_modules/.vite/deps/chunk-SVG7M4VJ.js?v=84b494a0:5772
[  250079ms] [ERROR] Unable to preventDefault inside passive event listener invocation. @ http://localhost:5173/node_modules/.vite/deps/chunk-SVG7M4VJ.js?v=84b494a0:5772
[  250091ms] [ERROR] Unable to preventDefault inside passive event listener invocation. @ http://localhost:5173/node_modules/.vite/deps/chunk-SVG7M4VJ.js?v=84b494a0:5772
[  250102ms] [ERROR] Unable to preventDefault inside passive event listener invocation. @ http://localhost:5173/node_modules/.vite/deps/chunk-SVG7M4VJ.js?v=84b494a0:5772
[  250112ms] [ERROR] Unable to preventDefault inside passive event listener invocation. @ http://localhost:5173/node_modules/.vite/deps/chunk-SVG7M4VJ.js?v=84b494a0:5772
[  250125ms] [ERROR] Unable to preventDefault inside passive event listener invocation. @ http://localhost:5173/node_modules/.vite/deps/chunk-SVG7M4VJ.js?v=84b494a0:5772
[  250319ms] [ERROR] Unable to preventDefault inside passive event listener invocation. @ http://localhost:5173/node_modules/.vite/deps/chunk-SVG7M4VJ.js?v=84b494a0:5772
[  250331ms] [ERROR] Unable to preventDefault inside passive event listener invocation. @ http://localhost:5173/node_modules/.vite/deps/chunk-SVG7M4VJ.js?v=84b494a0:5772
[  252819ms] [ERROR] Unable to preventDefault inside passive event listener invocation. @ http://localhost:5173/node_modules/.vite/deps/chunk-SVG7M4VJ.js?v=84b494a0:5772
[  252831ms] [ERROR] Unable to preventDefault inside passive event listener invocation. @ http://localhost:5173/node_modules/.vite/deps/chunk-SVG7M4VJ.js?v=84b494a0:5772
[  252841ms] [ERROR] Unable to preventDefault inside passive event listener invocation. @ http://localhost:5173/node_modules/.vite/deps/chunk-SVG7M4VJ.js?v=84b494a0:5772
[  252853ms] [ERROR] Unable to preventDefault inside passive event listener invocation. @ http://localhost:5173/node_modules/.vite/deps/chunk-SVG7M4VJ.js?v=84b494a0:5772
[  252863ms] [ERROR] Unable to preventDefault inside passive event listener invocation. @ http://localhost:5173/node_modules/.vite/deps/chunk-SVG7M4VJ.js?v=84b494a0:5772
[  252875ms] [ERROR] Unable to preventDefault inside passive event listener invocation. @ http://localhost:5173/node_modules/.vite/deps/chunk-SVG7M4VJ.js?v=84b494a0:5772
[  252887ms] [ERROR] Unable to preventDefault inside passive event listener invocation. @ http://localhost:5173/node_modules/.vite/deps/chunk-SVG7M4VJ.js?v=84b494a0:5772
[  252897ms] [ERROR] Unable to preventDefault inside passive event listener invocation. @ http://localhost:5173/node_modules/.vite/deps/chunk-SVG7M4VJ.js?v=84b494a0:5772
[  252908ms] [ERROR] Unable to preventDefault inside passive event listener invocation. @ http://localhost:5173/node_modules/.vite/deps/chunk-SVG7M4VJ.js?v=84b494a0:5772
[  252919ms] [ERROR] Unable to preventDefault inside passive event listener invocation. @ http://localhost:5173/node_modules/.vite/deps/chunk-SVG7M4VJ.js?v=84b494a0:5772
[  252930ms] [ERROR] Unable to preventDefault inside passive event listener invocation. @ http://localhost:5173/node_modules/.vite/deps/chunk-SVG7M4VJ.js?v=84b494a0:5772
[  252942ms] [ERROR] Unable to preventDefault inside passive event listener invocation. @ http://localhost:5173/node_modules/.vite/deps/chunk-SVG7M4VJ.js?v=84b494a0:5772
[  252963ms] [ERROR] Unable to preventDefault inside passive event listener invocation. @ http://localhost:5173/node_modules/.vite/deps/chunk-SVG7M4VJ.js?v=84b494a0:5772
[  252964ms] [ERROR] Unable to preventDefault inside passive event listener invocation. @ http://localhost:5173/node_modules/.vite/deps/chunk-SVG7M4VJ.js?v=84b494a0:5772
[  252975ms] [ERROR] Unable to preventDefault inside passive event listener invocation. @ http://localhost:5173/node_modules/.vite/deps/chunk-SVG7M4VJ.js?v=84b494a0:5772
[  252990ms] [ERROR] Unable to preventDefault inside passive event listener invocation. @ http://localhost:5173/node_modules/.vite/deps/chunk-SVG7M4VJ.js?v=84b494a0:5772
[  253000ms] [ERROR] Unable to preventDefault inside passive event listener invocation. @ http://localhost:5173/node_modules/.vite/deps/chunk-SVG7M4VJ.js?v=84b494a0:5772
[  253019ms] [ERROR] Unable to preventDefault inside passive event listener invocation. @ http://localhost:5173/node_modules/.vite/deps/chunk-SVG7M4VJ.js?v=84b494a0:5772
[  253030ms] [ERROR] Unable to preventDefault inside passive event listener invocation. @ http://localhost:5173/node_modules/.vite/deps/chunk-SVG7M4VJ.js?v=84b494a0:5772
[  253041ms] [ERROR] Unable to preventDefault inside passive event listener invocation. @ http://localhost:5173/node_modules/.vite/deps/chunk-SVG7M4VJ.js?v=84b494a0:5772
[  253052ms] [ERROR] Unable to preventDefault inside passive event listener invocation. @ http://localhost:5173/node_modules/.vite/deps/chunk-SVG7M4VJ.js?v=84b494a0:5772
[  253063ms] [ERROR] Unable to preventDefault inside passive event listener invocation. @ http://localhost:5173/node_modules/.vite/deps/chunk-SVG7M4VJ.js?v=84b494a0:5772
[  253074ms] [ERROR] Unable to preventDefault inside passive event listener invocation. @ http://localhost:5173/node_modules/.vite/deps/chunk-SVG7M4VJ.js?v=84b494a0:5772
[  253085ms] [ERROR] Unable to preventDefault inside passive event listener invocation. @ http://localhost:5173/node_modules/.vite/deps/chunk-SVG7M4VJ.js?v=84b494a0:5772
[  253097ms] [ERROR] Unable to preventDefault inside passive event listener invocation. @ http://localhost:5173/node_modules/.vite/deps/chunk-SVG7M4VJ.js?v=84b494a0:5772
[  253107ms] [ERROR] Unable to preventDefault inside passive event listener invocation. @ http://localhost:5173/node_modules/.vite/deps/chunk-SVG7M4VJ.js?v=84b494a0:5772
[  253119ms] [ERROR] Unable to preventDefault inside passive event listener invocation. @ http://localhost:5173/node_modules/.vite/deps/chunk-SVG7M4VJ.js?v=84b494a0:5772
[  253130ms] [ERROR] Unable to preventDefault inside passive event listener invocation. @ http://localhost:5173/node_modules/.vite/deps/chunk-SVG7M4VJ.js?v=84b494a0:5772
[  253141ms] [ERROR] Unable to preventDefault inside passive event listener invocation. @ http://localhost:5173/node_modules/.vite/deps/chunk-SVG7M4VJ.js?v=84b494a0:5772
[  253152ms] [ERROR] Unable to preventDefault inside passive event listener invocation. @ http://localhost:5173/node_modules/.vite/deps/chunk-SVG7M4VJ.js?v=84b494a0:5772
[  253163ms] [ERROR] Unable to preventDefault inside passive event listener invocation. @ http://localhost:5173/node_modules/.vite/deps/chunk-SVG7M4VJ.js?v=84b494a0:5772
[  253174ms] [ERROR] Unable to preventDefault inside passive event listener invocation. @ http://localhost:5173/node_modules/.vite/deps/chunk-SVG7M4VJ.js?v=84b494a0:5772
[  253185ms] [ERROR] Unable to preventDefault inside passive event listener invocation. @ http://localhost:5173/node_modules/.vite/deps/chunk-SVG7M4VJ.js?v=84b494a0:5772
[  253196ms] [ERROR] Unable to preventDefault inside passive event listener invocation. @ http://localhost:5173/node_modules/.vite/deps/chunk-SVG7M4VJ.js?v=84b494a0:5772
[  253207ms] [ERROR] Unable to preventDefault inside passive event listener invocation. @ http://localhost:5173/node_modules/.vite/deps/chunk-SVG7M4VJ.js?v=84b494a0:5772
[  253219ms] [ERROR] Unable to preventDefault inside passive event listener invocation. @ http://localhost:5173/node_modules/.vite/deps/chunk-SVG7M4VJ.js?v=84b494a0:5772
[  253230ms] [ERROR] Unable to preventDefault inside passive event listener invocation. @ http://localhost:5173/node_modules/.vite/deps/chunk-SVG7M4VJ.js?v=84b494a0:5772
[  253241ms] [ERROR] Unable to preventDefault inside passive event listener invocation. @ http://localhost:5173/node_modules/.vite/deps/chunk-SVG7M4VJ.js?v=84b494a0:5772
[  253252ms] [ERROR] Unable to preventDefault inside passive event listener invocation. @ http://localhost:5173/node_modules/.vite/deps/chunk-SVG7M4VJ.js?v=84b494a0:5772
[  253263ms] [ERROR] Unable to preventDefault inside passive event listener invocation. @ http://localhost:5173/node_modules/.vite/deps/chunk-SVG7M4VJ.js?v=84b494a0:5772
[  253274ms] [ERROR] Unable to preventDefault inside passive event listener invocation. @ http://localhost:5173/node_modules/.vite/deps/chunk-SVG7M4VJ.js?v=84b494a0:5772
[  253285ms] [ERROR] Unable to preventDefault inside passive event listener invocation. @ http://localhost:5173/node_modules/.vite/deps/chunk-SVG7M4VJ.js?v=84b494a0:5772
[  253296ms] [ERROR] Unable to preventDefault inside passive event listener invocation. @ http://localhost:5173/node_modules/.vite/deps/chunk-SVG7M4VJ.js?v=84b494a0:5772
[  253307ms] [ERROR] Unable to preventDefault inside passive event listener invocation. @ http://localhost:5173/node_modules/.vite/deps/chunk-SVG7M4VJ.js?v=84b494a0:5772
[  253318ms] [ERROR] Unable to preventDefault inside passive event listener invocation. @ http://localhost:5173/node_modules/.vite/deps/chunk-SVG7M4VJ.js?v=84b494a0:5772
[  253330ms] [ERROR] Unable to preventDefault inside passive event listener invocation. @ http://localhost:5173/node_modules/.vite/deps/chunk-SVG7M4VJ.js?v=84b494a0:5772
[  253341ms] [ERROR] Unable to preventDefault inside passive event listener invocation. @ http://localhost:5173/node_modules/.vite/deps/chunk-SVG7M4VJ.js?v=84b494a0:5772
[  253352ms] [ERROR] Unable to preventDefault inside passive event listener invocation. @ http://localhost:5173/node_modules/.vite/deps/chunk-SVG7M4VJ.js?v=84b494a0:5772
[  253363ms] [ERROR] Unable to preventDefault inside passive event listener invocation. @ http://localhost:5173/node_modules/.vite/deps/chunk-SVG7M4VJ.js?v=84b494a0:5772
[  253374ms] [ERROR] Unable to preventDefault inside passive event listener invocation. @ http://localhost:5173/node_modules/.vite/deps/chunk-SVG7M4VJ.js?v=84b494a0:5772
[  253385ms] [ERROR] Unable to preventDefault inside passive event listener invocation. @ http://localhost:5173/node_modules/.vite/deps/chunk-SVG7M4VJ.js?v=84b494a0:5772
[  253396ms] [ERROR] Unable to preventDefault inside passive event listener invocation. @ http://localhost:5173/node_modules/.vite/deps/chunk-SVG7M4VJ.js?v=84b494a0:5772
[  253407ms] [ERROR] Unable to preventDefault inside passive event listener invocation. @ http://localhost:5173/node_modules/.vite/deps/chunk-SVG7M4VJ.js?v=84b494a0:5772
[  253419ms] [ERROR] Unable to preventDefault inside passive event listener invocation. @ http://localhost:5173/node_modules/.vite/deps/chunk-SVG7M4VJ.js?v=84b494a0:5772
[  253430ms] [ERROR] Unable to preventDefault inside passive event listener invocation. @ http://localhost:5173/node_modules/.vite/deps/chunk-SVG7M4VJ.js?v=84b494a0:5772
[  253441ms] [ERROR] Unable to preventDefault inside passive event listener invocation. @ http://localhost:5173/node_modules/.vite/deps/chunk-SVG7M4VJ.js?v=84b494a0:5772
[  253452ms] [ERROR] Unable to preventDefault inside passive event listener invocation. @ http://localhost:5173/node_modules/.vite/deps/chunk-SVG7M4VJ.js?v=84b494a0:5772
[  253463ms] [ERROR] Unable to preventDefault inside passive event listener invocation. @ http://localhost:5173/node_modules/.vite/deps/chunk-SVG7M4VJ.js?v=84b494a0:5772
[  254559ms] [ERROR] Unable to preventDefault inside passive event listener invocation. @ http://localhost:5173/node_modules/.vite/deps/chunk-SVG7M4VJ.js?v=84b494a0:5772
[  254570ms] [ERROR] Unable to preventDefault inside passive event listener invocation. @ http://localhost:5173/node_modules/.vite/deps/chunk-SVG7M4VJ.js?v=84b494a0:5772
[  254581ms] [ERROR] Unable to preventDefault inside passive event listener invocation. @ http://localhost:5173/node_modules/.vite/deps/chunk-SVG7M4VJ.js?v=84b494a0:5772
[  254593ms] [ERROR] Unable to preventDefault inside passive event listener invocation. @ http://localhost:5173/node_modules/.vite/deps/chunk-SVG7M4VJ.js?v=84b494a0:5772
[  254605ms] [ERROR] Unable to preventDefault inside passive event listener invocation. @ http://localhost:5173/node_modules/.vite/deps/chunk-SVG7M4VJ.js?v=84b494a0:5772
[  254615ms] [ERROR] Unable to preventDefault inside passive event listener invocation. @ http://localhost:5173/node_modules/.vite/deps/chunk-SVG7M4VJ.js?v=84b494a0:5772
[  254626ms] [ERROR] Unable to preventDefault inside passive event listener invocation. @ http://localhost:5173/node_modules/.vite/deps/chunk-SVG7M4VJ.js?v=84b494a0:5772
[  254637ms] [ERROR] Unable to preventDefault inside passive event listener invocation. @ http://localhost:5173/node_modules/.vite/deps/chunk-SVG7M4VJ.js?v=84b494a0:5772
[  254649ms] [ERROR] Unable to preventDefault inside passive event listener invocation. @ http://localhost:5173/node_modules/.vite/deps/chunk-SVG7M4VJ.js?v=84b494a0:5772
[  254660ms] [ERROR] Unable to preventDefault inside passive event listener invocation. @ http://localhost:5173/node_modules/.vite/deps/chunk-SVG7M4VJ.js?v=84b494a0:5772
[  254670ms] [ERROR] Unable to preventDefault inside passive event listener invocation. @ http://localhost:5173/node_modules/.vite/deps/chunk-SVG7M4VJ.js?v=84b494a0:5772
[  254681ms] [ERROR] Unable to preventDefault inside passive event listener invocation. @ http://localhost:5173/node_modules/.vite/deps/chunk-SVG7M4VJ.js?v=84b494a0:5772
[  254703ms] [ERROR] Unable to preventDefault inside passive event listener invocation. @ http://localhost:5173/node_modules/.vite/deps/chunk-SVG7M4VJ.js?v=84b494a0:5772
[  254704ms] [ERROR] Unable to preventDefault inside passive event listener invocation. @ http://localhost:5173/node_modules/.vite/deps/chunk-SVG7M4VJ.js?v=84b494a0:5772
[  254715ms] [ERROR] Unable to preventDefault inside passive event listener invocation. @ http://localhost:5173/node_modules/.vite/deps/chunk-SVG7M4VJ.js?v=84b494a0:5772
[  254726ms] [ERROR] Unable to preventDefault inside passive event listener invocation. @ http://localhost:5173/node_modules/.vite/deps/chunk-SVG7M4VJ.js?v=84b494a0:5772
[  254737ms] [ERROR] Unable to preventDefault inside passive event listener invocation. @ http://localhost:5173/node_modules/.vite/deps/chunk-SVG7M4VJ.js?v=84b494a0:5772
[  254748ms] [ERROR] Unable to preventDefault inside passive event listener invocation. @ http://localhost:5173/node_modules/.vite/deps/chunk-SVG7M4VJ.js?v=84b494a0:5772
[  254760ms] [ERROR] Unable to preventDefault inside passive event listener invocation. @ http://localhost:5173/node_modules/.vite/deps/chunk-SVG7M4VJ.js?v=84b494a0:5772
[  254770ms] [ERROR] Unable to preventDefault inside passive event listener invocation. @ http://localhost:5173/node_modules/.vite/deps/chunk-SVG7M4VJ.js?v=84b494a0:5772
[  254781ms] [ERROR] Unable to preventDefault inside passive event listener invocation. @ http://localhost:5173/node_modules/.vite/deps/chunk-SVG7M4VJ.js?v=84b494a0:5772
[  254794ms] [ERROR] Unable to preventDefault inside passive event listener invocation. @ http://localhost:5173/node_modules/.vite/deps/chunk-SVG7M4VJ.js?v=84b494a0:5772
[  254804ms] [ERROR] Unable to preventDefault inside passive event listener invocation. @ http://localhost:5173/node_modules/.vite/deps/chunk-SVG7M4VJ.js?v=84b494a0:5772
[  254815ms] [ERROR] Unable to preventDefault inside passive event listener invocation. @ http://localhost:5173/node_modules/.vite/deps/chunk-SVG7M4VJ.js?v=84b494a0:5772
[  254826ms] [ERROR] Unable to preventDefault inside passive event listener invocation. @ http://localhost:5173/node_modules/.vite/deps/chunk-SVG7M4VJ.js?v=84b494a0:5772
[  254840ms] [ERROR] Unable to preventDefault inside passive event listener invocation. @ http://localhost:5173/node_modules/.vite/deps/chunk-SVG7M4VJ.js?v=84b494a0:5772
[  254851ms] [ERROR] Unable to preventDefault inside passive event listener invocation. @ http://localhost:5173/node_modules/.vite/deps/chunk-SVG7M4VJ.js?v=84b494a0:5772
[  254863ms] [ERROR] Unable to preventDefault inside passive event listener invocation. @ http://localhost:5173/node_modules/.vite/deps/chunk-SVG7M4VJ.js?v=84b494a0:5772
[  254874ms] [ERROR] Unable to preventDefault inside passive event listener invocation. @ http://localhost:5173/node_modules/.vite/deps/chunk-SVG7M4VJ.js?v=84b494a0:5772
[  254885ms] [ERROR] Unable to preventDefault inside passive event listener invocation. @ http://localhost:5173/node_modules/.vite/deps/chunk-SVG7M4VJ.js?v=84b494a0:5772
[  254896ms] [ERROR] Unable to preventDefault inside passive event listener invocation. @ http://localhost:5173/node_modules/.vite/deps/chunk-SVG7M4VJ.js?v=84b494a0:5772
[  254908ms] [ERROR] Unable to preventDefault inside passive event listener invocation. @ http://localhost:5173/node_modules/.vite/deps/chunk-SVG7M4VJ.js?v=84b494a0:5772
[  254918ms] [ERROR] Unable to preventDefault inside passive event listener invocation. @ http://localhost:5173/node_modules/.vite/deps/chunk-SVG7M4VJ.js?v=84b494a0:5772
[  254930ms] [ERROR] Unable to preventDefault inside passive event listener invocation. @ http://localhost:5173/node_modules/.vite/deps/chunk-SVG7M4VJ.js?v=84b494a0:5772
[  254941ms] [ERROR] Unable to preventDefault inside passive event listener invocation. @ http://localhost:5173/node_modules/.vite/deps/chunk-SVG7M4VJ.js?v=84b494a0:5772
[  254951ms] [ERROR] Unable to preventDefault inside passive event listener invocation. @ http://localhost:5173/node_modules/.vite/deps/chunk-SVG7M4VJ.js?v=84b494a0:5772
[  254963ms] [ERROR] Unable to preventDefault inside passive event listener invocation. @ http://localhost:5173/node_modules/.vite/deps/chunk-SVG7M4VJ.js?v=84b494a0:5772
[  254975ms] [ERROR] Unable to preventDefault inside passive event listener invocation. @ http://localhost:5173/node_modules/.vite/deps/chunk-SVG7M4VJ.js?v=84b494a0:5772
[  254985ms] [ERROR] Unable to preventDefault inside passive event listener invocation. @ http://localhost:5173/node_modules/.vite/deps/chunk-SVG7M4VJ.js?v=84b494a0:5772
[  254996ms] [ERROR] Unable to preventDefault inside passive event listener invocation. @ http://localhost:5173/node_modules/.vite/deps/chunk-SVG7M4VJ.js?v=84b494a0:5772
[  255008ms] [ERROR] Unable to preventDefault inside passive event listener invocation. @ http://localhost:5173/node_modules/.vite/deps/chunk-SVG7M4VJ.js?v=84b494a0:5772
[  255018ms] [ERROR] Unable to preventDefault inside passive event listener invocation. @ http://localhost:5173/node_modules/.vite/deps/chunk-SVG7M4VJ.js?v=84b494a0:5772
[  255029ms] [ERROR] Unable to preventDefault inside passive event listener invocation. @ http://localhost:5173/node_modules/.vite/deps/chunk-SVG7M4VJ.js?v=84b494a0:5772
[  255041ms] [ERROR] Unable to preventDefault inside passive event listener invocation. @ http://localhost:5173/node_modules/.vite/deps/chunk-SVG7M4VJ.js?v=84b494a0:5772
[  255053ms] [ERROR] Unable to preventDefault inside passive event listener invocation. @ http://localhost:5173/node_modules/.vite/deps/chunk-SVG7M4VJ.js?v=84b494a0:5772
[  255063ms] [ERROR] Unable to preventDefault inside passive event listener invocation. @ http://localhost:5173/node_modules/.vite/deps/chunk-SVG7M4VJ.js?v=84b494a0:5772
[  255074ms] [ERROR] Unable to preventDefault inside passive event listener invocation. @ http://localhost:5173/node_modules/.vite/deps/chunk-SVG7M4VJ.js?v=84b494a0:5772
[  255086ms] [ERROR] Unable to preventDefault inside passive event listener invocation. @ http://localhost:5173/node_modules/.vite/deps/chunk-SVG7M4VJ.js?v=84b494a0:5772
[  255096ms] [ERROR] Unable to preventDefault inside passive event listener invocation. @ http://localhost:5173/node_modules/.vite/deps/chunk-SVG7M4VJ.js?v=84b494a0:5772
[  255108ms] [ERROR] Unable to preventDefault inside passive event listener invocation. @ http://localhost:5173/node_modules/.vite/deps/chunk-SVG7M4VJ.js?v=84b494a0:5772
[  255119ms] [ERROR] Unable to preventDefault inside passive event listener invocation. @ http://localhost:5173/node_modules/.vite/deps/chunk-SVG7M4VJ.js?v=84b494a0:5772
[  255130ms] [ERROR] Unable to preventDefault inside passive event listener invocation. @ http://localhost:5173/node_modules/.vite/deps/chunk-SVG7M4VJ.js?v=84b494a0:5772
[  255141ms] [ERROR] Unable to preventDefault inside passive event listener invocation. @ http://localhost:5173/node_modules/.vite/deps/chunk-SVG7M4VJ.js?v=84b494a0:5772
[  255151ms] [ERROR] Unable to preventDefault inside passive event listener invocation. @ http://localhost:5173/node_modules/.vite/deps/chunk-SVG7M4VJ.js?v=84b494a0:5772
[  255162ms] [ERROR] Unable to preventDefault inside passive event listener invocation. @ http://localhost:5173/node_modules/.vite/deps/chunk-SVG7M4VJ.js?v=84b494a0:5772
[  255173ms] [ERROR] Unable to preventDefault inside passive event listener invocation. @ http://localhost:5173/node_modules/.vite/deps/chunk-SVG7M4VJ.js?v=84b494a0:5772
[  255185ms] [ERROR] Unable to preventDefault inside passive event listener invocation. @ http://localhost:5173/node_modules/.vite/deps/chunk-SVG7M4VJ.js?v=84b494a0:5772
[  255197ms] [ERROR] Unable to preventDefault inside passive event listener invocation. @ http://localhost:5173/node_modules/.vite/deps/chunk-SVG7M4VJ.js?v=84b494a0:5772
[  255208ms] [ERROR] Unable to preventDefault inside passive event listener invocation. @ http://localhost:5173/node_modules/.vite/deps/chunk-SVG7M4VJ.js?v=84b494a0:5772
[  255219ms] [ERROR] Unable to preventDefault inside passive event listener invocation. @ http://localhost:5173/node_modules/.vite/deps/chunk-SVG7M4VJ.js?v=84b494a0:5772
[  255229ms] [ERROR] Unable to preventDefault inside passive event listener invocation. @ http://localhost:5173/node_modules/.vite/deps/chunk-SVG7M4VJ.js?v=84b494a0:5772
[  255241ms] [ERROR] Unable to preventDefault inside passive event listener invocation. @ http://localhost:5173/node_modules/.vite/deps/chunk-SVG7M4VJ.js?v=84b494a0:5772
[  255252ms] [ERROR] Unable to preventDefault inside passive event listener invocation. @ http://localhost:5173/node_modules/.vite/deps/chunk-SVG7M4VJ.js?v=84b494a0:5772
[  255264ms] [ERROR] Unable to preventDefault inside passive event listener invocation. @ http://localhost:5173/node_modules/.vite/deps/chunk-SVG7M4VJ.js?v=84b494a0:5772
[  255275ms] [ERROR] Unable to preventDefault inside passive event listener invocation. @ http://localhost:5173/node_modules/.vite/deps/chunk-SVG7M4VJ.js?v=84b494a0:5772
[  255285ms] [ERROR] Unable to preventDefault inside passive event listener invocation. @ http://localhost:5173/node_modules/.vite/deps/chunk-SVG7M4VJ.js?v=84b494a0:5772
[  255296ms] [ERROR] Unable to preventDefault inside passive event listener invocation. @ http://localhost:5173/node_modules/.vite/deps/chunk-SVG7M4VJ.js?v=84b494a0:5772
[  255308ms] [ERROR] Unable to preventDefault inside passive event listener invocation. @ http://localhost:5173/node_modules/.vite/deps/chunk-SVG7M4VJ.js?v=84b494a0:5772
[  255319ms] [ERROR] Unable to preventDefault inside passive event listener invocation. @ http://localhost:5173/node_modules/.vite/deps/chunk-SVG7M4VJ.js?v=84b494a0:5772
[  255331ms] [ERROR] Unable to preventDefault inside passive event listener invocation. @ http://localhost:5173/node_modules/.vite/deps/chunk-SVG7M4VJ.js?v=84b494a0:5772
[  255351ms] [ERROR] Unable to preventDefault inside passive event listener invocation. @ http://localhost:5173/node_modules/.vite/deps/chunk-SVG7M4VJ.js?v=84b494a0:5772
[  255363ms] [ERROR] Unable to preventDefault inside passive event listener invocation. @ http://localhost:5173/node_modules/.vite/deps/chunk-SVG7M4VJ.js?v=84b494a0:5772
[  255374ms] [ERROR] Unable to preventDefault inside passive event listener invocation. @ http://localhost:5173/node_modules/.vite/deps/chunk-SVG7M4VJ.js?v=84b494a0:5772
[  255396ms] [ERROR] Unable to preventDefault inside passive event listener invocation. @ http://localhost:5173/node_modules/.vite/deps/chunk-SVG7M4VJ.js?v=84b494a0:5772
[  255408ms] [ERROR] Unable to preventDefault inside passive event listener invocation. @ http://localhost:5173/node_modules/.vite/deps/chunk-SVG7M4VJ.js?v=84b494a0:5772
[  255429ms] [ERROR] Unable to preventDefault inside passive event listener invocation. @ http://localhost:5173/node_modules/.vite/deps/chunk-SVG7M4VJ.js?v=84b494a0:5772
[  255441ms] [ERROR] Unable to preventDefault inside passive event listener invocation. @ http://localhost:5173/node_modules/.vite/deps/chunk-SVG7M4VJ.js?v=84b494a0:5772
[  255464ms] [ERROR] Unable to preventDefault inside passive event listener invocation. @ http://localhost:5173/node_modules/.vite/deps/chunk-SVG7M4VJ.js?v=84b494a0:5772
[  255485ms] [ERROR] Unable to preventDefault inside passive event listener invocation. @ http://localhost:5173/node_modules/.vite/deps/chunk-SVG7M4VJ.js?v=84b494a0:5772
[  255507ms] [ERROR] Unable to preventDefault inside passive event listener invocation. @ http://localhost:5173/node_modules/.vite/deps/chunk-SVG7M4VJ.js?v=84b494a0:5772
[  255529ms] [ERROR] Unable to preventDefault inside passive event listener invocation. @ http://localhost:5173/node_modules/.vite/deps/chunk-SVG7M4VJ.js?v=84b494a0:5772
[  255552ms] [ERROR] Unable to preventDefault inside passive event listener invocation. @ http://localhost:5173/node_modules/.vite/deps/chunk-SVG7M4VJ.js?v=84b494a0:5772
[  255574ms] [ERROR] Unable to preventDefault inside passive event listener invocation. @ http://localhost:5173/node_modules/.vite/deps/chunk-SVG7M4VJ.js?v=84b494a0:5772
[  255595ms] [ERROR] Unable to preventDefault inside passive event listener invocation. @ http://localhost:5173/node_modules/.vite/deps/chunk-SVG7M4VJ.js?v=84b494a0:5772
[  255630ms] [ERROR] Unable to preventDefault inside passive event listener invocation. @ http://localhost:5173/node_modules/.vite/deps/chunk-SVG7M4VJ.js?v=84b494a0:5772
