[     360ms] [INFO] %cDownload the React DevTools for a better development experience: https://reactjs.org/link/react-devtools font-weight:bold @ http://localhost:5173/node_modules/.vite/deps/chunk-SVG7M4VJ.js?v=84b494a0:21606
[     424ms] [WARNING] %cElectron Security Warning (Disabled webSecurity) font-weight: bold; This renderer process has "webSecurity" disabled. This
  exposes users of this app to severe security risks.

For more information and help, consult
https://electronjs.org/docs/tutorial/security.
This warning will not show up
once the app is packaged. @ node:electron/js2c/sandbox_bundle:1
[     424ms] [WARNING] %cElectron Security Warning (allowRunningInsecureContent) font-weight: bold; This renderer process has "allowRunningInsecureContent"
  enabled. This exposes users of this app to severe security risks.

  
For more information and help, consult
https://electronjs.org/docs/tutorial/security.
This warning will not show up
once the app is packaged. @ node:electron/js2c/sandbox_bundle:1
[  282311ms] [LOG] [DBG audio] start fetch minke-whale-balaenoptera-acutorostrata.wav @ http://localhost:5173/spectrogram/SpectrogramProvider.tsx?t=1778853471459:118
[  282319ms] [LOG] [DBG audio] start fetch sei-whale-balaenoptera-borealis.wav @ http://localhost:5173/spectrogram/SpectrogramProvider.tsx?t=1778853471459:118
[  282322ms] [LOG] [DBG audio] start fetch fin-whale-balaenoptera physalus.wav @ http://localhost:5173/spectrogram/SpectrogramProvider.tsx?t=1778853471459:118
[  282326ms] [LOG] [DBG audio] start fetch pilot-whale-globicephala-spp.wav @ http://localhost:5173/spectrogram/SpectrogramProvider.tsx?t=1778853471459:118
[  282329ms] [LOG] [DBG audio] start fetch north-atlantic-right-whale-eubalaena-glacialis-1.wav @ http://localhost:5173/spectrogram/SpectrogramProvider.tsx?t=1778853471459:118
[  282338ms] [LOG] [DBG audio] start fetch blue-whale-balaenoptera-musculus.wav @ http://localhost:5173/spectrogram/SpectrogramProvider.tsx?t=1778853471459:118
[  282340ms] [LOG] [DBG audio] start fetch northern-bottlenose-whale-hyperoodon-ampullatus.wav @ http://localhost:5173/spectrogram/SpectrogramProvider.tsx?t=1778853471459:118
[  282346ms] [LOG] [DBG audio] start fetch killer-whale-orcinus-orca.wav @ http://localhost:5173/spectrogram/SpectrogramProvider.tsx?t=1778853471459:118
[  282349ms] [LOG] [DBG audio] start fetch north-atlantic-right-whale-eubalaena-glacialis-2.wav @ http://localhost:5173/spectrogram/SpectrogramProvider.tsx?t=1778853471459:118
[  282352ms] [LOG] [DBG audio] start fetch sperm-whale-physeter-macrocephalus.wav @ http://localhost:5173/spectrogram/SpectrogramProvider.tsx?t=1778853471459:118
[  282359ms] [LOG] [DBG audio] start fetch humpback-whale-megaptera-novaeangliae.wav @ http://localhost:5173/spectrogram/SpectrogramProvider.tsx?t=1778853471459:118
[  282390ms] [LOG] [DBG audio] fetched minke-whale-balaenoptera-acutorostrata.wav ok= true @ http://localhost:5173/spectrogram/SpectrogramProvider.tsx?t=1778853471459:121
[  282391ms] [LOG] [DBG audio] fetched sei-whale-balaenoptera-borealis.wav ok= true @ http://localhost:5173/spectrogram/SpectrogramProvider.tsx?t=1778853471459:121
[  282391ms] [LOG] [DBG audio] fetched fin-whale-balaenoptera physalus.wav ok= true @ http://localhost:5173/spectrogram/SpectrogramProvider.tsx?t=1778853471459:121
[  282392ms] [LOG] [DBG audio] fetched pilot-whale-globicephala-spp.wav ok= true @ http://localhost:5173/spectrogram/SpectrogramProvider.tsx?t=1778853471459:121
[  282394ms] [LOG] [DBG audio] fetched north-atlantic-right-whale-eubalaena-glacialis-1.wav ok= true @ http://localhost:5173/spectrogram/SpectrogramProvider.tsx?t=1778853471459:121
[  282395ms] [LOG] [DBG audio] fetched northern-bottlenose-whale-hyperoodon-ampullatus.wav ok= true @ http://localhost:5173/spectrogram/SpectrogramProvider.tsx?t=1778853471459:121
[  282395ms] [LOG] [DBG audio] fetched blue-whale-balaenoptera-musculus.wav ok= true @ http://localhost:5173/spectrogram/SpectrogramProvider.tsx?t=1778853471459:121
[  282398ms] [LOG] [DBG audio] fetched killer-whale-orcinus-orca.wav ok= true @ http://localhost:5173/spectrogram/SpectrogramProvider.tsx?t=1778853471459:121
[  282399ms] [LOG] [DBG audio] fetched north-atlantic-right-whale-eubalaena-glacialis-2.wav ok= true @ http://localhost:5173/spectrogram/SpectrogramProvider.tsx?t=1778853471459:121
[  282401ms] [LOG] [DBG audio] fetched sperm-whale-physeter-macrocephalus.wav ok= true @ http://localhost:5173/spectrogram/SpectrogramProvider.tsx?t=1778853471459:121
[  282403ms] [LOG] [DBG audio] fetched humpback-whale-megaptera-novaeangliae.wav ok= true @ http://localhost:5173/spectrogram/SpectrogramProvider.tsx?t=1778853471459:121
[  282547ms] [LOG] [DBG audio] arrayBuffer minke-whale-balaenoptera-acutorostrata.wav bytes= 619732 cancelled= false @ http://localhost:5173/spectrogram/SpectrogramProvider.tsx?t=1778853471459:126
[  282600ms] [LOG] [DBG audio] AudioContext created minke-whale-balaenoptera-acutorostrata.wav state= running @ http://localhost:5173/spectrogram/SpectrogramProvider.tsx?t=1778853471459:129
[  282600ms] [LOG] [DBG audio] arrayBuffer sei-whale-balaenoptera-borealis.wav bytes= 127676 cancelled= false @ http://localhost:5173/spectrogram/SpectrogramProvider.tsx?t=1778853471459:126
[  282601ms] [LOG] [DBG audio] AudioContext created sei-whale-balaenoptera-borealis.wav state= running @ http://localhost:5173/spectrogram/SpectrogramProvider.tsx?t=1778853471459:129
[  282601ms] [LOG] [DBG audio] arrayBuffer fin-whale-balaenoptera physalus.wav bytes= 221548 cancelled= false @ http://localhost:5173/spectrogram/SpectrogramProvider.tsx?t=1778853471459:126
[  282601ms] [LOG] [DBG audio] AudioContext created fin-whale-balaenoptera physalus.wav state= running @ http://localhost:5173/spectrogram/SpectrogramProvider.tsx?t=1778853471459:129
[  282602ms] [LOG] [DBG audio] arrayBuffer pilot-whale-globicephala-spp.wav bytes= 1313154 cancelled= false @ http://localhost:5173/spectrogram/SpectrogramProvider.tsx?t=1778853471459:126
[  282603ms] [LOG] [DBG audio] AudioContext created pilot-whale-globicephala-spp.wav state= running @ http://localhost:5173/spectrogram/SpectrogramProvider.tsx?t=1778853471459:129
[  282603ms] [LOG] [DBG audio] arrayBuffer north-atlantic-right-whale-eubalaena-glacialis-1.wav bytes= 209428 cancelled= false @ http://localhost:5173/spectrogram/SpectrogramProvider.tsx?t=1778853471459:126
[  282604ms] [LOG] [DBG audio] AudioContext created north-atlantic-right-whale-eubalaena-glacialis-1.wav state= running @ http://localhost:5173/spectrogram/SpectrogramProvider.tsx?t=1778853471459:129
[  282604ms] [LOG] [DBG audio] arrayBuffer northern-bottlenose-whale-hyperoodon-ampullatus.wav bytes= 566344 cancelled= false @ http://localhost:5173/spectrogram/SpectrogramProvider.tsx?t=1778853471459:126
[  282604ms] [LOG] [DBG audio] AudioContext created northern-bottlenose-whale-hyperoodon-ampullatus.wav state= running @ http://localhost:5173/spectrogram/SpectrogramProvider.tsx?t=1778853471459:129
[  282604ms] [LOG] [DBG audio] arrayBuffer blue-whale-balaenoptera-musculus.wav bytes= 1487500 cancelled= false @ http://localhost:5173/spectrogram/SpectrogramProvider.tsx?t=1778853471459:126
[  282605ms] [LOG] [DBG audio] AudioContext created blue-whale-balaenoptera-musculus.wav state= running @ http://localhost:5173/spectrogram/SpectrogramProvider.tsx?t=1778853471459:129
[  282624ms] [LOG] [DBG audio] arrayBuffer north-atlantic-right-whale-eubalaena-glacialis-2.wav bytes= 425708 cancelled= false @ http://localhost:5173/spectrogram/SpectrogramProvider.tsx?t=1778853471459:126
[  282624ms] [LOG] [DBG audio] AudioContext created north-atlantic-right-whale-eubalaena-glacialis-2.wav state= running @ http://localhost:5173/spectrogram/SpectrogramProvider.tsx?t=1778853471459:129
[  282624ms] [LOG] [DBG audio] arrayBuffer sperm-whale-physeter-macrocephalus.wav bytes= 611836 cancelled= false @ http://localhost:5173/spectrogram/SpectrogramProvider.tsx?t=1778853471459:126
[  282625ms] [LOG] [DBG audio] AudioContext created sperm-whale-physeter-macrocephalus.wav state= running @ http://localhost:5173/spectrogram/SpectrogramProvider.tsx?t=1778853471459:129
[  282625ms] [LOG] [DBG audio] arrayBuffer humpback-whale-megaptera-novaeangliae.wav bytes= 873372 cancelled= false @ http://localhost:5173/spectrogram/SpectrogramProvider.tsx?t=1778853471459:126
[  282626ms] [LOG] [DBG audio] AudioContext created humpback-whale-megaptera-novaeangliae.wav state= running @ http://localhost:5173/spectrogram/SpectrogramProvider.tsx?t=1778853471459:129
[  282643ms] [LOG] [DBG audio] arrayBuffer killer-whale-orcinus-orca.wav bytes= 4718730 cancelled= false @ http://localhost:5173/spectrogram/SpectrogramProvider.tsx?t=1778853471459:126
[  282644ms] [LOG] [DBG audio] AudioContext created killer-whale-orcinus-orca.wav state= running @ http://localhost:5173/spectrogram/SpectrogramProvider.tsx?t=1778853471459:129
[  282647ms] [LOG] [DBG audio] decoded sperm-whale-physeter-macrocephalus.wav sr= 48000 len= 305896 cancelled= false @ http://localhost:5173/spectrogram/SpectrogramProvider.tsx?t=1778853471459:131
[  282647ms] [LOG] [DBG audio] setAudioSamples called sperm-whale-physeter-macrocephalus.wav samples= 305896 @ http://localhost:5173/spectrogram/SpectrogramProvider.tsx?t=1778853471459:136
[  282648ms] [LOG] [DBG audio] closing AudioContext sperm-whale-physeter-macrocephalus.wav @ http://localhost:5173/spectrogram/SpectrogramProvider.tsx?t=1778853471459:141
[  282650ms] [LOG] [DBG audio] decoded northern-bottlenose-whale-hyperoodon-ampullatus.wav sr= 48000 len= 283150 cancelled= false @ http://localhost:5173/spectrogram/SpectrogramProvider.tsx?t=1778853471459:131
[  282651ms] [LOG] [DBG audio] setAudioSamples called northern-bottlenose-whale-hyperoodon-ampullatus.wav samples= 283150 @ http://localhost:5173/spectrogram/SpectrogramProvider.tsx?t=1778853471459:136
[  282651ms] [LOG] [DBG audio] closing AudioContext northern-bottlenose-whale-hyperoodon-ampullatus.wav @ http://localhost:5173/spectrogram/SpectrogramProvider.tsx?t=1778853471459:141
[  282680ms] [LOG] [DBG audio] decoded sei-whale-balaenoptera-borealis.wav sr= 48000 len= 382896 cancelled= false @ http://localhost:5173/spectrogram/SpectrogramProvider.tsx?t=1778853471459:131
[  282681ms] [LOG] [DBG audio] setAudioSamples called sei-whale-balaenoptera-borealis.wav samples= 382896 @ http://localhost:5173/spectrogram/SpectrogramProvider.tsx?t=1778853471459:136
[  282681ms] [LOG] [DBG audio] closing AudioContext sei-whale-balaenoptera-borealis.wav @ http://localhost:5173/spectrogram/SpectrogramProvider.tsx?t=1778853471459:141
[  282682ms] [LOG] [DBG audio] decoded north-atlantic-right-whale-eubalaena-glacialis-1.wav sr= 48000 len= 628152 cancelled= false @ http://localhost:5173/spectrogram/SpectrogramProvider.tsx?t=1778853471459:131
[  282682ms] [LOG] [DBG audio] setAudioSamples called north-atlantic-right-whale-eubalaena-glacialis-1.wav samples= 628152 @ http://localhost:5173/spectrogram/SpectrogramProvider.tsx?t=1778853471459:136
[  282683ms] [LOG] [DBG audio] closing AudioContext north-atlantic-right-whale-eubalaena-glacialis-1.wav @ http://localhost:5173/spectrogram/SpectrogramProvider.tsx?t=1778853471459:141
[  282705ms] [LOG] [DBG audio] decoded fin-whale-balaenoptera physalus.wav sr= 48000 len= 664512 cancelled= false @ http://localhost:5173/spectrogram/SpectrogramProvider.tsx?t=1778853471459:131
[  282705ms] [LOG] [DBG audio] setAudioSamples called fin-whale-balaenoptera physalus.wav samples= 664512 @ http://localhost:5173/spectrogram/SpectrogramProvider.tsx?t=1778853471459:136
[  282705ms] [LOG] [DBG audio] closing AudioContext fin-whale-balaenoptera physalus.wav @ http://localhost:5173/spectrogram/SpectrogramProvider.tsx?t=1778853471459:141
[  282799ms] [LOG] [DBG audio] decoded north-atlantic-right-whale-eubalaena-glacialis-2.wav sr= 48000 len= 1276992 cancelled= false @ http://localhost:5173/spectrogram/SpectrogramProvider.tsx?t=1778853471459:131
[  282800ms] [LOG] [DBG audio] setAudioSamples called north-atlantic-right-whale-eubalaena-glacialis-2.wav samples= 1276992 @ http://localhost:5173/spectrogram/SpectrogramProvider.tsx?t=1778853471459:136
[  282800ms] [LOG] [DBG audio] closing AudioContext north-atlantic-right-whale-eubalaena-glacialis-2.wav @ http://localhost:5173/spectrogram/SpectrogramProvider.tsx?t=1778853471459:141
[  282827ms] [LOG] [DBG audio] decoded pilot-whale-globicephala-spp.wav sr= 48000 len= 1429235 cancelled= false @ http://localhost:5173/spectrogram/SpectrogramProvider.tsx?t=1778853471459:131
[  282827ms] [LOG] [DBG audio] setAudioSamples called pilot-whale-globicephala-spp.wav samples= 1429235 @ http://localhost:5173/spectrogram/SpectrogramProvider.tsx?t=1778853471459:136
[  282827ms] [LOG] [DBG audio] closing AudioContext pilot-whale-globicephala-spp.wav @ http://localhost:5173/spectrogram/SpectrogramProvider.tsx?t=1778853471459:141
[  282857ms] [LOG] [DBG audio] decoded minke-whale-balaenoptera-acutorostrata.wav sr= 48000 len= 1859064 cancelled= false @ http://localhost:5173/spectrogram/SpectrogramProvider.tsx?t=1778853471459:131
[  282857ms] [LOG] [DBG audio] setAudioSamples called minke-whale-balaenoptera-acutorostrata.wav samples= 1859064 @ http://localhost:5173/spectrogram/SpectrogramProvider.tsx?t=1778853471459:136
[  282857ms] [LOG] [DBG audio] closing AudioContext minke-whale-balaenoptera-acutorostrata.wav @ http://localhost:5173/spectrogram/SpectrogramProvider.tsx?t=1778853471459:141
[  282940ms] [LOG] [DBG audio] decoded humpback-whale-megaptera-novaeangliae.wav sr= 48000 len= 2619984 cancelled= false @ http://localhost:5173/spectrogram/SpectrogramProvider.tsx?t=1778853471459:131
[  282940ms] [LOG] [DBG audio] setAudioSamples called humpback-whale-megaptera-novaeangliae.wav samples= 2619984 @ http://localhost:5173/spectrogram/SpectrogramProvider.tsx?t=1778853471459:136
[  282940ms] [LOG] [DBG audio] closing AudioContext humpback-whale-megaptera-novaeangliae.wav @ http://localhost:5173/spectrogram/SpectrogramProvider.tsx?t=1778853471459:141
[  283055ms] [LOG] [DBG audio] decoded killer-whale-orcinus-orca.wav sr= 48000 len= 2567992 cancelled= false @ http://localhost:5173/spectrogram/SpectrogramProvider.tsx?t=1778853471459:131
[  283056ms] [LOG] [DBG audio] setAudioSamples called killer-whale-orcinus-orca.wav samples= 2567992 @ http://localhost:5173/spectrogram/SpectrogramProvider.tsx?t=1778853471459:136
[  283056ms] [LOG] [DBG audio] closing AudioContext killer-whale-orcinus-orca.wav @ http://localhost:5173/spectrogram/SpectrogramProvider.tsx?t=1778853471459:141
[  283144ms] [LOG] [DBG audio] decoded blue-whale-balaenoptera-musculus.wav sr= 48000 len= 4462368 cancelled= false @ http://localhost:5173/spectrogram/SpectrogramProvider.tsx?t=1778853471459:131
[  283144ms] [LOG] [DBG audio] setAudioSamples called blue-whale-balaenoptera-musculus.wav samples= 4462368 @ http://localhost:5173/spectrogram/SpectrogramProvider.tsx?t=1778853471459:136
[  283144ms] [LOG] [DBG audio] closing AudioContext blue-whale-balaenoptera-musculus.wav @ http://localhost:5173/spectrogram/SpectrogramProvider.tsx?t=1778853471459:141
[  296019ms] [LOG] [DBG gfx set_pcm] post minke-whale-balaenoptera-acutorostrata.wav len= 1859064 sr= 48000 @ http://localhost:5173/spectrogram/SpectrogramGraphics.tsx?t=1778853485870:137
[  296020ms] [LOG] [DBG gfx render] post minke-whale-balaenoptera-acutorostrata.wav id= 1 haveSamples= true @ http://localhost:5173/spectrogram/SpectrogramGraphics.tsx?t=1778853485870:156
[  296023ms] [LOG] [DBG gfx set_pcm] post sei-whale-balaenoptera-borealis.wav len= 382896 sr= 48000 @ http://localhost:5173/spectrogram/SpectrogramGraphics.tsx?t=1778853485870:137
[  296024ms] [LOG] [DBG gfx render] post sei-whale-balaenoptera-borealis.wav id= 1 haveSamples= true @ http://localhost:5173/spectrogram/SpectrogramGraphics.tsx?t=1778853485870:156
[  296026ms] [LOG] [DBG gfx set_pcm] post fin-whale-balaenoptera physalus.wav len= 664512 sr= 48000 @ http://localhost:5173/spectrogram/SpectrogramGraphics.tsx?t=1778853485870:137
[  296026ms] [LOG] [DBG gfx render] post fin-whale-balaenoptera physalus.wav id= 1 haveSamples= true @ http://localhost:5173/spectrogram/SpectrogramGraphics.tsx?t=1778853485870:156
[  296030ms] [LOG] [DBG gfx set_pcm] post pilot-whale-globicephala-spp.wav len= 1429235 sr= 48000 @ http://localhost:5173/spectrogram/SpectrogramGraphics.tsx?t=1778853485870:137
[  296031ms] [LOG] [DBG gfx render] post pilot-whale-globicephala-spp.wav id= 1 haveSamples= true @ http://localhost:5173/spectrogram/SpectrogramGraphics.tsx?t=1778853485870:156
[  296033ms] [LOG] [DBG gfx set_pcm] post north-atlantic-right-whale-eubalaena-glacialis-1.wav len= 628152 sr= 48000 @ http://localhost:5173/spectrogram/SpectrogramGraphics.tsx?t=1778853485870:137
[  296033ms] [LOG] [DBG gfx render] post north-atlantic-right-whale-eubalaena-glacialis-1.wav id= 1 haveSamples= true @ http://localhost:5173/spectrogram/SpectrogramGraphics.tsx?t=1778853485870:156
[  296043ms] [LOG] [DBG gfx set_pcm] post blue-whale-balaenoptera-musculus.wav len= 4462368 sr= 48000 @ http://localhost:5173/spectrogram/SpectrogramGraphics.tsx?t=1778853485870:137
[  296044ms] [LOG] [DBG gfx render] post blue-whale-balaenoptera-musculus.wav id= 1 haveSamples= true @ http://localhost:5173/spectrogram/SpectrogramGraphics.tsx?t=1778853485870:156
[  296046ms] [LOG] [DBG gfx set_pcm] post northern-bottlenose-whale-hyperoodon-ampullatus.wav len= 283150 sr= 48000 @ http://localhost:5173/spectrogram/SpectrogramGraphics.tsx?t=1778853485870:137
[  296047ms] [LOG] [DBG gfx render] post northern-bottlenose-whale-hyperoodon-ampullatus.wav id= 1 haveSamples= true @ http://localhost:5173/spectrogram/SpectrogramGraphics.tsx?t=1778853485870:156
[  296053ms] [LOG] [DBG gfx set_pcm] post killer-whale-orcinus-orca.wav len= 2567992 sr= 48000 @ http://localhost:5173/spectrogram/SpectrogramGraphics.tsx?t=1778853485870:137
[  296054ms] [LOG] [DBG gfx render] post killer-whale-orcinus-orca.wav id= 1 haveSamples= true @ http://localhost:5173/spectrogram/SpectrogramGraphics.tsx?t=1778853485870:156
[  296058ms] [LOG] [DBG gfx set_pcm] post north-atlantic-right-whale-eubalaena-glacialis-2.wav len= 1276992 sr= 48000 @ http://localhost:5173/spectrogram/SpectrogramGraphics.tsx?t=1778853485870:137
[  296058ms] [LOG] [DBG gfx render] post north-atlantic-right-whale-eubalaena-glacialis-2.wav id= 1 haveSamples= true @ http://localhost:5173/spectrogram/SpectrogramGraphics.tsx?t=1778853485870:156
[  296060ms] [LOG] [DBG gfx set_pcm] post sperm-whale-physeter-macrocephalus.wav len= 305896 sr= 48000 @ http://localhost:5173/spectrogram/SpectrogramGraphics.tsx?t=1778853485870:137
[  296061ms] [LOG] [DBG gfx render] post sperm-whale-physeter-macrocephalus.wav id= 1 haveSamples= true @ http://localhost:5173/spectrogram/SpectrogramGraphics.tsx?t=1778853485870:156
[  296066ms] [LOG] [DBG gfx set_pcm] post humpback-whale-megaptera-novaeangliae.wav len= 2619984 sr= 48000 @ http://localhost:5173/spectrogram/SpectrogramGraphics.tsx?t=1778853485870:137
[  296066ms] [LOG] [DBG gfx render] post humpback-whale-megaptera-novaeangliae.wav id= 1 haveSamples= true @ http://localhost:5173/spectrogram/SpectrogramGraphics.tsx?t=1778853485870:156
[  306921ms] [LOG] [DBG gfx set_pcm] post minke-whale-balaenoptera-acutorostrata.wav len= 1859064 sr= 48000 @ http://localhost:5173/spectrogram/SpectrogramGraphics.tsx?t=1778853496710:139
[  306922ms] [LOG] [DBG gfx render] post minke-whale-balaenoptera-acutorostrata.wav id= 1 haveSamples= true @ http://localhost:5173/spectrogram/SpectrogramGraphics.tsx?t=1778853496710:158
[  306927ms] [LOG] [DBG gfx set_pcm] post sei-whale-balaenoptera-borealis.wav len= 382896 sr= 48000 @ http://localhost:5173/spectrogram/SpectrogramGraphics.tsx?t=1778853496710:139
[  306928ms] [LOG] [DBG gfx render] post sei-whale-balaenoptera-borealis.wav id= 1 haveSamples= true @ http://localhost:5173/spectrogram/SpectrogramGraphics.tsx?t=1778853496710:158
[  306933ms] [LOG] [DBG gfx set_pcm] post fin-whale-balaenoptera physalus.wav len= 664512 sr= 48000 @ http://localhost:5173/spectrogram/SpectrogramGraphics.tsx?t=1778853496710:139
[  306934ms] [LOG] [DBG gfx render] post fin-whale-balaenoptera physalus.wav id= 1 haveSamples= true @ http://localhost:5173/spectrogram/SpectrogramGraphics.tsx?t=1778853496710:158
[  306937ms] [LOG] [DBG gfx set_pcm] post pilot-whale-globicephala-spp.wav len= 1429235 sr= 48000 @ http://localhost:5173/spectrogram/SpectrogramGraphics.tsx?t=1778853496710:139
[  306937ms] [LOG] [DBG gfx render] post pilot-whale-globicephala-spp.wav id= 1 haveSamples= true @ http://localhost:5173/spectrogram/SpectrogramGraphics.tsx?t=1778853496710:158
[  306939ms] [LOG] [DBG gfx set_pcm] post north-atlantic-right-whale-eubalaena-glacialis-1.wav len= 628152 sr= 48000 @ http://localhost:5173/spectrogram/SpectrogramGraphics.tsx?t=1778853496710:139
[  306940ms] [LOG] [DBG gfx render] post north-atlantic-right-whale-eubalaena-glacialis-1.wav id= 1 haveSamples= true @ http://localhost:5173/spectrogram/SpectrogramGraphics.tsx?t=1778853496710:158
[  306948ms] [LOG] [DBG gfx set_pcm] post blue-whale-balaenoptera-musculus.wav len= 4462368 sr= 48000 @ http://localhost:5173/spectrogram/SpectrogramGraphics.tsx?t=1778853496710:139
[  306949ms] [LOG] [DBG gfx render] post blue-whale-balaenoptera-musculus.wav id= 1 haveSamples= true @ http://localhost:5173/spectrogram/SpectrogramGraphics.tsx?t=1778853496710:158
[  306951ms] [LOG] [DBG gfx set_pcm] post northern-bottlenose-whale-hyperoodon-ampullatus.wav len= 283150 sr= 48000 @ http://localhost:5173/spectrogram/SpectrogramGraphics.tsx?t=1778853496710:139
[  306952ms] [LOG] [DBG gfx render] post northern-bottlenose-whale-hyperoodon-ampullatus.wav id= 1 haveSamples= true @ http://localhost:5173/spectrogram/SpectrogramGraphics.tsx?t=1778853496710:158
[  306955ms] [LOG] [DBG gfx set_pcm] post killer-whale-orcinus-orca.wav len= 2567992 sr= 48000 @ http://localhost:5173/spectrogram/SpectrogramGraphics.tsx?t=1778853496710:139
[  306956ms] [LOG] [DBG gfx render] post killer-whale-orcinus-orca.wav id= 1 haveSamples= true @ http://localhost:5173/spectrogram/SpectrogramGraphics.tsx?t=1778853496710:158
[  306958ms] [LOG] [DBG gfx set_pcm] post north-atlantic-right-whale-eubalaena-glacialis-2.wav len= 1276992 sr= 48000 @ http://localhost:5173/spectrogram/SpectrogramGraphics.tsx?t=1778853496710:139
[  306959ms] [LOG] [DBG gfx render] post north-atlantic-right-whale-eubalaena-glacialis-2.wav id= 1 haveSamples= true @ http://localhost:5173/spectrogram/SpectrogramGraphics.tsx?t=1778853496710:158
[  306960ms] [LOG] [DBG gfx set_pcm] post sperm-whale-physeter-macrocephalus.wav len= 305896 sr= 48000 @ http://localhost:5173/spectrogram/SpectrogramGraphics.tsx?t=1778853496710:139
[  306961ms] [LOG] [DBG gfx render] post sperm-whale-physeter-macrocephalus.wav id= 1 haveSamples= true @ http://localhost:5173/spectrogram/SpectrogramGraphics.tsx?t=1778853496710:158
[  306964ms] [LOG] [DBG gfx set_pcm] post humpback-whale-megaptera-novaeangliae.wav len= 2619984 sr= 48000 @ http://localhost:5173/spectrogram/SpectrogramGraphics.tsx?t=1778853496710:139
[  306965ms] [LOG] [DBG gfx render] post humpback-whale-megaptera-novaeangliae.wav id= 1 haveSamples= true @ http://localhost:5173/spectrogram/SpectrogramGraphics.tsx?t=1778853496710:158
[  317054ms] [INFO] %cDownload the React DevTools for a better development experience: https://reactjs.org/link/react-devtools font-weight:bold @ http://localhost:5173/node_modules/.vite/deps/chunk-SVG7M4VJ.js?v=84b494a0:21606
[  317114ms] [WARNING] %cElectron Security Warning (Disabled webSecurity) font-weight: bold; This renderer process has "webSecurity" disabled. This
  exposes users of this app to severe security risks.

For more information and help, consult
https://electronjs.org/docs/tutorial/security.
This warning will not show up
once the app is packaged. @ node:electron/js2c/sandbox_bundle:1
[  317115ms] [WARNING] %cElectron Security Warning (allowRunningInsecureContent) font-weight: bold; This renderer process has "allowRunningInsecureContent"
  enabled. This exposes users of this app to severe security risks.

  
For more information and help, consult
https://electronjs.org/docs/tutorial/security.
This warning will not show up
once the app is packaged. @ node:electron/js2c/sandbox_bundle:1
[  317181ms] [LOG] [DBG gfx set_pcm] skip: no samples minke-whale-balaenoptera-acutorostrata.wav len= 0 sr= 32000 @ http://localhost:5173/spectrogram/SpectrogramGraphics.tsx?t=1778853496710:130
[  317182ms] [LOG] [DBG gfx render] post minke-whale-balaenoptera-acutorostrata.wav id= 1 haveSamples= false @ http://localhost:5173/spectrogram/SpectrogramGraphics.tsx?t=1778853496710:158
[  317183ms] [LOG] [DBG audio] start fetch minke-whale-balaenoptera-acutorostrata.wav @ http://localhost:5173/spectrogram/SpectrogramProvider.tsx?t=1778853471459:118
[  317190ms] [LOG] [DBG audio] fetched minke-whale-balaenoptera-acutorostrata.wav ok= true @ http://localhost:5173/spectrogram/SpectrogramProvider.tsx?t=1778853471459:121
[  317198ms] [LOG] [DBG audio] arrayBuffer minke-whale-balaenoptera-acutorostrata.wav bytes= 619732 cancelled= false @ http://localhost:5173/spectrogram/SpectrogramProvider.tsx?t=1778853471459:126
[  317231ms] [LOG] [DBG audio] AudioContext created minke-whale-balaenoptera-acutorostrata.wav state= running @ http://localhost:5173/spectrogram/SpectrogramProvider.tsx?t=1778853471459:129
[  317300ms] [LOG] [DBG audio] decoded minke-whale-balaenoptera-acutorostrata.wav sr= 48000 len= 1859064 cancelled= false @ http://localhost:5173/spectrogram/SpectrogramProvider.tsx?t=1778853471459:131
[  317301ms] [LOG] [DBG audio] setAudioSamples called minke-whale-balaenoptera-acutorostrata.wav samples= 1859064 @ http://localhost:5173/spectrogram/SpectrogramProvider.tsx?t=1778853471459:136
[  317301ms] [LOG] [DBG audio] closing AudioContext minke-whale-balaenoptera-acutorostrata.wav @ http://localhost:5173/spectrogram/SpectrogramProvider.tsx?t=1778853471459:141
[  317305ms] [LOG] [DBG gfx set_pcm] post minke-whale-balaenoptera-acutorostrata.wav len= 1859064 sr= 48000 @ http://localhost:5173/spectrogram/SpectrogramGraphics.tsx?t=1778853496710:139
[  317306ms] [LOG] [DBG gfx render] post minke-whale-balaenoptera-acutorostrata.wav id= 2 haveSamples= true @ http://localhost:5173/spectrogram/SpectrogramGraphics.tsx?t=1778853496710:158
[  329555ms] [INFO] %cDownload the React DevTools for a better development experience: https://reactjs.org/link/react-devtools font-weight:bold @ http://localhost:5173/node_modules/.vite/deps/chunk-SVG7M4VJ.js?v=84b494a0:21606
[  329652ms] [WARNING] %cElectron Security Warning (Disabled webSecurity) font-weight: bold; This renderer process has "webSecurity" disabled. This
  exposes users of this app to severe security risks.

For more information and help, consult
https://electronjs.org/docs/tutorial/security.
This warning will not show up
once the app is packaged. @ node:electron/js2c/sandbox_bundle:1
[  329653ms] [WARNING] %cElectron Security Warning (allowRunningInsecureContent) font-weight: bold; This renderer process has "allowRunningInsecureContent"
  enabled. This exposes users of this app to severe security risks.

  
For more information and help, consult
https://electronjs.org/docs/tutorial/security.
This warning will not show up
once the app is packaged. @ node:electron/js2c/sandbox_bundle:1
[  329727ms] [LOG] [DBG gfx set_pcm] skip: no samples minke-whale-balaenoptera-acutorostrata.wav len= 0 sr= 32000 @ http://localhost:5173/spectrogram/SpectrogramGraphics.tsx?t=1778853496710:130
[  329727ms] [LOG] [DBG gfx render] post minke-whale-balaenoptera-acutorostrata.wav id= 1 haveSamples= false @ http://localhost:5173/spectrogram/SpectrogramGraphics.tsx?t=1778853496710:158
[  329728ms] [LOG] [DBG audio] start fetch minke-whale-balaenoptera-acutorostrata.wav @ http://localhost:5173/spectrogram/SpectrogramProvider.tsx?t=1778853471459:118
[  329734ms] [LOG] [DBG audio] fetched minke-whale-balaenoptera-acutorostrata.wav ok= true @ http://localhost:5173/spectrogram/SpectrogramProvider.tsx?t=1778853471459:121
[  329744ms] [LOG] [DBG audio] arrayBuffer minke-whale-balaenoptera-acutorostrata.wav bytes= 619732 cancelled= false @ http://localhost:5173/spectrogram/SpectrogramProvider.tsx?t=1778853471459:126
[  329773ms] [LOG] [DBG audio] AudioContext created minke-whale-balaenoptera-acutorostrata.wav state= running @ http://localhost:5173/spectrogram/SpectrogramProvider.tsx?t=1778853471459:129
[  329838ms] [LOG] [DBG audio] decoded minke-whale-balaenoptera-acutorostrata.wav sr= 48000 len= 1859064 cancelled= false @ http://localhost:5173/spectrogram/SpectrogramProvider.tsx?t=1778853471459:131
[  329839ms] [LOG] [DBG audio] setAudioSamples called minke-whale-balaenoptera-acutorostrata.wav samples= 1859064 @ http://localhost:5173/spectrogram/SpectrogramProvider.tsx?t=1778853471459:136
[  329839ms] [LOG] [DBG audio] closing AudioContext minke-whale-balaenoptera-acutorostrata.wav @ http://localhost:5173/spectrogram/SpectrogramProvider.tsx?t=1778853471459:141
[  329844ms] [LOG] [DBG gfx set_pcm] post minke-whale-balaenoptera-acutorostrata.wav len= 1859064 sr= 48000 @ http://localhost:5173/spectrogram/SpectrogramGraphics.tsx?t=1778853496710:139
[  329845ms] [LOG] [DBG gfx render] post minke-whale-balaenoptera-acutorostrata.wav id= 2 haveSamples= true @ http://localhost:5173/spectrogram/SpectrogramGraphics.tsx?t=1778853496710:158
