[     131ms] [INFO] %cDownload the React DevTools for a better development experience: https://reactjs.org/link/react-devtools font-weight:bold @ http://localhost:5173/node_modules/.vite/deps/chunk-SVG7M4VJ.js?v=84b494a0:21606
[     166ms] [WARNING] %cElectron Security Warning (Disabled webSecurity) font-weight: bold; This renderer process has "webSecurity" disabled. This
  exposes users of this app to severe security risks.

For more information and help, consult
https://electronjs.org/docs/tutorial/security.
This warning will not show up
once the app is packaged. @ node:electron/js2c/sandbox_bundle:1
[     166ms] [WARNING] %cElectron Security Warning (allowRunningInsecureContent) font-weight: bold; This renderer process has "allowRunningInsecureContent"
  enabled. This exposes users of this app to severe security risks.

  
For more information and help, consult
https://electronjs.org/docs/tutorial/security.
This warning will not show up
once the app is packaged. @ node:electron/js2c/sandbox_bundle:1
[    9974ms] [LOG] [DBG gfx worker-new] before new Worker() minke-whale-balaenoptera-acutorostrata.wav @ http://localhost:5173/spectrogram/SpectrogramGraphics.tsx?t=1778853688377:80
[    9974ms] [LOG] [DBG gfx worker-new] after new Worker() minke-whale-balaenoptera-acutorostrata.wav @ http://localhost:5173/spectrogram/SpectrogramGraphics.tsx?t=1778853688377:82
[    9974ms] [LOG] [DBG gfx set_pcm] skip: no samples minke-whale-balaenoptera-acutorostrata.wav len= 0 sr= 32000 @ http://localhost:5173/spectrogram/SpectrogramGraphics.tsx?t=1778853688377:139
[    9975ms] [LOG] [DBG gfx render] post minke-whale-balaenoptera-acutorostrata.wav id= 1 haveSamples= false @ http://localhost:5173/spectrogram/SpectrogramGraphics.tsx?t=1778853688377:167
[    9975ms] [LOG] [DBG audio] start fetch minke-whale-balaenoptera-acutorostrata.wav @ http://localhost:5173/spectrogram/SpectrogramProvider.tsx?t=1778853471459:118
[    9979ms] [LOG] [DBG audio] fetched minke-whale-balaenoptera-acutorostrata.wav ok= true @ http://localhost:5173/spectrogram/SpectrogramProvider.tsx?t=1778853471459:121
[    9985ms] [LOG] [DBG audio] arrayBuffer minke-whale-balaenoptera-acutorostrata.wav bytes= 619732 cancelled= false @ http://localhost:5173/spectrogram/SpectrogramProvider.tsx?t=1778853471459:126
[   10001ms] [LOG] [DBG audio] AudioContext created minke-whale-balaenoptera-acutorostrata.wav state= running @ http://localhost:5173/spectrogram/SpectrogramProvider.tsx?t=1778853471459:129
[   10009ms] [LOG] [DBG worker boot] start wid= gtpcqz @ http://localhost:5173/spectrogram/worker/spectrogramWorker.ts?worker_file&type=module:3
[   10010ms] [LOG] [DBG worker boot] wasm-glue imported wid= gtpcqz @ http://localhost:5173/spectrogram/worker/spectrogramWorker.ts?worker_file&type=module:5
[   10010ms] [LOG] [DBG worker boot] registering onmessage wid= gtpcqz @ http://localhost:5173/spectrogram/worker/spectrogramWorker.ts?worker_file&type=module:165
[   10054ms] [LOG] [DBG audio] decoded minke-whale-balaenoptera-acutorostrata.wav sr= 48000 len= 1859064 cancelled= false @ http://localhost:5173/spectrogram/SpectrogramProvider.tsx?t=1778853471459:131
[   10054ms] [LOG] [DBG audio] setAudioSamples called minke-whale-balaenoptera-acutorostrata.wav samples= 1859064 @ http://localhost:5173/spectrogram/SpectrogramProvider.tsx?t=1778853471459:136
[   10054ms] [LOG] [DBG audio] closing AudioContext minke-whale-balaenoptera-acutorostrata.wav @ http://localhost:5173/spectrogram/SpectrogramProvider.tsx?t=1778853471459:141
[   10058ms] [LOG] [DBG gfx set_pcm] post minke-whale-balaenoptera-acutorostrata.wav len= 1859064 sr= 48000 @ http://localhost:5173/spectrogram/SpectrogramGraphics.tsx?t=1778853688377:148
[   10058ms] [LOG] [DBG gfx render] post minke-whale-balaenoptera-acutorostrata.wav id= 2 haveSamples= true @ http://localhost:5173/spectrogram/SpectrogramGraphics.tsx?t=1778853688377:167
[   10058ms] [LOG] [DBG worker] set_pcm minke-whale-balaenoptera-acutorostrata.wav len= 1859064 sr= 48000 waiters= 0 @ http://localhost:5173/spectrogram/worker/spectrogramWorker.ts?worker_file&type=module:177
[   10059ms] [LOG] [DBG worker] render recv minke-whale-balaenoptera-acutorostrata.wav id= 2 inFlight= false hadPending= false @ http://localhost:5173/spectrogram/worker/spectrogramWorker.ts?worker_file&type=module:189
[   10059ms] [LOG] [DBG worker proc] start minke-whale-balaenoptera-acutorostrata.wav id= 2 @ http://localhost:5173/spectrogram/worker/spectrogramWorker.ts?worker_file&type=module:73
[   10059ms] [LOG] [DBG worker proc] wasm ready minke-whale-balaenoptera-acutorostrata.wav id= 2 pcmInStore= true @ http://localhost:5173/spectrogram/worker/spectrogramWorker.ts?worker_file&type=module:76
[   10060ms] [LOG] [DBG worker proc] pcm ready minke-whale-balaenoptera-acutorostrata.wav id= 2 @ http://localhost:5173/spectrogram/worker/spectrogramWorker.ts?worker_file&type=module:78
[   11045ms] [LOG] [DBG gfx worker-new] before new Worker() sei-whale-balaenoptera-borealis.wav @ http://localhost:5173/spectrogram/SpectrogramGraphics.tsx?t=1778853688377:80
[   11045ms] [LOG] [DBG gfx worker-new] after new Worker() sei-whale-balaenoptera-borealis.wav @ http://localhost:5173/spectrogram/SpectrogramGraphics.tsx?t=1778853688377:82
[   11045ms] [LOG] [DBG gfx set_pcm] skip: no samples sei-whale-balaenoptera-borealis.wav len= 0 sr= 32000 @ http://localhost:5173/spectrogram/SpectrogramGraphics.tsx?t=1778853688377:139
[   11046ms] [LOG] [DBG gfx render] post sei-whale-balaenoptera-borealis.wav id= 1 haveSamples= false @ http://localhost:5173/spectrogram/SpectrogramGraphics.tsx?t=1778853688377:167
[   11046ms] [LOG] [DBG audio] start fetch sei-whale-balaenoptera-borealis.wav @ http://localhost:5173/spectrogram/SpectrogramProvider.tsx?t=1778853471459:118
[   11048ms] [LOG] [DBG audio] fetched sei-whale-balaenoptera-borealis.wav ok= true @ http://localhost:5173/spectrogram/SpectrogramProvider.tsx?t=1778853471459:121
[   11049ms] [LOG] [DBG audio] arrayBuffer sei-whale-balaenoptera-borealis.wav bytes= 127676 cancelled= false @ http://localhost:5173/spectrogram/SpectrogramProvider.tsx?t=1778853471459:126
[   11050ms] [LOG] [DBG audio] AudioContext created sei-whale-balaenoptera-borealis.wav state= running @ http://localhost:5173/spectrogram/SpectrogramProvider.tsx?t=1778853471459:129
[   11062ms] [LOG] [DBG audio] decoded sei-whale-balaenoptera-borealis.wav sr= 48000 len= 382896 cancelled= false @ http://localhost:5173/spectrogram/SpectrogramProvider.tsx?t=1778853471459:131
[   11062ms] [LOG] [DBG audio] setAudioSamples called sei-whale-balaenoptera-borealis.wav samples= 382896 @ http://localhost:5173/spectrogram/SpectrogramProvider.tsx?t=1778853471459:136
[   11062ms] [LOG] [DBG audio] closing AudioContext sei-whale-balaenoptera-borealis.wav @ http://localhost:5173/spectrogram/SpectrogramProvider.tsx?t=1778853471459:141
[   11063ms] [LOG] [DBG gfx set_pcm] post sei-whale-balaenoptera-borealis.wav len= 382896 sr= 48000 @ http://localhost:5173/spectrogram/SpectrogramGraphics.tsx?t=1778853688377:148
[   11064ms] [LOG] [DBG gfx render] post sei-whale-balaenoptera-borealis.wav id= 2 haveSamples= true @ http://localhost:5173/spectrogram/SpectrogramGraphics.tsx?t=1778853688377:167
[   11075ms] [LOG] [DBG worker boot] start wid= 8gjvym @ http://localhost:5173/spectrogram/worker/spectrogramWorker.ts?worker_file&type=module:3
[   11075ms] [LOG] [DBG worker boot] wasm-glue imported wid= 8gjvym @ http://localhost:5173/spectrogram/worker/spectrogramWorker.ts?worker_file&type=module:5
[   11078ms] [LOG] [DBG worker boot] registering onmessage wid= 8gjvym @ http://localhost:5173/spectrogram/worker/spectrogramWorker.ts?worker_file&type=module:165
[   11555ms] [LOG] [DBG gfx worker-new] before new Worker() fin-whale-balaenoptera physalus.wav @ http://localhost:5173/spectrogram/SpectrogramGraphics.tsx?t=1778853688377:80
[   11556ms] [LOG] [DBG gfx worker-new] after new Worker() fin-whale-balaenoptera physalus.wav @ http://localhost:5173/spectrogram/SpectrogramGraphics.tsx?t=1778853688377:82
[   11556ms] [LOG] [DBG gfx set_pcm] skip: no samples fin-whale-balaenoptera physalus.wav len= 0 sr= 32000 @ http://localhost:5173/spectrogram/SpectrogramGraphics.tsx?t=1778853688377:139
[   11556ms] [LOG] [DBG gfx render] post fin-whale-balaenoptera physalus.wav id= 1 haveSamples= false @ http://localhost:5173/spectrogram/SpectrogramGraphics.tsx?t=1778853688377:167
[   11556ms] [LOG] [DBG audio] start fetch fin-whale-balaenoptera physalus.wav @ http://localhost:5173/spectrogram/SpectrogramProvider.tsx?t=1778853471459:118
[   11559ms] [LOG] [DBG audio] fetched fin-whale-balaenoptera physalus.wav ok= true @ http://localhost:5173/spectrogram/SpectrogramProvider.tsx?t=1778853471459:121
[   11563ms] [LOG] [DBG audio] arrayBuffer fin-whale-balaenoptera physalus.wav bytes= 221548 cancelled= false @ http://localhost:5173/spectrogram/SpectrogramProvider.tsx?t=1778853471459:126
[   11564ms] [LOG] [DBG audio] AudioContext created fin-whale-balaenoptera physalus.wav state= running @ http://localhost:5173/spectrogram/SpectrogramProvider.tsx?t=1778853471459:129
[   11583ms] [LOG] [DBG audio] decoded fin-whale-balaenoptera physalus.wav sr= 48000 len= 664512 cancelled= false @ http://localhost:5173/spectrogram/SpectrogramProvider.tsx?t=1778853471459:131
[   11583ms] [LOG] [DBG audio] setAudioSamples called fin-whale-balaenoptera physalus.wav samples= 664512 @ http://localhost:5173/spectrogram/SpectrogramProvider.tsx?t=1778853471459:136
[   11583ms] [LOG] [DBG audio] closing AudioContext fin-whale-balaenoptera physalus.wav @ http://localhost:5173/spectrogram/SpectrogramProvider.tsx?t=1778853471459:141
[   11585ms] [LOG] [DBG gfx set_pcm] post fin-whale-balaenoptera physalus.wav len= 664512 sr= 48000 @ http://localhost:5173/spectrogram/SpectrogramGraphics.tsx?t=1778853688377:148
[   11585ms] [LOG] [DBG gfx render] post fin-whale-balaenoptera physalus.wav id= 2 haveSamples= true @ http://localhost:5173/spectrogram/SpectrogramGraphics.tsx?t=1778853688377:167
[   11588ms] [LOG] [DBG worker boot] start wid= 6h5xgi @ http://localhost:5173/spectrogram/worker/spectrogramWorker.ts?worker_file&type=module:3
[   11588ms] [LOG] [DBG worker boot] wasm-glue imported wid= 6h5xgi @ http://localhost:5173/spectrogram/worker/spectrogramWorker.ts?worker_file&type=module:5
[   11589ms] [LOG] [DBG worker boot] registering onmessage wid= 6h5xgi @ http://localhost:5173/spectrogram/worker/spectrogramWorker.ts?worker_file&type=module:165
[   12056ms] [LOG] [DBG gfx worker-new] before new Worker() pilot-whale-globicephala-spp.wav @ http://localhost:5173/spectrogram/SpectrogramGraphics.tsx?t=1778853688377:80
[   12057ms] [LOG] [DBG gfx worker-new] after new Worker() pilot-whale-globicephala-spp.wav @ http://localhost:5173/spectrogram/SpectrogramGraphics.tsx?t=1778853688377:82
[   12057ms] [LOG] [DBG gfx set_pcm] skip: no samples pilot-whale-globicephala-spp.wav len= 0 sr= 32000 @ http://localhost:5173/spectrogram/SpectrogramGraphics.tsx?t=1778853688377:139
[   12057ms] [LOG] [DBG gfx render] post pilot-whale-globicephala-spp.wav id= 1 haveSamples= false @ http://localhost:5173/spectrogram/SpectrogramGraphics.tsx?t=1778853688377:167
[   12057ms] [LOG] [DBG audio] start fetch pilot-whale-globicephala-spp.wav @ http://localhost:5173/spectrogram/SpectrogramProvider.tsx?t=1778853471459:118
[   12059ms] [LOG] [DBG audio] fetched pilot-whale-globicephala-spp.wav ok= true @ http://localhost:5173/spectrogram/SpectrogramProvider.tsx?t=1778853471459:121
[   12075ms] [LOG] [DBG audio] arrayBuffer pilot-whale-globicephala-spp.wav bytes= 1313154 cancelled= false @ http://localhost:5173/spectrogram/SpectrogramProvider.tsx?t=1778853471459:126
[   12075ms] [LOG] [DBG audio] AudioContext created pilot-whale-globicephala-spp.wav state= running @ http://localhost:5173/spectrogram/SpectrogramProvider.tsx?t=1778853471459:129
[   12094ms] [LOG] [DBG worker boot] start wid= p7rde9 @ http://localhost:5173/spectrogram/worker/spectrogramWorker.ts?worker_file&type=module:3
[   12095ms] [LOG] [DBG worker boot] wasm-glue imported wid= p7rde9 @ http://localhost:5173/spectrogram/worker/spectrogramWorker.ts?worker_file&type=module:5
[   12095ms] [LOG] [DBG worker boot] registering onmessage wid= p7rde9 @ http://localhost:5173/spectrogram/worker/spectrogramWorker.ts?worker_file&type=module:165
[   12123ms] [LOG] [DBG audio] decoded pilot-whale-globicephala-spp.wav sr= 48000 len= 1429235 cancelled= false @ http://localhost:5173/spectrogram/SpectrogramProvider.tsx?t=1778853471459:131
[   12124ms] [LOG] [DBG audio] setAudioSamples called pilot-whale-globicephala-spp.wav samples= 1429235 @ http://localhost:5173/spectrogram/SpectrogramProvider.tsx?t=1778853471459:136
[   12124ms] [LOG] [DBG audio] closing AudioContext pilot-whale-globicephala-spp.wav @ http://localhost:5173/spectrogram/SpectrogramProvider.tsx?t=1778853471459:141
[   12126ms] [LOG] [DBG gfx set_pcm] post pilot-whale-globicephala-spp.wav len= 1429235 sr= 48000 @ http://localhost:5173/spectrogram/SpectrogramGraphics.tsx?t=1778853688377:148
[   12126ms] [LOG] [DBG gfx render] post pilot-whale-globicephala-spp.wav id= 2 haveSamples= true @ http://localhost:5173/spectrogram/SpectrogramGraphics.tsx?t=1778853688377:167
[   12127ms] [LOG] [DBG worker] set_pcm pilot-whale-globicephala-spp.wav len= 1429235 sr= 48000 waiters= 0 @ http://localhost:5173/spectrogram/worker/spectrogramWorker.ts?worker_file&type=module:177
[   12127ms] [LOG] [DBG worker] render recv pilot-whale-globicephala-spp.wav id= 2 inFlight= false hadPending= false @ http://localhost:5173/spectrogram/worker/spectrogramWorker.ts?worker_file&type=module:189
[   12128ms] [LOG] [DBG worker proc] start pilot-whale-globicephala-spp.wav id= 2 @ http://localhost:5173/spectrogram/worker/spectrogramWorker.ts?worker_file&type=module:73
[   12128ms] [LOG] [DBG worker proc] wasm ready pilot-whale-globicephala-spp.wav id= 2 pcmInStore= true @ http://localhost:5173/spectrogram/worker/spectrogramWorker.ts?worker_file&type=module:76
[   12128ms] [LOG] [DBG worker proc] pcm ready pilot-whale-globicephala-spp.wav id= 2 @ http://localhost:5173/spectrogram/worker/spectrogramWorker.ts?worker_file&type=module:78
[   12566ms] [LOG] [DBG gfx worker-new] before new Worker() north-atlantic-right-whale-eubalaena-glacialis-1.wav @ http://localhost:5173/spectrogram/SpectrogramGraphics.tsx?t=1778853688377:80
[   12567ms] [LOG] [DBG gfx worker-new] after new Worker() north-atlantic-right-whale-eubalaena-glacialis-1.wav @ http://localhost:5173/spectrogram/SpectrogramGraphics.tsx?t=1778853688377:82
[   12567ms] [LOG] [DBG gfx set_pcm] skip: no samples north-atlantic-right-whale-eubalaena-glacialis-1.wav len= 0 sr= 32000 @ http://localhost:5173/spectrogram/SpectrogramGraphics.tsx?t=1778853688377:139
[   12567ms] [LOG] [DBG gfx render] post north-atlantic-right-whale-eubalaena-glacialis-1.wav id= 1 haveSamples= false @ http://localhost:5173/spectrogram/SpectrogramGraphics.tsx?t=1778853688377:167
[   12567ms] [LOG] [DBG audio] start fetch north-atlantic-right-whale-eubalaena-glacialis-1.wav @ http://localhost:5173/spectrogram/SpectrogramProvider.tsx?t=1778853471459:118
[   12569ms] [LOG] [DBG audio] fetched north-atlantic-right-whale-eubalaena-glacialis-1.wav ok= true @ http://localhost:5173/spectrogram/SpectrogramProvider.tsx?t=1778853471459:121
[   12574ms] [LOG] [DBG audio] arrayBuffer north-atlantic-right-whale-eubalaena-glacialis-1.wav bytes= 209428 cancelled= false @ http://localhost:5173/spectrogram/SpectrogramProvider.tsx?t=1778853471459:126
[   12574ms] [LOG] [DBG audio] AudioContext created north-atlantic-right-whale-eubalaena-glacialis-1.wav state= running @ http://localhost:5173/spectrogram/SpectrogramProvider.tsx?t=1778853471459:129
[   12596ms] [LOG] [DBG audio] decoded north-atlantic-right-whale-eubalaena-glacialis-1.wav sr= 48000 len= 628152 cancelled= false @ http://localhost:5173/spectrogram/SpectrogramProvider.tsx?t=1778853471459:131
[   12596ms] [LOG] [DBG audio] setAudioSamples called north-atlantic-right-whale-eubalaena-glacialis-1.wav samples= 628152 @ http://localhost:5173/spectrogram/SpectrogramProvider.tsx?t=1778853471459:136
[   12596ms] [LOG] [DBG audio] closing AudioContext north-atlantic-right-whale-eubalaena-glacialis-1.wav @ http://localhost:5173/spectrogram/SpectrogramProvider.tsx?t=1778853471459:141
[   12598ms] [LOG] [DBG gfx set_pcm] post north-atlantic-right-whale-eubalaena-glacialis-1.wav len= 628152 sr= 48000 @ http://localhost:5173/spectrogram/SpectrogramGraphics.tsx?t=1778853688377:148
[   12598ms] [LOG] [DBG gfx render] post north-atlantic-right-whale-eubalaena-glacialis-1.wav id= 2 haveSamples= true @ http://localhost:5173/spectrogram/SpectrogramGraphics.tsx?t=1778853688377:167
[   12603ms] [LOG] [DBG worker boot] start wid= xdfiym @ http://localhost:5173/spectrogram/worker/spectrogramWorker.ts?worker_file&type=module:3
[   12603ms] [LOG] [DBG worker boot] wasm-glue imported wid= xdfiym @ http://localhost:5173/spectrogram/worker/spectrogramWorker.ts?worker_file&type=module:5
[   12603ms] [LOG] [DBG worker boot] registering onmessage wid= xdfiym @ http://localhost:5173/spectrogram/worker/spectrogramWorker.ts?worker_file&type=module:165
[   13077ms] [LOG] [DBG gfx worker-new] before new Worker() blue-whale-balaenoptera-musculus.wav @ http://localhost:5173/spectrogram/SpectrogramGraphics.tsx?t=1778853688377:80
[   13077ms] [LOG] [DBG gfx worker-new] after new Worker() blue-whale-balaenoptera-musculus.wav @ http://localhost:5173/spectrogram/SpectrogramGraphics.tsx?t=1778853688377:82
[   13078ms] [LOG] [DBG gfx set_pcm] skip: no samples blue-whale-balaenoptera-musculus.wav len= 0 sr= 32000 @ http://localhost:5173/spectrogram/SpectrogramGraphics.tsx?t=1778853688377:139
[   13078ms] [LOG] [DBG gfx render] post blue-whale-balaenoptera-musculus.wav id= 1 haveSamples= false @ http://localhost:5173/spectrogram/SpectrogramGraphics.tsx?t=1778853688377:167
[   13078ms] [LOG] [DBG audio] start fetch blue-whale-balaenoptera-musculus.wav @ http://localhost:5173/spectrogram/SpectrogramProvider.tsx?t=1778853471459:118
[   13080ms] [LOG] [DBG audio] fetched blue-whale-balaenoptera-musculus.wav ok= true @ http://localhost:5173/spectrogram/SpectrogramProvider.tsx?t=1778853471459:121
[   13092ms] [LOG] [DBG audio] arrayBuffer blue-whale-balaenoptera-musculus.wav bytes= 1487500 cancelled= false @ http://localhost:5173/spectrogram/SpectrogramProvider.tsx?t=1778853471459:126
[   13093ms] [LOG] [DBG audio] AudioContext created blue-whale-balaenoptera-musculus.wav state= running @ http://localhost:5173/spectrogram/SpectrogramProvider.tsx?t=1778853471459:129
[   13118ms] [LOG] [DBG worker boot] start wid= htop3h @ http://localhost:5173/spectrogram/worker/spectrogramWorker.ts?worker_file&type=module:3
[   13118ms] [LOG] [DBG worker boot] wasm-glue imported wid= htop3h @ http://localhost:5173/spectrogram/worker/spectrogramWorker.ts?worker_file&type=module:5
[   13118ms] [LOG] [DBG worker boot] registering onmessage wid= htop3h @ http://localhost:5173/spectrogram/worker/spectrogramWorker.ts?worker_file&type=module:165
[   13224ms] [LOG] [DBG audio] decoded blue-whale-balaenoptera-musculus.wav sr= 48000 len= 4462368 cancelled= false @ http://localhost:5173/spectrogram/SpectrogramProvider.tsx?t=1778853471459:131
[   13224ms] [LOG] [DBG audio] setAudioSamples called blue-whale-balaenoptera-musculus.wav samples= 4462368 @ http://localhost:5173/spectrogram/SpectrogramProvider.tsx?t=1778853471459:136
[   13224ms] [LOG] [DBG audio] closing AudioContext blue-whale-balaenoptera-musculus.wav @ http://localhost:5173/spectrogram/SpectrogramProvider.tsx?t=1778853471459:141
[   13231ms] [LOG] [DBG gfx set_pcm] post blue-whale-balaenoptera-musculus.wav len= 4462368 sr= 48000 @ http://localhost:5173/spectrogram/SpectrogramGraphics.tsx?t=1778853688377:148
[   13231ms] [LOG] [DBG gfx render] post blue-whale-balaenoptera-musculus.wav id= 2 haveSamples= true @ http://localhost:5173/spectrogram/SpectrogramGraphics.tsx?t=1778853688377:167
[   13232ms] [LOG] [DBG worker] set_pcm blue-whale-balaenoptera-musculus.wav len= 4462368 sr= 48000 waiters= 0 @ http://localhost:5173/spectrogram/worker/spectrogramWorker.ts?worker_file&type=module:177
[   13232ms] [LOG] [DBG worker] render recv blue-whale-balaenoptera-musculus.wav id= 2 inFlight= false hadPending= false @ http://localhost:5173/spectrogram/worker/spectrogramWorker.ts?worker_file&type=module:189
[   13232ms] [LOG] [DBG worker proc] start blue-whale-balaenoptera-musculus.wav id= 2 @ http://localhost:5173/spectrogram/worker/spectrogramWorker.ts?worker_file&type=module:73
[   13232ms] [LOG] [DBG worker proc] wasm ready blue-whale-balaenoptera-musculus.wav id= 2 pcmInStore= true @ http://localhost:5173/spectrogram/worker/spectrogramWorker.ts?worker_file&type=module:76
[   13233ms] [LOG] [DBG worker proc] pcm ready blue-whale-balaenoptera-musculus.wav id= 2 @ http://localhost:5173/spectrogram/worker/spectrogramWorker.ts?worker_file&type=module:78
[   13579ms] [LOG] [DBG gfx worker-new] before new Worker() northern-bottlenose-whale-hyperoodon-ampullatus.wav @ http://localhost:5173/spectrogram/SpectrogramGraphics.tsx?t=1778853688377:80
[   13579ms] [LOG] [DBG gfx worker-new] after new Worker() northern-bottlenose-whale-hyperoodon-ampullatus.wav @ http://localhost:5173/spectrogram/SpectrogramGraphics.tsx?t=1778853688377:82
[   13579ms] [LOG] [DBG gfx set_pcm] skip: no samples northern-bottlenose-whale-hyperoodon-ampullatus.wav len= 0 sr= 32000 @ http://localhost:5173/spectrogram/SpectrogramGraphics.tsx?t=1778853688377:139
[   13580ms] [LOG] [DBG gfx render] post northern-bottlenose-whale-hyperoodon-ampullatus.wav id= 1 haveSamples= false @ http://localhost:5173/spectrogram/SpectrogramGraphics.tsx?t=1778853688377:167
[   13580ms] [LOG] [DBG audio] start fetch northern-bottlenose-whale-hyperoodon-ampullatus.wav @ http://localhost:5173/spectrogram/SpectrogramProvider.tsx?t=1778853471459:118
[   13581ms] [LOG] [DBG audio] fetched northern-bottlenose-whale-hyperoodon-ampullatus.wav ok= true @ http://localhost:5173/spectrogram/SpectrogramProvider.tsx?t=1778853471459:121
[   13586ms] [LOG] [DBG audio] arrayBuffer northern-bottlenose-whale-hyperoodon-ampullatus.wav bytes= 566344 cancelled= false @ http://localhost:5173/spectrogram/SpectrogramProvider.tsx?t=1778853471459:126
[   13587ms] [LOG] [DBG audio] AudioContext created northern-bottlenose-whale-hyperoodon-ampullatus.wav state= running @ http://localhost:5173/spectrogram/SpectrogramProvider.tsx?t=1778853471459:129
[   13591ms] [LOG] [DBG audio] decoded northern-bottlenose-whale-hyperoodon-ampullatus.wav sr= 48000 len= 283150 cancelled= false @ http://localhost:5173/spectrogram/SpectrogramProvider.tsx?t=1778853471459:131
[   13591ms] [LOG] [DBG audio] setAudioSamples called northern-bottlenose-whale-hyperoodon-ampullatus.wav samples= 283150 @ http://localhost:5173/spectrogram/SpectrogramProvider.tsx?t=1778853471459:136
[   13591ms] [LOG] [DBG audio] closing AudioContext northern-bottlenose-whale-hyperoodon-ampullatus.wav @ http://localhost:5173/spectrogram/SpectrogramProvider.tsx?t=1778853471459:141
[   13592ms] [LOG] [DBG gfx set_pcm] post northern-bottlenose-whale-hyperoodon-ampullatus.wav len= 283150 sr= 48000 @ http://localhost:5173/spectrogram/SpectrogramGraphics.tsx?t=1778853688377:148
[   13593ms] [LOG] [DBG gfx render] post northern-bottlenose-whale-hyperoodon-ampullatus.wav id= 2 haveSamples= true @ http://localhost:5173/spectrogram/SpectrogramGraphics.tsx?t=1778853688377:167
[   13620ms] [LOG] [DBG worker boot] start wid= uty3wc @ http://localhost:5173/spectrogram/worker/spectrogramWorker.ts?worker_file&type=module:3
[   13621ms] [LOG] [DBG worker boot] wasm-glue imported wid= uty3wc @ http://localhost:5173/spectrogram/worker/spectrogramWorker.ts?worker_file&type=module:5
[   13621ms] [LOG] [DBG worker boot] registering onmessage wid= uty3wc @ http://localhost:5173/spectrogram/worker/spectrogramWorker.ts?worker_file&type=module:165
[   14077ms] [LOG] [DBG gfx worker-new] before new Worker() killer-whale-orcinus-orca.wav @ http://localhost:5173/spectrogram/SpectrogramGraphics.tsx?t=1778853688377:80
[   14078ms] [LOG] [DBG gfx worker-new] after new Worker() killer-whale-orcinus-orca.wav @ http://localhost:5173/spectrogram/SpectrogramGraphics.tsx?t=1778853688377:82
[   14078ms] [LOG] [DBG gfx set_pcm] skip: no samples killer-whale-orcinus-orca.wav len= 0 sr= 32000 @ http://localhost:5173/spectrogram/SpectrogramGraphics.tsx?t=1778853688377:139
[   14078ms] [LOG] [DBG gfx render] post killer-whale-orcinus-orca.wav id= 1 haveSamples= false @ http://localhost:5173/spectrogram/SpectrogramGraphics.tsx?t=1778853688377:167
[   14079ms] [LOG] [DBG audio] start fetch killer-whale-orcinus-orca.wav @ http://localhost:5173/spectrogram/SpectrogramProvider.tsx?t=1778853471459:118
[   14081ms] [LOG] [DBG audio] fetched killer-whale-orcinus-orca.wav ok= true @ http://localhost:5173/spectrogram/SpectrogramProvider.tsx?t=1778853471459:121
[   14113ms] [LOG] [DBG worker boot] start wid= 1a7xw5 @ http://localhost:5173/spectrogram/worker/spectrogramWorker.ts?worker_file&type=module:3
[   14113ms] [LOG] [DBG worker boot] wasm-glue imported wid= 1a7xw5 @ http://localhost:5173/spectrogram/worker/spectrogramWorker.ts?worker_file&type=module:5
[   14113ms] [LOG] [DBG worker boot] registering onmessage wid= 1a7xw5 @ http://localhost:5173/spectrogram/worker/spectrogramWorker.ts?worker_file&type=module:165
[   14117ms] [LOG] [DBG worker] render recv killer-whale-orcinus-orca.wav id= 1 inFlight= false hadPending= false @ http://localhost:5173/spectrogram/worker/spectrogramWorker.ts?worker_file&type=module:189
[   14117ms] [LOG] [DBG worker proc] start killer-whale-orcinus-orca.wav id= 1 @ http://localhost:5173/spectrogram/worker/spectrogramWorker.ts?worker_file&type=module:73
[   14117ms] [LOG] [DBG worker proc] wasm ready killer-whale-orcinus-orca.wav id= 1 pcmInStore= false @ http://localhost:5173/spectrogram/worker/spectrogramWorker.ts?worker_file&type=module:76
[   14119ms] [LOG] [DBG audio] arrayBuffer killer-whale-orcinus-orca.wav bytes= 4718730 cancelled= false @ http://localhost:5173/spectrogram/SpectrogramProvider.tsx?t=1778853471459:126
[   14119ms] [LOG] [DBG audio] AudioContext created killer-whale-orcinus-orca.wav state= running @ http://localhost:5173/spectrogram/SpectrogramProvider.tsx?t=1778853471459:129
[   14218ms] [LOG] [DBG audio] decoded killer-whale-orcinus-orca.wav sr= 48000 len= 2567992 cancelled= false @ http://localhost:5173/spectrogram/SpectrogramProvider.tsx?t=1778853471459:131
[   14218ms] [LOG] [DBG audio] setAudioSamples called killer-whale-orcinus-orca.wav samples= 2567992 @ http://localhost:5173/spectrogram/SpectrogramProvider.tsx?t=1778853471459:136
[   14218ms] [LOG] [DBG audio] closing AudioContext killer-whale-orcinus-orca.wav @ http://localhost:5173/spectrogram/SpectrogramProvider.tsx?t=1778853471459:141
[   14222ms] [LOG] [DBG gfx set_pcm] post killer-whale-orcinus-orca.wav len= 2567992 sr= 48000 @ http://localhost:5173/spectrogram/SpectrogramGraphics.tsx?t=1778853688377:148
[   14224ms] [LOG] [DBG gfx render] post killer-whale-orcinus-orca.wav id= 2 haveSamples= true @ http://localhost:5173/spectrogram/SpectrogramGraphics.tsx?t=1778853688377:167
[   14224ms] [LOG] [DBG worker] set_pcm killer-whale-orcinus-orca.wav len= 2567992 sr= 48000 waiters= 1 @ http://localhost:5173/spectrogram/worker/spectrogramWorker.ts?worker_file&type=module:177
[   14225ms] [LOG] [DBG worker proc] pcm ready killer-whale-orcinus-orca.wav id= 1 @ http://localhost:5173/spectrogram/worker/spectrogramWorker.ts?worker_file&type=module:78
[   14591ms] [LOG] [DBG gfx worker-new] before new Worker() north-atlantic-right-whale-eubalaena-glacialis-2.wav @ http://localhost:5173/spectrogram/SpectrogramGraphics.tsx?t=1778853688377:80
[   14592ms] [LOG] [DBG gfx worker-new] after new Worker() north-atlantic-right-whale-eubalaena-glacialis-2.wav @ http://localhost:5173/spectrogram/SpectrogramGraphics.tsx?t=1778853688377:82
[   14592ms] [LOG] [DBG gfx set_pcm] skip: no samples north-atlantic-right-whale-eubalaena-glacialis-2.wav len= 0 sr= 32000 @ http://localhost:5173/spectrogram/SpectrogramGraphics.tsx?t=1778853688377:139
[   14593ms] [LOG] [DBG gfx render] post north-atlantic-right-whale-eubalaena-glacialis-2.wav id= 1 haveSamples= false @ http://localhost:5173/spectrogram/SpectrogramGraphics.tsx?t=1778853688377:167
[   14593ms] [LOG] [DBG audio] start fetch north-atlantic-right-whale-eubalaena-glacialis-2.wav @ http://localhost:5173/spectrogram/SpectrogramProvider.tsx?t=1778853471459:118
[   14595ms] [LOG] [DBG audio] fetched north-atlantic-right-whale-eubalaena-glacialis-2.wav ok= true @ http://localhost:5173/spectrogram/SpectrogramProvider.tsx?t=1778853471459:121
[   14602ms] [LOG] [DBG audio] arrayBuffer north-atlantic-right-whale-eubalaena-glacialis-2.wav bytes= 425708 cancelled= false @ http://localhost:5173/spectrogram/SpectrogramProvider.tsx?t=1778853471459:126
[   14602ms] [LOG] [DBG audio] AudioContext created north-atlantic-right-whale-eubalaena-glacialis-2.wav state= running @ http://localhost:5173/spectrogram/SpectrogramProvider.tsx?t=1778853471459:129
[   14628ms] [LOG] [DBG worker boot] start wid= nzskrw @ http://localhost:5173/spectrogram/worker/spectrogramWorker.ts?worker_file&type=module:3
[   14632ms] [LOG] [DBG worker boot] wasm-glue imported wid= nzskrw @ http://localhost:5173/spectrogram/worker/spectrogramWorker.ts?worker_file&type=module:5
[   14633ms] [LOG] [DBG worker boot] registering onmessage wid= nzskrw @ http://localhost:5173/spectrogram/worker/spectrogramWorker.ts?worker_file&type=module:165
[   14650ms] [LOG] [DBG audio] decoded north-atlantic-right-whale-eubalaena-glacialis-2.wav sr= 48000 len= 1276992 cancelled= false @ http://localhost:5173/spectrogram/SpectrogramProvider.tsx?t=1778853471459:131
[   14650ms] [LOG] [DBG audio] setAudioSamples called north-atlantic-right-whale-eubalaena-glacialis-2.wav samples= 1276992 @ http://localhost:5173/spectrogram/SpectrogramProvider.tsx?t=1778853471459:136
[   14650ms] [LOG] [DBG audio] closing AudioContext north-atlantic-right-whale-eubalaena-glacialis-2.wav @ http://localhost:5173/spectrogram/SpectrogramProvider.tsx?t=1778853471459:141
[   14653ms] [LOG] [DBG gfx set_pcm] post north-atlantic-right-whale-eubalaena-glacialis-2.wav len= 1276992 sr= 48000 @ http://localhost:5173/spectrogram/SpectrogramGraphics.tsx?t=1778853688377:148
[   14654ms] [LOG] [DBG gfx render] post north-atlantic-right-whale-eubalaena-glacialis-2.wav id= 2 haveSamples= true @ http://localhost:5173/spectrogram/SpectrogramGraphics.tsx?t=1778853688377:167
[   14655ms] [LOG] [DBG worker] set_pcm north-atlantic-right-whale-eubalaena-glacialis-2.wav len= 1276992 sr= 48000 waiters= 0 @ http://localhost:5173/spectrogram/worker/spectrogramWorker.ts?worker_file&type=module:177
[   14655ms] [LOG] [DBG worker] render recv north-atlantic-right-whale-eubalaena-glacialis-2.wav id= 2 inFlight= false hadPending= false @ http://localhost:5173/spectrogram/worker/spectrogramWorker.ts?worker_file&type=module:189
[   14657ms] [LOG] [DBG worker proc] start north-atlantic-right-whale-eubalaena-glacialis-2.wav id= 2 @ http://localhost:5173/spectrogram/worker/spectrogramWorker.ts?worker_file&type=module:73
[   14658ms] [LOG] [DBG worker proc] wasm ready north-atlantic-right-whale-eubalaena-glacialis-2.wav id= 2 pcmInStore= true @ http://localhost:5173/spectrogram/worker/spectrogramWorker.ts?worker_file&type=module:76
[   14659ms] [LOG] [DBG worker proc] pcm ready north-atlantic-right-whale-eubalaena-glacialis-2.wav id= 2 @ http://localhost:5173/spectrogram/worker/spectrogramWorker.ts?worker_file&type=module:78
[   15089ms] [LOG] [DBG gfx worker-new] before new Worker() sperm-whale-physeter-macrocephalus.wav @ http://localhost:5173/spectrogram/SpectrogramGraphics.tsx?t=1778853688377:80
[   15089ms] [LOG] [DBG gfx worker-new] after new Worker() sperm-whale-physeter-macrocephalus.wav @ http://localhost:5173/spectrogram/SpectrogramGraphics.tsx?t=1778853688377:82
[   15089ms] [LOG] [DBG gfx set_pcm] skip: no samples sperm-whale-physeter-macrocephalus.wav len= 0 sr= 32000 @ http://localhost:5173/spectrogram/SpectrogramGraphics.tsx?t=1778853688377:139
[   15090ms] [LOG] [DBG gfx render] post sperm-whale-physeter-macrocephalus.wav id= 1 haveSamples= false @ http://localhost:5173/spectrogram/SpectrogramGraphics.tsx?t=1778853688377:167
[   15090ms] [LOG] [DBG audio] start fetch sperm-whale-physeter-macrocephalus.wav @ http://localhost:5173/spectrogram/SpectrogramProvider.tsx?t=1778853471459:118
[   15092ms] [LOG] [DBG audio] fetched sperm-whale-physeter-macrocephalus.wav ok= true @ http://localhost:5173/spectrogram/SpectrogramProvider.tsx?t=1778853471459:121
[   15098ms] [LOG] [DBG audio] arrayBuffer sperm-whale-physeter-macrocephalus.wav bytes= 611836 cancelled= false @ http://localhost:5173/spectrogram/SpectrogramProvider.tsx?t=1778853471459:126
[   15110ms] [LOG] [DBG audio] AudioContext created sperm-whale-physeter-macrocephalus.wav state= running @ http://localhost:5173/spectrogram/SpectrogramProvider.tsx?t=1778853471459:129
[   15118ms] [LOG] [DBG audio] decoded sperm-whale-physeter-macrocephalus.wav sr= 48000 len= 305896 cancelled= false @ http://localhost:5173/spectrogram/SpectrogramProvider.tsx?t=1778853471459:131
[   15118ms] [LOG] [DBG audio] setAudioSamples called sperm-whale-physeter-macrocephalus.wav samples= 305896 @ http://localhost:5173/spectrogram/SpectrogramProvider.tsx?t=1778853471459:136
[   15118ms] [LOG] [DBG audio] closing AudioContext sperm-whale-physeter-macrocephalus.wav @ http://localhost:5173/spectrogram/SpectrogramProvider.tsx?t=1778853471459:141
[   15120ms] [LOG] [DBG gfx set_pcm] post sperm-whale-physeter-macrocephalus.wav len= 305896 sr= 48000 @ http://localhost:5173/spectrogram/SpectrogramGraphics.tsx?t=1778853688377:148
[   15120ms] [LOG] [DBG gfx render] post sperm-whale-physeter-macrocephalus.wav id= 2 haveSamples= true @ http://localhost:5173/spectrogram/SpectrogramGraphics.tsx?t=1778853688377:167
[   15129ms] [LOG] [DBG worker boot] start wid= 5fvc0h @ http://localhost:5173/spectrogram/worker/spectrogramWorker.ts?worker_file&type=module:3
[   15129ms] [LOG] [DBG worker boot] wasm-glue imported wid= 5fvc0h @ http://localhost:5173/spectrogram/worker/spectrogramWorker.ts?worker_file&type=module:5
[   15130ms] [LOG] [DBG worker boot] registering onmessage wid= 5fvc0h @ http://localhost:5173/spectrogram/worker/spectrogramWorker.ts?worker_file&type=module:165
[   15600ms] [LOG] [DBG gfx worker-new] before new Worker() humpback-whale-megaptera-novaeangliae.wav @ http://localhost:5173/spectrogram/SpectrogramGraphics.tsx?t=1778853688377:80
[   15601ms] [LOG] [DBG gfx worker-new] after new Worker() humpback-whale-megaptera-novaeangliae.wav @ http://localhost:5173/spectrogram/SpectrogramGraphics.tsx?t=1778853688377:82
[   15601ms] [LOG] [DBG gfx set_pcm] skip: no samples humpback-whale-megaptera-novaeangliae.wav len= 0 sr= 32000 @ http://localhost:5173/spectrogram/SpectrogramGraphics.tsx?t=1778853688377:139
[   15601ms] [LOG] [DBG gfx render] post humpback-whale-megaptera-novaeangliae.wav id= 1 haveSamples= false @ http://localhost:5173/spectrogram/SpectrogramGraphics.tsx?t=1778853688377:167
[   15601ms] [LOG] [DBG audio] start fetch humpback-whale-megaptera-novaeangliae.wav @ http://localhost:5173/spectrogram/SpectrogramProvider.tsx?t=1778853471459:118
[   15604ms] [LOG] [DBG audio] fetched humpback-whale-megaptera-novaeangliae.wav ok= true @ http://localhost:5173/spectrogram/SpectrogramProvider.tsx?t=1778853471459:121
[   15615ms] [LOG] [DBG audio] arrayBuffer humpback-whale-megaptera-novaeangliae.wav bytes= 873372 cancelled= false @ http://localhost:5173/spectrogram/SpectrogramProvider.tsx?t=1778853471459:126
[   15615ms] [LOG] [DBG audio] AudioContext created humpback-whale-megaptera-novaeangliae.wav state= running @ http://localhost:5173/spectrogram/SpectrogramProvider.tsx?t=1778853471459:129
[   15649ms] [LOG] [DBG worker boot] start wid= v6mvbf @ http://localhost:5173/spectrogram/worker/spectrogramWorker.ts?worker_file&type=module:3
[   15650ms] [LOG] [DBG worker boot] wasm-glue imported wid= v6mvbf @ http://localhost:5173/spectrogram/worker/spectrogramWorker.ts?worker_file&type=module:5
[   15653ms] [LOG] [DBG worker boot] registering onmessage wid= v6mvbf @ http://localhost:5173/spectrogram/worker/spectrogramWorker.ts?worker_file&type=module:165
[   15711ms] [LOG] [DBG audio] decoded humpback-whale-megaptera-novaeangliae.wav sr= 48000 len= 2619984 cancelled= false @ http://localhost:5173/spectrogram/SpectrogramProvider.tsx?t=1778853471459:131
[   15712ms] [LOG] [DBG audio] setAudioSamples called humpback-whale-megaptera-novaeangliae.wav samples= 2619984 @ http://localhost:5173/spectrogram/SpectrogramProvider.tsx?t=1778853471459:136
[   15712ms] [LOG] [DBG audio] closing AudioContext humpback-whale-megaptera-novaeangliae.wav @ http://localhost:5173/spectrogram/SpectrogramProvider.tsx?t=1778853471459:141
[   15718ms] [LOG] [DBG gfx set_pcm] post humpback-whale-megaptera-novaeangliae.wav len= 2619984 sr= 48000 @ http://localhost:5173/spectrogram/SpectrogramGraphics.tsx?t=1778853688377:148
[   15719ms] [LOG] [DBG gfx render] post humpback-whale-megaptera-novaeangliae.wav id= 2 haveSamples= true @ http://localhost:5173/spectrogram/SpectrogramGraphics.tsx?t=1778853688377:167
[   15720ms] [LOG] [DBG worker] set_pcm humpback-whale-megaptera-novaeangliae.wav len= 2619984 sr= 48000 waiters= 0 @ http://localhost:5173/spectrogram/worker/spectrogramWorker.ts?worker_file&type=module:177
[   15720ms] [LOG] [DBG worker] render recv humpback-whale-megaptera-novaeangliae.wav id= 2 inFlight= false hadPending= false @ http://localhost:5173/spectrogram/worker/spectrogramWorker.ts?worker_file&type=module:189
[   15721ms] [LOG] [DBG worker proc] start humpback-whale-megaptera-novaeangliae.wav id= 2 @ http://localhost:5173/spectrogram/worker/spectrogramWorker.ts?worker_file&type=module:73
[   15721ms] [LOG] [DBG worker proc] wasm ready humpback-whale-megaptera-novaeangliae.wav id= 2 pcmInStore= true @ http://localhost:5173/spectrogram/worker/spectrogramWorker.ts?worker_file&type=module:76
[   15721ms] [LOG] [DBG worker proc] pcm ready humpback-whale-megaptera-novaeangliae.wav id= 2 @ http://localhost:5173/spectrogram/worker/spectrogramWorker.ts?worker_file&type=module:78
[   20300ms] [LOG] [DBG gfx onmessage] minke-whale-balaenoptera-acutorostrata.wav type= image replyId= 2 lastDispatched= 2 lastSettled= 0 @ http://localhost:5173/spectrogram/SpectrogramGraphics.tsx?t=1778853688377:94
[   21697ms] [LOG] [DBG worker] render recv killer-whale-orcinus-orca.wav id= 2 inFlight= true hadPending= false @ http://localhost:5173/spectrogram/worker/spectrogramWorker.ts?worker_file&type=module:189
[   21698ms] [LOG] [DBG gfx onmessage] killer-whale-orcinus-orca.wav type= image replyId= 1 lastDispatched= 2 lastSettled= 0 @ http://localhost:5173/spectrogram/SpectrogramGraphics.tsx?t=1778853688377:94
[   21698ms] [LOG] [DBG worker proc] start killer-whale-orcinus-orca.wav id= 2 @ http://localhost:5173/spectrogram/worker/spectrogramWorker.ts?worker_file&type=module:73
[   21698ms] [LOG] [DBG worker proc] wasm ready killer-whale-orcinus-orca.wav id= 2 pcmInStore= true @ http://localhost:5173/spectrogram/worker/spectrogramWorker.ts?worker_file&type=module:76
[   21699ms] [LOG] [DBG worker proc] pcm ready killer-whale-orcinus-orca.wav id= 2 @ http://localhost:5173/spectrogram/worker/spectrogramWorker.ts?worker_file&type=module:78
[   22453ms] [LOG] [DBG gfx onmessage] pilot-whale-globicephala-spp.wav type= image replyId= 2 lastDispatched= 2 lastSettled= 0 @ http://localhost:5173/spectrogram/SpectrogramGraphics.tsx?t=1778853688377:94
[   23634ms] [LOG] [DBG gfx onmessage] blue-whale-balaenoptera-musculus.wav type= image replyId= 2 lastDispatched= 2 lastSettled= 0 @ http://localhost:5173/spectrogram/SpectrogramGraphics.tsx?t=1778853688377:94
[   25463ms] [LOG] [DBG gfx onmessage] north-atlantic-right-whale-eubalaena-glacialis-2.wav type= image replyId= 2 lastDispatched= 2 lastSettled= 0 @ http://localhost:5173/spectrogram/SpectrogramGraphics.tsx?t=1778853688377:94
[   26350ms] [LOG] [DBG gfx onmessage] humpback-whale-megaptera-novaeangliae.wav type= image replyId= 2 lastDispatched= 2 lastSettled= 0 @ http://localhost:5173/spectrogram/SpectrogramGraphics.tsx?t=1778853688377:94
[   30374ms] [LOG] [DBG gfx onmessage] killer-whale-orcinus-orca.wav type= image replyId= 2 lastDispatched= 2 lastSettled= 1 @ http://localhost:5173/spectrogram/SpectrogramGraphics.tsx?t=1778853688377:94
[  195899ms] [LOG] [DBG gfx worker-new] before new Worker() minke-whale-balaenoptera-acutorostrata.wav @ http://localhost:5173/spectrogram/SpectrogramGraphics.tsx?t=1778853888734:80
[  195900ms] [LOG] [DBG gfx worker-new] after new Worker() minke-whale-balaenoptera-acutorostrata.wav @ http://localhost:5173/spectrogram/SpectrogramGraphics.tsx?t=1778853888734:82
[  195904ms] [LOG] [DBG gfx set_pcm] post minke-whale-balaenoptera-acutorostrata.wav len= 1859064 sr= 48000 @ http://localhost:5173/spectrogram/SpectrogramGraphics.tsx?t=1778853888734:149
[  195904ms] [LOG] [DBG gfx render] post minke-whale-balaenoptera-acutorostrata.wav id= 1 haveSamples= true @ http://localhost:5173/spectrogram/SpectrogramGraphics.tsx?t=1778853888734:168
[  195905ms] [LOG] [DBG gfx worker-new] before new Worker() sei-whale-balaenoptera-borealis.wav @ http://localhost:5173/spectrogram/SpectrogramGraphics.tsx?t=1778853888734:80
[  195905ms] [LOG] [DBG gfx worker-new] after new Worker() sei-whale-balaenoptera-borealis.wav @ http://localhost:5173/spectrogram/SpectrogramGraphics.tsx?t=1778853888734:82
[  195911ms] [LOG] [DBG gfx set_pcm] post sei-whale-balaenoptera-borealis.wav len= 382896 sr= 48000 @ http://localhost:5173/spectrogram/SpectrogramGraphics.tsx?t=1778853888734:149
[  195911ms] [LOG] [DBG gfx render] post sei-whale-balaenoptera-borealis.wav id= 1 haveSamples= true @ http://localhost:5173/spectrogram/SpectrogramGraphics.tsx?t=1778853888734:168
[  195911ms] [LOG] [DBG gfx worker-new] before new Worker() fin-whale-balaenoptera physalus.wav @ http://localhost:5173/spectrogram/SpectrogramGraphics.tsx?t=1778853888734:80
[  195912ms] [LOG] [DBG gfx worker-new] after new Worker() fin-whale-balaenoptera physalus.wav @ http://localhost:5173/spectrogram/SpectrogramGraphics.tsx?t=1778853888734:82
[  195913ms] [LOG] [DBG gfx set_pcm] post fin-whale-balaenoptera physalus.wav len= 664512 sr= 48000 @ http://localhost:5173/spectrogram/SpectrogramGraphics.tsx?t=1778853888734:149
[  195914ms] [LOG] [DBG gfx render] post fin-whale-balaenoptera physalus.wav id= 1 haveSamples= true @ http://localhost:5173/spectrogram/SpectrogramGraphics.tsx?t=1778853888734:168
[  195914ms] [LOG] [DBG gfx worker-new] before new Worker() pilot-whale-globicephala-spp.wav @ http://localhost:5173/spectrogram/SpectrogramGraphics.tsx?t=1778853888734:80
[  195914ms] [LOG] [DBG gfx worker-new] after new Worker() pilot-whale-globicephala-spp.wav @ http://localhost:5173/spectrogram/SpectrogramGraphics.tsx?t=1778853888734:82
[  195917ms] [LOG] [DBG gfx set_pcm] post pilot-whale-globicephala-spp.wav len= 1429235 sr= 48000 @ http://localhost:5173/spectrogram/SpectrogramGraphics.tsx?t=1778853888734:149
[  195917ms] [LOG] [DBG gfx render] post pilot-whale-globicephala-spp.wav id= 1 haveSamples= true @ http://localhost:5173/spectrogram/SpectrogramGraphics.tsx?t=1778853888734:168
[  195917ms] [LOG] [DBG gfx worker-new] before new Worker() north-atlantic-right-whale-eubalaena-glacialis-1.wav @ http://localhost:5173/spectrogram/SpectrogramGraphics.tsx?t=1778853888734:80
[  195918ms] [LOG] [DBG gfx worker-new] after new Worker() north-atlantic-right-whale-eubalaena-glacialis-1.wav @ http://localhost:5173/spectrogram/SpectrogramGraphics.tsx?t=1778853888734:82
[  195919ms] [LOG] [DBG gfx set_pcm] post north-atlantic-right-whale-eubalaena-glacialis-1.wav len= 628152 sr= 48000 @ http://localhost:5173/spectrogram/SpectrogramGraphics.tsx?t=1778853888734:149
[  195919ms] [LOG] [DBG gfx render] post north-atlantic-right-whale-eubalaena-glacialis-1.wav id= 1 haveSamples= true @ http://localhost:5173/spectrogram/SpectrogramGraphics.tsx?t=1778853888734:168
[  195920ms] [LOG] [DBG gfx worker-new] before new Worker() blue-whale-balaenoptera-musculus.wav @ http://localhost:5173/spectrogram/SpectrogramGraphics.tsx?t=1778853888734:80
[  195920ms] [LOG] [DBG gfx worker-new] after new Worker() blue-whale-balaenoptera-musculus.wav @ http://localhost:5173/spectrogram/SpectrogramGraphics.tsx?t=1778853888734:82
[  195927ms] [LOG] [DBG gfx set_pcm] post blue-whale-balaenoptera-musculus.wav len= 4462368 sr= 48000 @ http://localhost:5173/spectrogram/SpectrogramGraphics.tsx?t=1778853888734:149
[  195928ms] [LOG] [DBG gfx render] post blue-whale-balaenoptera-musculus.wav id= 1 haveSamples= true @ http://localhost:5173/spectrogram/SpectrogramGraphics.tsx?t=1778853888734:168
[  195928ms] [LOG] [DBG gfx worker-new] before new Worker() northern-bottlenose-whale-hyperoodon-ampullatus.wav @ http://localhost:5173/spectrogram/SpectrogramGraphics.tsx?t=1778853888734:80
[  195929ms] [LOG] [DBG gfx worker-new] after new Worker() northern-bottlenose-whale-hyperoodon-ampullatus.wav @ http://localhost:5173/spectrogram/SpectrogramGraphics.tsx?t=1778853888734:82
[  195930ms] [LOG] [DBG gfx set_pcm] post northern-bottlenose-whale-hyperoodon-ampullatus.wav len= 283150 sr= 48000 @ http://localhost:5173/spectrogram/SpectrogramGraphics.tsx?t=1778853888734:149
[  195930ms] [LOG] [DBG gfx render] post northern-bottlenose-whale-hyperoodon-ampullatus.wav id= 1 haveSamples= true @ http://localhost:5173/spectrogram/SpectrogramGraphics.tsx?t=1778853888734:168
[  195930ms] [LOG] [DBG gfx worker-new] before new Worker() killer-whale-orcinus-orca.wav @ http://localhost:5173/spectrogram/SpectrogramGraphics.tsx?t=1778853888734:80
[  195931ms] [LOG] [DBG gfx worker-new] after new Worker() killer-whale-orcinus-orca.wav @ http://localhost:5173/spectrogram/SpectrogramGraphics.tsx?t=1778853888734:82
[  195936ms] [LOG] [DBG gfx set_pcm] post killer-whale-orcinus-orca.wav len= 2567992 sr= 48000 @ http://localhost:5173/spectrogram/SpectrogramGraphics.tsx?t=1778853888734:149
[  195936ms] [LOG] [DBG gfx render] post killer-whale-orcinus-orca.wav id= 1 haveSamples= true @ http://localhost:5173/spectrogram/SpectrogramGraphics.tsx?t=1778853888734:168
[  195937ms] [LOG] [DBG gfx worker-new] before new Worker() north-atlantic-right-whale-eubalaena-glacialis-2.wav @ http://localhost:5173/spectrogram/SpectrogramGraphics.tsx?t=1778853888734:80
[  195938ms] [LOG] [DBG gfx worker-new] after new Worker() north-atlantic-right-whale-eubalaena-glacialis-2.wav @ http://localhost:5173/spectrogram/SpectrogramGraphics.tsx?t=1778853888734:82
[  195940ms] [LOG] [DBG gfx set_pcm] post north-atlantic-right-whale-eubalaena-glacialis-2.wav len= 1276992 sr= 48000 @ http://localhost:5173/spectrogram/SpectrogramGraphics.tsx?t=1778853888734:149
[  195941ms] [LOG] [DBG gfx render] post north-atlantic-right-whale-eubalaena-glacialis-2.wav id= 1 haveSamples= true @ http://localhost:5173/spectrogram/SpectrogramGraphics.tsx?t=1778853888734:168
[  195941ms] [LOG] [DBG gfx worker-new] before new Worker() sperm-whale-physeter-macrocephalus.wav @ http://localhost:5173/spectrogram/SpectrogramGraphics.tsx?t=1778853888734:80
[  195942ms] [LOG] [DBG gfx worker-new] after new Worker() sperm-whale-physeter-macrocephalus.wav @ http://localhost:5173/spectrogram/SpectrogramGraphics.tsx?t=1778853888734:82
[  195943ms] [LOG] [DBG gfx set_pcm] post sperm-whale-physeter-macrocephalus.wav len= 305896 sr= 48000 @ http://localhost:5173/spectrogram/SpectrogramGraphics.tsx?t=1778853888734:149
[  195943ms] [LOG] [DBG gfx render] post sperm-whale-physeter-macrocephalus.wav id= 1 haveSamples= true @ http://localhost:5173/spectrogram/SpectrogramGraphics.tsx?t=1778853888734:168
[  195944ms] [LOG] [DBG gfx worker-new] before new Worker() humpback-whale-megaptera-novaeangliae.wav @ http://localhost:5173/spectrogram/SpectrogramGraphics.tsx?t=1778853888734:80
[  195944ms] [LOG] [DBG gfx worker-new] after new Worker() humpback-whale-megaptera-novaeangliae.wav @ http://localhost:5173/spectrogram/SpectrogramGraphics.tsx?t=1778853888734:82
[  195948ms] [LOG] [DBG gfx set_pcm] post humpback-whale-megaptera-novaeangliae.wav len= 2619984 sr= 48000 @ http://localhost:5173/spectrogram/SpectrogramGraphics.tsx?t=1778853888734:149
[  195949ms] [LOG] [DBG gfx render] post humpback-whale-megaptera-novaeangliae.wav id= 1 haveSamples= true @ http://localhost:5173/spectrogram/SpectrogramGraphics.tsx?t=1778853888734:168
[  196043ms] [LOG] [DBG worker boot] start wid= gcr603 @ http://localhost:5173/spectrogram/worker/spectrogramWorker.ts?worker_file&type=module:3
[  196048ms] [LOG] [DBG worker boot] wasm-glue imported wid= gcr603 @ http://localhost:5173/spectrogram/worker/spectrogramWorker.ts?worker_file&type=module:5
[  196049ms] [LOG] [DBG worker boot] registering onmessage wid= gcr603 @ http://localhost:5173/spectrogram/worker/spectrogramWorker.ts?worker_file&type=module:165
[  196050ms] [LOG] [DBG worker boot] start wid= 1a30mp @ http://localhost:5173/spectrogram/worker/spectrogramWorker.ts?worker_file&type=module:3
[  196050ms] [LOG] [DBG worker boot] wasm-glue imported wid= 1a30mp @ http://localhost:5173/spectrogram/worker/spectrogramWorker.ts?worker_file&type=module:5
[  196050ms] [LOG] [DBG worker boot] registering onmessage wid= 1a30mp @ http://localhost:5173/spectrogram/worker/spectrogramWorker.ts?worker_file&type=module:165
[  196082ms] [LOG] [DBG worker boot] start wid= 669s0s @ http://localhost:5173/spectrogram/worker/spectrogramWorker.ts?worker_file&type=module:3
[  196082ms] [LOG] [DBG worker boot] wasm-glue imported wid= 669s0s @ http://localhost:5173/spectrogram/worker/spectrogramWorker.ts?worker_file&type=module:5
[  196083ms] [LOG] [DBG worker boot] registering onmessage wid= 669s0s @ http://localhost:5173/spectrogram/worker/spectrogramWorker.ts?worker_file&type=module:165
[  196082ms] [LOG] [DBG worker boot] start wid= bovsaw @ http://localhost:5173/spectrogram/worker/spectrogramWorker.ts?worker_file&type=module:3
[  196083ms] [LOG] [DBG worker boot] wasm-glue imported wid= bovsaw @ http://localhost:5173/spectrogram/worker/spectrogramWorker.ts?worker_file&type=module:5
[  196084ms] [LOG] [DBG worker boot] registering onmessage wid= bovsaw @ http://localhost:5173/spectrogram/worker/spectrogramWorker.ts?worker_file&type=module:165
[  196102ms] [LOG] [DBG worker boot] start wid= w0pj3g @ http://localhost:5173/spectrogram/worker/spectrogramWorker.ts?worker_file&type=module:3
[  196114ms] [LOG] [DBG worker boot] start wid= mk3ywp @ http://localhost:5173/spectrogram/worker/spectrogramWorker.ts?worker_file&type=module:3
[  196114ms] [LOG] [DBG worker boot] wasm-glue imported wid= mk3ywp @ http://localhost:5173/spectrogram/worker/spectrogramWorker.ts?worker_file&type=module:5
[  196115ms] [LOG] [DBG worker boot] registering onmessage wid= mk3ywp @ http://localhost:5173/spectrogram/worker/spectrogramWorker.ts?worker_file&type=module:165
[  196102ms] [LOG] [DBG worker boot] wasm-glue imported wid= w0pj3g @ http://localhost:5173/spectrogram/worker/spectrogramWorker.ts?worker_file&type=module:5
[  196117ms] [LOG] [DBG worker boot] registering onmessage wid= w0pj3g @ http://localhost:5173/spectrogram/worker/spectrogramWorker.ts?worker_file&type=module:165
[  196122ms] [LOG] [DBG worker boot] start wid= pr9vaa @ http://localhost:5173/spectrogram/worker/spectrogramWorker.ts?worker_file&type=module:3
[  196122ms] [LOG] [DBG worker boot] wasm-glue imported wid= pr9vaa @ http://localhost:5173/spectrogram/worker/spectrogramWorker.ts?worker_file&type=module:5
[  196123ms] [LOG] [DBG worker boot] registering onmessage wid= pr9vaa @ http://localhost:5173/spectrogram/worker/spectrogramWorker.ts?worker_file&type=module:165
[  196123ms] [LOG] [DBG worker boot] start wid= tyjtdp @ http://localhost:5173/spectrogram/worker/spectrogramWorker.ts?worker_file&type=module:3
[  196123ms] [LOG] [DBG worker boot] wasm-glue imported wid= tyjtdp @ http://localhost:5173/spectrogram/worker/spectrogramWorker.ts?worker_file&type=module:5
[  196133ms] [LOG] [DBG worker boot] registering onmessage wid= tyjtdp @ http://localhost:5173/spectrogram/worker/spectrogramWorker.ts?worker_file&type=module:165
[  196132ms] [LOG] [DBG worker boot] start wid= 42tru7 @ http://localhost:5173/spectrogram/worker/spectrogramWorker.ts?worker_file&type=module:3
[  196137ms] [LOG] [DBG worker boot] wasm-glue imported wid= 42tru7 @ http://localhost:5173/spectrogram/worker/spectrogramWorker.ts?worker_file&type=module:5
[  196138ms] [LOG] [DBG worker boot] registering onmessage wid= 42tru7 @ http://localhost:5173/spectrogram/worker/spectrogramWorker.ts?worker_file&type=module:165
[  196151ms] [LOG] [DBG worker boot] start wid= tj4dyb @ http://localhost:5173/spectrogram/worker/spectrogramWorker.ts?worker_file&type=module:3
[  196151ms] [LOG] [DBG worker boot] wasm-glue imported wid= tj4dyb @ http://localhost:5173/spectrogram/worker/spectrogramWorker.ts?worker_file&type=module:5
[  196160ms] [LOG] [DBG worker boot] start wid= nxf1vi @ http://localhost:5173/spectrogram/worker/spectrogramWorker.ts?worker_file&type=module:3
[  196160ms] [LOG] [DBG worker boot] wasm-glue imported wid= nxf1vi @ http://localhost:5173/spectrogram/worker/spectrogramWorker.ts?worker_file&type=module:5
[  196161ms] [LOG] [DBG worker boot] registering onmessage wid= nxf1vi @ http://localhost:5173/spectrogram/worker/spectrogramWorker.ts?worker_file&type=module:165
[  196162ms] [LOG] [DBG worker boot] registering onmessage wid= tj4dyb @ http://localhost:5173/spectrogram/worker/spectrogramWorker.ts?worker_file&type=module:165
