[-10051893ms] [ERROR] Unable to preventDefault inside passive event listener invocation. @ http://localhost:5173/node_modules/.vite/deps/chunk-SVG7M4VJ.js?v=84b494a0:5772
[-10051885ms] [ERROR] Unable to preventDefault inside passive event listener invocation. @ http://localhost:5173/node_modules/.vite/deps/chunk-SVG7M4VJ.js?v=84b494a0:5772
[-10051874ms] [ERROR] Unable to preventDefault inside passive event listener invocation. @ http://localhost:5173/node_modules/.vite/deps/chunk-SVG7M4VJ.js?v=84b494a0:5772
[-10051863ms] [ERROR] Unable to preventDefault inside passive event listener invocation. @ http://localhost:5173/node_modules/.vite/deps/chunk-SVG7M4VJ.js?v=84b494a0:5772
[-10051852ms] [ERROR] Unable to preventDefault inside passive event listener invocation. @ http://localhost:5173/node_modules/.vite/deps/chunk-SVG7M4VJ.js?v=84b494a0:5772
[-10051840ms] [ERROR] Unable to preventDefault inside passive event listener invocation. @ http://localhost:5173/node_modules/.vite/deps/chunk-SVG7M4VJ.js?v=84b494a0:5772
[-10051829ms] [ERROR] Unable to preventDefault inside passive event listener invocation. @ http://localhost:5173/node_modules/.vite/deps/chunk-SVG7M4VJ.js?v=84b494a0:5772
[-10051818ms] [ERROR] Unable to preventDefault inside passive event listener invocation. @ http://localhost:5173/node_modules/.vite/deps/chunk-SVG7M4VJ.js?v=84b494a0:5772
[-10051807ms] [ERROR] Unable to preventDefault inside passive event listener invocation. @ http://localhost:5173/node_modules/.vite/deps/chunk-SVG7M4VJ.js?v=84b494a0:5772
[-10051796ms] [ERROR] Unable to preventDefault inside passive event listener invocation. @ http://localhost:5173/node_modules/.vite/deps/chunk-SVG7M4VJ.js?v=84b494a0:5772
[-10051784ms] [ERROR] Unable to preventDefault inside passive event listener invocation. @ http://localhost:5173/node_modules/.vite/deps/chunk-SVG7M4VJ.js?v=84b494a0:5772
[-10051774ms] [ERROR] Unable to preventDefault inside passive event listener invocation. @ http://localhost:5173/node_modules/.vite/deps/chunk-SVG7M4VJ.js?v=84b494a0:5772
[-10051762ms] [ERROR] Unable to preventDefault inside passive event listener invocation. @ http://localhost:5173/node_modules/.vite/deps/chunk-SVG7M4VJ.js?v=84b494a0:5772
[-10051751ms] [ERROR] Unable to preventDefault inside passive event listener invocation. @ http://localhost:5173/node_modules/.vite/deps/chunk-SVG7M4VJ.js?v=84b494a0:5772
[-10051741ms] [ERROR] Unable to preventDefault inside passive event listener invocation. @ http://localhost:5173/node_modules/.vite/deps/chunk-SVG7M4VJ.js?v=84b494a0:5772
[-10051728ms] [ERROR] Unable to preventDefault inside passive event listener invocation. @ http://localhost:5173/node_modules/.vite/deps/chunk-SVG7M4VJ.js?v=84b494a0:5772
[-10051707ms] [ERROR] Unable to preventDefault inside passive event listener invocation. @ http://localhost:5173/node_modules/.vite/deps/chunk-SVG7M4VJ.js?v=84b494a0:5772
[-10051691ms] [ERROR] Unable to preventDefault inside passive event listener invocation. @ http://localhost:5173/node_modules/.vite/deps/chunk-SVG7M4VJ.js?v=84b494a0:5772
[-10051441ms] [ERROR] Unable to preventDefault inside passive event listener invocation. @ http://localhost:5173/node_modules/.vite/deps/chunk-SVG7M4VJ.js?v=84b494a0:5772
[-10051429ms] [ERROR] Unable to preventDefault inside passive event listener invocation. @ http://localhost:5173/node_modules/.vite/deps/chunk-SVG7M4VJ.js?v=84b494a0:5772
[-10051418ms] [ERROR] Unable to preventDefault inside passive event listener invocation. @ http://localhost:5173/node_modules/.vite/deps/chunk-SVG7M4VJ.js?v=84b494a0:5772
[-10051407ms] [ERROR] Unable to preventDefault inside passive event listener invocation. @ http://localhost:5173/node_modules/.vite/deps/chunk-SVG7M4VJ.js?v=84b494a0:5772
[-10051396ms] [ERROR] Unable to preventDefault inside passive event listener invocation. @ http://localhost:5173/node_modules/.vite/deps/chunk-SVG7M4VJ.js?v=84b494a0:5772
[-10051385ms] [ERROR] Unable to preventDefault inside passive event listener invocation. @ http://localhost:5173/node_modules/.vite/deps/chunk-SVG7M4VJ.js?v=84b494a0:5772
[-10051373ms] [ERROR] Unable to preventDefault inside passive event listener invocation. @ http://localhost:5173/node_modules/.vite/deps/chunk-SVG7M4VJ.js?v=84b494a0:5772
[-10051351ms] [ERROR] Unable to preventDefault inside passive event listener invocation. @ http://localhost:5173/node_modules/.vite/deps/chunk-SVG7M4VJ.js?v=84b494a0:5772
[-10051313ms] [ERROR] Unable to preventDefault inside passive event listener invocation. @ http://localhost:5173/node_modules/.vite/deps/chunk-SVG7M4VJ.js?v=84b494a0:5772
[-10051263ms] [ERROR] Unable to preventDefault inside passive event listener invocation. @ http://localhost:5173/node_modules/.vite/deps/chunk-SVG7M4VJ.js?v=84b494a0:5772
[-10049966ms] [ERROR] Unable to preventDefault inside passive event listener invocation. @ http://localhost:5173/node_modules/.vite/deps/chunk-SVG7M4VJ.js?v=84b494a0:5772
[-10049949ms] [ERROR] Unable to preventDefault inside passive event listener invocation. @ http://localhost:5173/node_modules/.vite/deps/chunk-SVG7M4VJ.js?v=84b494a0:5772
[-10049938ms] [ERROR] Unable to preventDefault inside passive event listener invocation. @ http://localhost:5173/node_modules/.vite/deps/chunk-SVG7M4VJ.js?v=84b494a0:5772
[-10049926ms] [ERROR] Unable to preventDefault inside passive event listener invocation. @ http://localhost:5173/node_modules/.vite/deps/chunk-SVG7M4VJ.js?v=84b494a0:5772
[-10049915ms] [ERROR] Unable to preventDefault inside passive event listener invocation. @ http://localhost:5173/node_modules/.vite/deps/chunk-SVG7M4VJ.js?v=84b494a0:5772
[-10049901ms] [ERROR] Unable to preventDefault inside passive event listener invocation. @ http://localhost:5173/node_modules/.vite/deps/chunk-SVG7M4VJ.js?v=84b494a0:5772
[-10049889ms] [ERROR] Unable to preventDefault inside passive event listener invocation. @ http://localhost:5173/node_modules/.vite/deps/chunk-SVG7M4VJ.js?v=84b494a0:5772
[-10049878ms] [ERROR] Unable to preventDefault inside passive event listener invocation. @ http://localhost:5173/node_modules/.vite/deps/chunk-SVG7M4VJ.js?v=84b494a0:5772
[-10049867ms] [ERROR] Unable to preventDefault inside passive event listener invocation. @ http://localhost:5173/node_modules/.vite/deps/chunk-SVG7M4VJ.js?v=84b494a0:5772
[-10049855ms] [ERROR] Unable to preventDefault inside passive event listener invocation. @ http://localhost:5173/node_modules/.vite/deps/chunk-SVG7M4VJ.js?v=84b494a0:5772
[-10049845ms] [ERROR] Unable to preventDefault inside passive event listener invocation. @ http://localhost:5173/node_modules/.vite/deps/chunk-SVG7M4VJ.js?v=84b494a0:5772
[-10049834ms] [ERROR] Unable to preventDefault inside passive event listener invocation. @ http://localhost:5173/node_modules/.vite/deps/chunk-SVG7M4VJ.js?v=84b494a0:5772
[-10049822ms] [ERROR] Unable to preventDefault inside passive event listener invocation. @ http://localhost:5173/node_modules/.vite/deps/chunk-SVG7M4VJ.js?v=84b494a0:5772
[-10049812ms] [ERROR] Unable to preventDefault inside passive event listener invocation. @ http://localhost:5173/node_modules/.vite/deps/chunk-SVG7M4VJ.js?v=84b494a0:5772
[-10049800ms] [ERROR] Unable to preventDefault inside passive event listener invocation. @ http://localhost:5173/node_modules/.vite/deps/chunk-SVG7M4VJ.js?v=84b494a0:5772
[-10049789ms] [ERROR] Unable to preventDefault inside passive event listener invocation. @ http://localhost:5173/node_modules/.vite/deps/chunk-SVG7M4VJ.js?v=84b494a0:5772
[-10049779ms] [ERROR] Unable to preventDefault inside passive event listener invocation. @ http://localhost:5173/node_modules/.vite/deps/chunk-SVG7M4VJ.js?v=84b494a0:5772
[-10049766ms] [ERROR] Unable to preventDefault inside passive event listener invocation. @ http://localhost:5173/node_modules/.vite/deps/chunk-SVG7M4VJ.js?v=84b494a0:5772
[-10049572ms] [ERROR] Unable to preventDefault inside passive event listener invocation. @ http://localhost:5173/node_modules/.vite/deps/chunk-SVG7M4VJ.js?v=84b494a0:5772
[-10049560ms] [ERROR] Unable to preventDefault inside passive event listener invocation. @ http://localhost:5173/node_modules/.vite/deps/chunk-SVG7M4VJ.js?v=84b494a0:5772
[-10047072ms] [ERROR] Unable to preventDefault inside passive event listener invocation. @ http://localhost:5173/node_modules/.vite/deps/chunk-SVG7M4VJ.js?v=84b494a0:5772
[-10047060ms] [ERROR] Unable to preventDefault inside passive event listener invocation. @ http://localhost:5173/node_modules/.vite/deps/chunk-SVG7M4VJ.js?v=84b494a0:5772
[-10047050ms] [ERROR] Unable to preventDefault inside passive event listener invocation. @ http://localhost:5173/node_modules/.vite/deps/chunk-SVG7M4VJ.js?v=84b494a0:5772
[-10047038ms] [ERROR] Unable to preventDefault inside passive event listener invocation. @ http://localhost:5173/node_modules/.vite/deps/chunk-SVG7M4VJ.js?v=84b494a0:5772
[-10047028ms] [ERROR] Unable to preventDefault inside passive event listener invocation. @ http://localhost:5173/node_modules/.vite/deps/chunk-SVG7M4VJ.js?v=84b494a0:5772
[-10047016ms] [ERROR] Unable to preventDefault inside passive event listener invocation. @ http://localhost:5173/node_modules/.vite/deps/chunk-SVG7M4VJ.js?v=84b494a0:5772
[-10047004ms] [ERROR] Unable to preventDefault inside passive event listener invocation. @ http://localhost:5173/node_modules/.vite/deps/chunk-SVG7M4VJ.js?v=84b494a0:5772
[-10046994ms] [ERROR] Unable to preventDefault inside passive event listener invocation. @ http://localhost:5173/node_modules/.vite/deps/chunk-SVG7M4VJ.js?v=84b494a0:5772
[-10046983ms] [ERROR] Unable to preventDefault inside passive event listener invocation. @ http://localhost:5173/node_modules/.vite/deps/chunk-SVG7M4VJ.js?v=84b494a0:5772
[-10046972ms] [ERROR] Unable to preventDefault inside passive event listener invocation. @ http://localhost:5173/node_modules/.vite/deps/chunk-SVG7M4VJ.js?v=84b494a0:5772
[-10046961ms] [ERROR] Unable to preventDefault inside passive event listener invocation. @ http://localhost:5173/node_modules/.vite/deps/chunk-SVG7M4VJ.js?v=84b494a0:5772
[-10046949ms] [ERROR] Unable to preventDefault inside passive event listener invocation. @ http://localhost:5173/node_modules/.vite/deps/chunk-SVG7M4VJ.js?v=84b494a0:5772
[-10046928ms] [ERROR] Unable to preventDefault inside passive event listener invocation. @ http://localhost:5173/node_modules/.vite/deps/chunk-SVG7M4VJ.js?v=84b494a0:5772
[-10046927ms] [ERROR] Unable to preventDefault inside passive event listener invocation. @ http://localhost:5173/node_modules/.vite/deps/chunk-SVG7M4VJ.js?v=84b494a0:5772
[-10046916ms] [ERROR] Unable to preventDefault inside passive event listener invocation. @ http://localhost:5173/node_modules/.vite/deps/chunk-SVG7M4VJ.js?v=84b494a0:5772
[-10046901ms] [ERROR] Unable to preventDefault inside passive event listener invocation. @ http://localhost:5173/node_modules/.vite/deps/chunk-SVG7M4VJ.js?v=84b494a0:5772
[-10046891ms] [ERROR] Unable to preventDefault inside passive event listener invocation. @ http://localhost:5173/node_modules/.vite/deps/chunk-SVG7M4VJ.js?v=84b494a0:5772
[-10046872ms] [ERROR] Unable to preventDefault inside passive event listener invocation. @ http://localhost:5173/node_modules/.vite/deps/chunk-SVG7M4VJ.js?v=84b494a0:5772
[-10046861ms] [ERROR] Unable to preventDefault inside passive event listener invocation. @ http://localhost:5173/node_modules/.vite/deps/chunk-SVG7M4VJ.js?v=84b494a0:5772
[-10046850ms] [ERROR] Unable to preventDefault inside passive event listener invocation. @ http://localhost:5173/node_modules/.vite/deps/chunk-SVG7M4VJ.js?v=84b494a0:5772
[-10046839ms] [ERROR] Unable to preventDefault inside passive event listener invocation. @ http://localhost:5173/node_modules/.vite/deps/chunk-SVG7M4VJ.js?v=84b494a0:5772
[-10046828ms] [ERROR] Unable to preventDefault inside passive event listener invocation. @ http://localhost:5173/node_modules/.vite/deps/chunk-SVG7M4VJ.js?v=84b494a0:5772
[-10046817ms] [ERROR] Unable to preventDefault inside passive event listener invocation. @ http://localhost:5173/node_modules/.vite/deps/chunk-SVG7M4VJ.js?v=84b494a0:5772
[-10046806ms] [ERROR] Unable to preventDefault inside passive event listener invocation. @ http://localhost:5173/node_modules/.vite/deps/chunk-SVG7M4VJ.js?v=84b494a0:5772
[-10046794ms] [ERROR] Unable to preventDefault inside passive event listener invocation. @ http://localhost:5173/node_modules/.vite/deps/chunk-SVG7M4VJ.js?v=84b494a0:5772
[-10046784ms] [ERROR] Unable to preventDefault inside passive event listener invocation. @ http://localhost:5173/node_modules/.vite/deps/chunk-SVG7M4VJ.js?v=84b494a0:5772
[-10046772ms] [ERROR] Unable to preventDefault inside passive event listener invocation. @ http://localhost:5173/node_modules/.vite/deps/chunk-SVG7M4VJ.js?v=84b494a0:5772
[-10046761ms] [ERROR] Unable to preventDefault inside passive event listener invocation. @ http://localhost:5173/node_modules/.vite/deps/chunk-SVG7M4VJ.js?v=84b494a0:5772
[-10046750ms] [ERROR] Unable to preventDefault inside passive event listener invocation. @ http://localhost:5173/node_modules/.vite/deps/chunk-SVG7M4VJ.js?v=84b494a0:5772
[-10046739ms] [ERROR] Unable to preventDefault inside passive event listener invocation. @ http://localhost:5173/node_modules/.vite/deps/chunk-SVG7M4VJ.js?v=84b494a0:5772
[-10046728ms] [ERROR] Unable to preventDefault inside passive event listener invocation. @ http://localhost:5173/node_modules/.vite/deps/chunk-SVG7M4VJ.js?v=84b494a0:5772
[-10046717ms] [ERROR] Unable to preventDefault inside passive event listener invocation. @ http://localhost:5173/node_modules/.vite/deps/chunk-SVG7M4VJ.js?v=84b494a0:5772
[-10046706ms] [ERROR] Unable to preventDefault inside passive event listener invocation. @ http://localhost:5173/node_modules/.vite/deps/chunk-SVG7M4VJ.js?v=84b494a0:5772
[-10046695ms] [ERROR] Unable to preventDefault inside passive event listener invocation. @ http://localhost:5173/node_modules/.vite/deps/chunk-SVG7M4VJ.js?v=84b494a0:5772
[-10046684ms] [ERROR] Unable to preventDefault inside passive event listener invocation. @ http://localhost:5173/node_modules/.vite/deps/chunk-SVG7M4VJ.js?v=84b494a0:5772
[-10046672ms] [ERROR] Unable to preventDefault inside passive event listener invocation. @ http://localhost:5173/node_modules/.vite/deps/chunk-SVG7M4VJ.js?v=84b494a0:5772
[-10046661ms] [ERROR] Unable to preventDefault inside passive event listener invocation. @ http://localhost:5173/node_modules/.vite/deps/chunk-SVG7M4VJ.js?v=84b494a0:5772
[-10046650ms] [ERROR] Unable to preventDefault inside passive event listener invocation. @ http://localhost:5173/node_modules/.vite/deps/chunk-SVG7M4VJ.js?v=84b494a0:5772
[-10046639ms] [ERROR] Unable to preventDefault inside passive event listener invocation. @ http://localhost:5173/node_modules/.vite/deps/chunk-SVG7M4VJ.js?v=84b494a0:5772
[-10046628ms] [ERROR] Unable to preventDefault inside passive event listener invocation. @ http://localhost:5173/node_modules/.vite/deps/chunk-SVG7M4VJ.js?v=84b494a0:5772
[-10046617ms] [ERROR] Unable to preventDefault inside passive event listener invocation. @ http://localhost:5173/node_modules/.vite/deps/chunk-SVG7M4VJ.js?v=84b494a0:5772
[-10046606ms] [ERROR] Unable to preventDefault inside passive event listener invocation. @ http://localhost:5173/node_modules/.vite/deps/chunk-SVG7M4VJ.js?v=84b494a0:5772
[-10046595ms] [ERROR] Unable to preventDefault inside passive event listener invocation. @ http://localhost:5173/node_modules/.vite/deps/chunk-SVG7M4VJ.js?v=84b494a0:5772
[-10046584ms] [ERROR] Unable to preventDefault inside passive event listener invocation. @ http://localhost:5173/node_modules/.vite/deps/chunk-SVG7M4VJ.js?v=84b494a0:5772
[-10046573ms] [ERROR] Unable to preventDefault inside passive event listener invocation. @ http://localhost:5173/node_modules/.vite/deps/chunk-SVG7M4VJ.js?v=84b494a0:5772
[-10046561ms] [ERROR] Unable to preventDefault inside passive event listener invocation. @ http://localhost:5173/node_modules/.vite/deps/chunk-SVG7M4VJ.js?v=84b494a0:5772
[-10046550ms] [ERROR] Unable to preventDefault inside passive event listener invocation. @ http://localhost:5173/node_modules/.vite/deps/chunk-SVG7M4VJ.js?v=84b494a0:5772
[-10046539ms] [ERROR] Unable to preventDefault inside passive event listener invocation. @ http://localhost:5173/node_modules/.vite/deps/chunk-SVG7M4VJ.js?v=84b494a0:5772
[-10046528ms] [ERROR] Unable to preventDefault inside passive event listener invocation. @ http://localhost:5173/node_modules/.vite/deps/chunk-SVG7M4VJ.js?v=84b494a0:5772
[-10046517ms] [ERROR] Unable to preventDefault inside passive event listener invocation. @ http://localhost:5173/node_modules/.vite/deps/chunk-SVG7M4VJ.js?v=84b494a0:5772
[-10046506ms] [ERROR] Unable to preventDefault inside passive event listener invocation. @ http://localhost:5173/node_modules/.vite/deps/chunk-SVG7M4VJ.js?v=84b494a0:5772
[-10046495ms] [ERROR] Unable to preventDefault inside passive event listener invocation. @ http://localhost:5173/node_modules/.vite/deps/chunk-SVG7M4VJ.js?v=84b494a0:5772
[-10046484ms] [ERROR] Unable to preventDefault inside passive event listener invocation. @ http://localhost:5173/node_modules/.vite/deps/chunk-SVG7M4VJ.js?v=84b494a0:5772
[-10046472ms] [ERROR] Unable to preventDefault inside passive event listener invocation. @ http://localhost:5173/node_modules/.vite/deps/chunk-SVG7M4VJ.js?v=84b494a0:5772
[-10046461ms] [ERROR] Unable to preventDefault inside passive event listener invocation. @ http://localhost:5173/node_modules/.vite/deps/chunk-SVG7M4VJ.js?v=84b494a0:5772
[-10046450ms] [ERROR] Unable to preventDefault inside passive event listener invocation. @ http://localhost:5173/node_modules/.vite/deps/chunk-SVG7M4VJ.js?v=84b494a0:5772
[-10046439ms] [ERROR] Unable to preventDefault inside passive event listener invocation. @ http://localhost:5173/node_modules/.vite/deps/chunk-SVG7M4VJ.js?v=84b494a0:5772
[-10046428ms] [ERROR] Unable to preventDefault inside passive event listener invocation. @ http://localhost:5173/node_modules/.vite/deps/chunk-SVG7M4VJ.js?v=84b494a0:5772
[-10045332ms] [ERROR] Unable to preventDefault inside passive event listener invocation. @ http://localhost:5173/node_modules/.vite/deps/chunk-SVG7M4VJ.js?v=84b494a0:5772
[-10045321ms] [ERROR] Unable to preventDefault inside passive event listener invocation. @ http://localhost:5173/node_modules/.vite/deps/chunk-SVG7M4VJ.js?v=84b494a0:5772
[-10045310ms] [ERROR] Unable to preventDefault inside passive event listener invocation. @ http://localhost:5173/node_modules/.vite/deps/chunk-SVG7M4VJ.js?v=84b494a0:5772
[-10045298ms] [ERROR] Unable to preventDefault inside passive event listener invocation. @ http://localhost:5173/node_modules/.vite/deps/chunk-SVG7M4VJ.js?v=84b494a0:5772
[-10045286ms] [ERROR] Unable to preventDefault inside passive event listener invocation. @ http://localhost:5173/node_modules/.vite/deps/chunk-SVG7M4VJ.js?v=84b494a0:5772
[-10045276ms] [ERROR] Unable to preventDefault inside passive event listener invocation. @ http://localhost:5173/node_modules/.vite/deps/chunk-SVG7M4VJ.js?v=84b494a0:5772
[-10045265ms] [ERROR] Unable to preventDefault inside passive event listener invocation. @ http://localhost:5173/node_modules/.vite/deps/chunk-SVG7M4VJ.js?v=84b494a0:5772
[-10045254ms] [ERROR] Unable to preventDefault inside passive event listener invocation. @ http://localhost:5173/node_modules/.vite/deps/chunk-SVG7M4VJ.js?v=84b494a0:5772
[-10045242ms] [ERROR] Unable to preventDefault inside passive event listener invocation. @ http://localhost:5173/node_modules/.vite/deps/chunk-SVG7M4VJ.js?v=84b494a0:5772
[-10045231ms] [ERROR] Unable to preventDefault inside passive event listener invocation. @ http://localhost:5173/node_modules/.vite/deps/chunk-SVG7M4VJ.js?v=84b494a0:5772
[-10045221ms] [ERROR] Unable to preventDefault inside passive event listener invocation. @ http://localhost:5173/node_modules/.vite/deps/chunk-SVG7M4VJ.js?v=84b494a0:5772
[-10045210ms] [ERROR] Unable to preventDefault inside passive event listener invocation. @ http://localhost:5173/node_modules/.vite/deps/chunk-SVG7M4VJ.js?v=84b494a0:5772
[-10045188ms] [ERROR] Unable to preventDefault inside passive event listener invocation. @ http://localhost:5173/node_modules/.vite/deps/chunk-SVG7M4VJ.js?v=84b494a0:5772
[-10045187ms] [ERROR] Unable to preventDefault inside passive event listener invocation. @ http://localhost:5173/node_modules/.vite/deps/chunk-SVG7M4VJ.js?v=84b494a0:5772
[-10045176ms] [ERROR] Unable to preventDefault inside passive event listener invocation. @ http://localhost:5173/node_modules/.vite/deps/chunk-SVG7M4VJ.js?v=84b494a0:5772
[-10045165ms] [ERROR] Unable to preventDefault inside passive event listener invocation. @ http://localhost:5173/node_modules/.vite/deps/chunk-SVG7M4VJ.js?v=84b494a0:5772
[-10045154ms] [ERROR] Unable to preventDefault inside passive event listener invocation. @ http://localhost:5173/node_modules/.vite/deps/chunk-SVG7M4VJ.js?v=84b494a0:5772
[-10045143ms] [ERROR] Unable to preventDefault inside passive event listener invocation. @ http://localhost:5173/node_modules/.vite/deps/chunk-SVG7M4VJ.js?v=84b494a0:5772
[-10045131ms] [ERROR] Unable to preventDefault inside passive event listener invocation. @ http://localhost:5173/node_modules/.vite/deps/chunk-SVG7M4VJ.js?v=84b494a0:5772
[-10045121ms] [ERROR] Unable to preventDefault inside passive event listener invocation. @ http://localhost:5173/node_modules/.vite/deps/chunk-SVG7M4VJ.js?v=84b494a0:5772
[-10045110ms] [ERROR] Unable to preventDefault inside passive event listener invocation. @ http://localhost:5173/node_modules/.vite/deps/chunk-SVG7M4VJ.js?v=84b494a0:5772
[-10045097ms] [ERROR] Unable to preventDefault inside passive event listener invocation. @ http://localhost:5173/node_modules/.vite/deps/chunk-SVG7M4VJ.js?v=84b494a0:5772
[-10045087ms] [ERROR] Unable to preventDefault inside passive event listener invocation. @ http://localhost:5173/node_modules/.vite/deps/chunk-SVG7M4VJ.js?v=84b494a0:5772
[-10045076ms] [ERROR] Unable to preventDefault inside passive event listener invocation. @ http://localhost:5173/node_modules/.vite/deps/chunk-SVG7M4VJ.js?v=84b494a0:5772
[-10045065ms] [ERROR] Unable to preventDefault inside passive event listener invocation. @ http://localhost:5173/node_modules/.vite/deps/chunk-SVG7M4VJ.js?v=84b494a0:5772
[-10045051ms] [ERROR] Unable to preventDefault inside passive event listener invocation. @ http://localhost:5173/node_modules/.vite/deps/chunk-SVG7M4VJ.js?v=84b494a0:5772
[-10045040ms] [ERROR] Unable to preventDefault inside passive event listener invocation. @ http://localhost:5173/node_modules/.vite/deps/chunk-SVG7M4VJ.js?v=84b494a0:5772
[-10045028ms] [ERROR] Unable to preventDefault inside passive event listener invocation. @ http://localhost:5173/node_modules/.vite/deps/chunk-SVG7M4VJ.js?v=84b494a0:5772
[-10045017ms] [ERROR] Unable to preventDefault inside passive event listener invocation. @ http://localhost:5173/node_modules/.vite/deps/chunk-SVG7M4VJ.js?v=84b494a0:5772
[-10045006ms] [ERROR] Unable to preventDefault inside passive event listener invocation. @ http://localhost:5173/node_modules/.vite/deps/chunk-SVG7M4VJ.js?v=84b494a0:5772
[-10044995ms] [ERROR] Unable to preventDefault inside passive event listener invocation. @ http://localhost:5173/node_modules/.vite/deps/chunk-SVG7M4VJ.js?v=84b494a0:5772
[-10044983ms] [ERROR] Unable to preventDefault inside passive event listener invocation. @ http://localhost:5173/node_modules/.vite/deps/chunk-SVG7M4VJ.js?v=84b494a0:5772
[-10044973ms] [ERROR] Unable to preventDefault inside passive event listener invocation. @ http://localhost:5173/node_modules/.vite/deps/chunk-SVG7M4VJ.js?v=84b494a0:5772
[-10044961ms] [ERROR] Unable to preventDefault inside passive event listener invocation. @ http://localhost:5173/node_modules/.vite/deps/chunk-SVG7M4VJ.js?v=84b494a0:5772
[-10044950ms] [ERROR] Unable to preventDefault inside passive event listener invocation. @ http://localhost:5173/node_modules/.vite/deps/chunk-SVG7M4VJ.js?v=84b494a0:5772
[-10044940ms] [ERROR] Unable to preventDefault inside passive event listener invocation. @ http://localhost:5173/node_modules/.vite/deps/chunk-SVG7M4VJ.js?v=84b494a0:5772
[-10044928ms] [ERROR] Unable to preventDefault inside passive event listener invocation. @ http://localhost:5173/node_modules/.vite/deps/chunk-SVG7M4VJ.js?v=84b494a0:5772
[-10044916ms] [ERROR] Unable to preventDefault inside passive event listener invocation. @ http://localhost:5173/node_modules/.vite/deps/chunk-SVG7M4VJ.js?v=84b494a0:5772
[-10044906ms] [ERROR] Unable to preventDefault inside passive event listener invocation. @ http://localhost:5173/node_modules/.vite/deps/chunk-SVG7M4VJ.js?v=84b494a0:5772
[-10044895ms] [ERROR] Unable to preventDefault inside passive event listener invocation. @ http://localhost:5173/node_modules/.vite/deps/chunk-SVG7M4VJ.js?v=84b494a0:5772
[-10044883ms] [ERROR] Unable to preventDefault inside passive event listener invocation. @ http://localhost:5173/node_modules/.vite/deps/chunk-SVG7M4VJ.js?v=84b494a0:5772
[-10044873ms] [ERROR] Unable to preventDefault inside passive event listener invocation. @ http://localhost:5173/node_modules/.vite/deps/chunk-SVG7M4VJ.js?v=84b494a0:5772
[-10044862ms] [ERROR] Unable to preventDefault inside passive event listener invocation. @ http://localhost:5173/node_modules/.vite/deps/chunk-SVG7M4VJ.js?v=84b494a0:5772
[-10044850ms] [ERROR] Unable to preventDefault inside passive event listener invocation. @ http://localhost:5173/node_modules/.vite/deps/chunk-SVG7M4VJ.js?v=84b494a0:5772
[-10044838ms] [ERROR] Unable to preventDefault inside passive event listener invocation. @ http://localhost:5173/node_modules/.vite/deps/chunk-SVG7M4VJ.js?v=84b494a0:5772
[-10044828ms] [ERROR] Unable to preventDefault inside passive event listener invocation. @ http://localhost:5173/node_modules/.vite/deps/chunk-SVG7M4VJ.js?v=84b494a0:5772
[-10044817ms] [ERROR] Unable to preventDefault inside passive event listener invocation. @ http://localhost:5173/node_modules/.vite/deps/chunk-SVG7M4VJ.js?v=84b494a0:5772
[-10044805ms] [ERROR] Unable to preventDefault inside passive event listener invocation. @ http://localhost:5173/node_modules/.vite/deps/chunk-SVG7M4VJ.js?v=84b494a0:5772
[-10044795ms] [ERROR] Unable to preventDefault inside passive event listener invocation. @ http://localhost:5173/node_modules/.vite/deps/chunk-SVG7M4VJ.js?v=84b494a0:5772
[-10044783ms] [ERROR] Unable to preventDefault inside passive event listener invocation. @ http://localhost:5173/node_modules/.vite/deps/chunk-SVG7M4VJ.js?v=84b494a0:5772
[-10044772ms] [ERROR] Unable to preventDefault inside passive event listener invocation. @ http://localhost:5173/node_modules/.vite/deps/chunk-SVG7M4VJ.js?v=84b494a0:5772
[-10044761ms] [ERROR] Unable to preventDefault inside passive event listener invocation. @ http://localhost:5173/node_modules/.vite/deps/chunk-SVG7M4VJ.js?v=84b494a0:5772
[-10044750ms] [ERROR] Unable to preventDefault inside passive event listener invocation. @ http://localhost:5173/node_modules/.vite/deps/chunk-SVG7M4VJ.js?v=84b494a0:5772
[-10044740ms] [ERROR] Unable to preventDefault inside passive event listener invocation. @ http://localhost:5173/node_modules/.vite/deps/chunk-SVG7M4VJ.js?v=84b494a0:5772
[-10044729ms] [ERROR] Unable to preventDefault inside passive event listener invocation. @ http://localhost:5173/node_modules/.vite/deps/chunk-SVG7M4VJ.js?v=84b494a0:5772
[-10044718ms] [ERROR] Unable to preventDefault inside passive event listener invocation. @ http://localhost:5173/node_modules/.vite/deps/chunk-SVG7M4VJ.js?v=84b494a0:5772
[-10044706ms] [ERROR] Unable to preventDefault inside passive event listener invocation. @ http://localhost:5173/node_modules/.vite/deps/chunk-SVG7M4VJ.js?v=84b494a0:5772
[-10044694ms] [ERROR] Unable to preventDefault inside passive event listener invocation. @ http://localhost:5173/node_modules/.vite/deps/chunk-SVG7M4VJ.js?v=84b494a0:5772
[-10044683ms] [ERROR] Unable to preventDefault inside passive event listener invocation. @ http://localhost:5173/node_modules/.vite/deps/chunk-SVG7M4VJ.js?v=84b494a0:5772
[-10044672ms] [ERROR] Unable to preventDefault inside passive event listener invocation. @ http://localhost:5173/node_modules/.vite/deps/chunk-SVG7M4VJ.js?v=84b494a0:5772
[-10044662ms] [ERROR] Unable to preventDefault inside passive event listener invocation. @ http://localhost:5173/node_modules/.vite/deps/chunk-SVG7M4VJ.js?v=84b494a0:5772
[-10044650ms] [ERROR] Unable to preventDefault inside passive event listener invocation. @ http://localhost:5173/node_modules/.vite/deps/chunk-SVG7M4VJ.js?v=84b494a0:5772
[-10044639ms] [ERROR] Unable to preventDefault inside passive event listener invocation. @ http://localhost:5173/node_modules/.vite/deps/chunk-SVG7M4VJ.js?v=84b494a0:5772
[-10044627ms] [ERROR] Unable to preventDefault inside passive event listener invocation. @ http://localhost:5173/node_modules/.vite/deps/chunk-SVG7M4VJ.js?v=84b494a0:5772
[-10044616ms] [ERROR] Unable to preventDefault inside passive event listener invocation. @ http://localhost:5173/node_modules/.vite/deps/chunk-SVG7M4VJ.js?v=84b494a0:5772
[-10044606ms] [ERROR] Unable to preventDefault inside passive event listener invocation. @ http://localhost:5173/node_modules/.vite/deps/chunk-SVG7M4VJ.js?v=84b494a0:5772
[-10044595ms] [ERROR] Unable to preventDefault inside passive event listener invocation. @ http://localhost:5173/node_modules/.vite/deps/chunk-SVG7M4VJ.js?v=84b494a0:5772
[-10044583ms] [ERROR] Unable to preventDefault inside passive event listener invocation. @ http://localhost:5173/node_modules/.vite/deps/chunk-SVG7M4VJ.js?v=84b494a0:5772
[-10044572ms] [ERROR] Unable to preventDefault inside passive event listener invocation. @ http://localhost:5173/node_modules/.vite/deps/chunk-SVG7M4VJ.js?v=84b494a0:5772
[-10044560ms] [ERROR] Unable to preventDefault inside passive event listener invocation. @ http://localhost:5173/node_modules/.vite/deps/chunk-SVG7M4VJ.js?v=84b494a0:5772
[-10044540ms] [ERROR] Unable to preventDefault inside passive event listener invocation. @ http://localhost:5173/node_modules/.vite/deps/chunk-SVG7M4VJ.js?v=84b494a0:5772
[-10044528ms] [ERROR] Unable to preventDefault inside passive event listener invocation. @ http://localhost:5173/node_modules/.vite/deps/chunk-SVG7M4VJ.js?v=84b494a0:5772
[-10044517ms] [ERROR] Unable to preventDefault inside passive event listener invocation. @ http://localhost:5173/node_modules/.vite/deps/chunk-SVG7M4VJ.js?v=84b494a0:5772
[-10044495ms] [ERROR] Unable to preventDefault inside passive event listener invocation. @ http://localhost:5173/node_modules/.vite/deps/chunk-SVG7M4VJ.js?v=84b494a0:5772
[-10044483ms] [ERROR] Unable to preventDefault inside passive event listener invocation. @ http://localhost:5173/node_modules/.vite/deps/chunk-SVG7M4VJ.js?v=84b494a0:5772
[-10044462ms] [ERROR] Unable to preventDefault inside passive event listener invocation. @ http://localhost:5173/node_modules/.vite/deps/chunk-SVG7M4VJ.js?v=84b494a0:5772
[-10044450ms] [ERROR] Unable to preventDefault inside passive event listener invocation. @ http://localhost:5173/node_modules/.vite/deps/chunk-SVG7M4VJ.js?v=84b494a0:5772
[-10044427ms] [ERROR] Unable to preventDefault inside passive event listener invocation. @ http://localhost:5173/node_modules/.vite/deps/chunk-SVG7M4VJ.js?v=84b494a0:5772
[-10044406ms] [ERROR] Unable to preventDefault inside passive event listener invocation. @ http://localhost:5173/node_modules/.vite/deps/chunk-SVG7M4VJ.js?v=84b494a0:5772
[-10044384ms] [ERROR] Unable to preventDefault inside passive event listener invocation. @ http://localhost:5173/node_modules/.vite/deps/chunk-SVG7M4VJ.js?v=84b494a0:5772
[-10044362ms] [ERROR] Unable to preventDefault inside passive event listener invocation. @ http://localhost:5173/node_modules/.vite/deps/chunk-SVG7M4VJ.js?v=84b494a0:5772
[-10044339ms] [ERROR] Unable to preventDefault inside passive event listener invocation. @ http://localhost:5173/node_modules/.vite/deps/chunk-SVG7M4VJ.js?v=84b494a0:5772
[-10044317ms] [ERROR] Unable to preventDefault inside passive event listener invocation. @ http://localhost:5173/node_modules/.vite/deps/chunk-SVG7M4VJ.js?v=84b494a0:5772
[-10044296ms] [ERROR] Unable to preventDefault inside passive event listener invocation. @ http://localhost:5173/node_modules/.vite/deps/chunk-SVG7M4VJ.js?v=84b494a0:5772
[-10044261ms] [ERROR] Unable to preventDefault inside passive event listener invocation. @ http://localhost:5173/node_modules/.vite/deps/chunk-SVG7M4VJ.js?v=84b494a0:5772
[-10315938ms] [INFO] %cDownload the React DevTools for a better development experience: https://reactjs.org/link/react-devtools font-weight:bold @ http://localhost:5173/node_modules/.vite/deps/chunk-SVG7M4VJ.js?v=84b494a0:21606
[-10315881ms] [WARNING] %cElectron Security Warning (Disabled webSecurity) font-weight: bold; This renderer process has "webSecurity" disabled. This
  exposes users of this app to severe security risks.

For more information and help, consult
https://electronjs.org/docs/tutorial/security.
This warning will not show up
once the app is packaged. @ node:electron/js2c/sandbox_bundle:1
[-10315880ms] [WARNING] %cElectron Security Warning (allowRunningInsecureContent) font-weight: bold; This renderer process has "allowRunningInsecureContent"
  enabled. This exposes users of this app to severe security risks.

  
For more information and help, consult
https://electronjs.org/docs/tutorial/security.
This warning will not show up
once the app is packaged. @ node:electron/js2c/sandbox_bundle:1
[-1914594ms] [LOG] [vite] server connection lost. Polling for restart... @ http://localhost:5173/@vite/client:863
[      13ms] [INFO] %cDownload the React DevTools for a better development experience: https://reactjs.org/link/react-devtools font-weight:bold @ http://localhost:5173/node_modules/.vite/deps/chunk-SVG7M4VJ.js?v=84b494a0:21606
[      69ms] [WARNING] %cElectron Security Warning (Disabled webSecurity) font-weight: bold; This renderer process has "webSecurity" disabled. This
  exposes users of this app to severe security risks.

For more information and help, consult
https://electronjs.org/docs/tutorial/security.
This warning will not show up
once the app is packaged. @ node:electron/js2c/sandbox_bundle:1
[      70ms] [WARNING] %cElectron Security Warning (allowRunningInsecureContent) font-weight: bold; This renderer process has "allowRunningInsecureContent"
  enabled. This exposes users of this app to severe security risks.

  
For more information and help, consult
https://electronjs.org/docs/tutorial/security.
This warning will not show up
once the app is packaged. @ node:electron/js2c/sandbox_bundle:1
