[     185ms] [INFO] %cDownload the React DevTools for a better development experience: https://reactjs.org/link/react-devtools font-weight:bold @ http://localhost:5173/node_modules/.vite/deps/chunk-SVG7M4VJ.js?v=84b494a0:21606
[     231ms] [WARNING] %cElectron Security Warning (Disabled webSecurity) font-weight: bold; This renderer process has "webSecurity" disabled. This
  exposes users of this app to severe security risks.

For more information and help, consult
https://electronjs.org/docs/tutorial/security.
This warning will not show up
once the app is packaged. @ node:electron/js2c/sandbox_bundle:1
[     232ms] [WARNING] %cElectron Security Warning (allowRunningInsecureContent) font-weight: bold; This renderer process has "allowRunningInsecureContent"
  enabled. This exposes users of this app to severe security risks.

  
For more information and help, consult
https://electronjs.org/docs/tutorial/security.
This warning will not show up
once the app is packaged. @ node:electron/js2c/sandbox_bundle:1
[   19629ms] [LOG] [spec/graphics] 19619 subscribe effect mount {fileId: hale-balaenoptera-borealis.wav} @ http://localhost:5173/spectrogram/SpectrogramGraphics.tsx?t=1779455377299:26
[   19631ms] [LOG] [spec/client] 19620 ensureWorker creating new Worker @ http://localhost:5173/spectrogram/workerClient.ts?t=1779455377299:3
[   19632ms] [LOG] [spec/client] 19622 ensureWorker awaiting ready @ http://localhost:5173/spectrogram/workerClient.ts?t=1779455377299:3
[   19633ms] [LOG] [spec/client] 19622 subscribeWorker {fileId: hale-balaenoptera-borealis.wav, setSize: 1} @ http://localhost:5173/spectrogram/workerClient.ts?t=1779455377299:3
[   19633ms] [LOG] [spec/graphics] 19623 set_pcm effect skipped {fileId: hale-balaenoptera-borealis.wav, audioLen: 0, sampleRate: 32000} @ http://localhost:5173/spectrogram/SpectrogramGraphics.tsx?t=1779455377299:26
[   19634ms] [LOG] [spec/graphics] 19623 render effect skipped — no audioSamples {fileId: hale-balaenoptera-borealis.wav} @ http://localhost:5173/spectrogram/SpectrogramGraphics.tsx?t=1779455377299:26
[   19694ms] [LOG] [spec/graphics] 19683 set_pcm effect posting {fileId: hale-balaenoptera-borealis.wav, audioLen: 382896, sampleRate: 48000} @ http://localhost:5173/spectrogram/SpectrogramGraphics.tsx?t=1779455377299:26
[   19695ms] [LOG] [spec/client] 19684 postWorkerMessage buffered (pre-ready) {type: set_pcm, fileId: hale-balaenoptera-borealis.wav, renderId: undefined, transferCount: 1} @ http://localhost:5173/spectrogram/workerClient.ts?t=1779455377299:3
[   19696ms] [LOG] [spec/graphics] 19685 markRenderPosted {fileId: hale-balaenoptera-borealis.wav, renderId: 1, timerArmed: true} @ http://localhost:5173/spectrogram/SpectrogramGraphics.tsx?t=1779455377299:26
[   19696ms] [LOG] [spec/graphics] 19686 render effect posting {fileId: hale-balaenoptera-borealis.wav, renderId: 1, startTime: 0, windowDuration: 15} @ http://localhost:5173/spectrogram/SpectrogramGraphics.tsx?t=1779455377299:26
[   19697ms] [LOG] [spec/client] 19686 postWorkerMessage buffered (pre-ready) {type: render, fileId: hale-balaenoptera-borealis.wav, renderId: 1, transferCount: 0} @ http://localhost:5173/spectrogram/workerClient.ts?t=1779455377299:3
[   19721ms] [LOG] [spec/client] 19710 worker ready — flushing pending posts {count: 2} @ http://localhost:5173/spectrogram/workerClient.ts?t=1779455377299:3
[   19721ms] [LOG] [spec/worker] 63 worker ready posted @ http://localhost:5173/spectrogram/worker/spectrogramWorker.ts?worker_file&type=module:6
[   19723ms] [LOG] [spec/worker] 65 onmessage {type: set_pcm, fileId: hale-balaenoptera-borealis.wav, renderId: undefined} @ http://localhost:5173/spectrogram/worker/spectrogramWorker.ts?worker_file&type=module:6
[   19730ms] [LOG] [spec/worker] 72 set_pcm stored {fileId: hale-balaenoptera-borealis.wav, pcmLen: 382896, sampleRate: 48000, waitersResolved: 0} @ http://localhost:5173/spectrogram/worker/spectrogramWorker.ts?worker_file&type=module:6
[   19733ms] [LOG] [spec/worker] 76 onmessage {type: render, fileId: hale-balaenoptera-borealis.wav, renderId: 1} @ http://localhost:5173/spectrogram/worker/spectrogramWorker.ts?worker_file&type=module:6
[   19734ms] [LOG] [spec/worker] 77 render queued {fileId: hale-balaenoptera-borealis.wav, renderId: 1, replaced: false, renderInFlight: false, pendingSize: 1} @ http://localhost:5173/spectrogram/worker/spectrogramWorker.ts?worker_file&type=module:6
[   19735ms] [LOG] [spec/worker] 78 runLoop enter {pendingSize: 1} @ http://localhost:5173/spectrogram/worker/spectrogramWorker.ts?worker_file&type=module:6
[   19736ms] [LOG] [spec/worker] 78 runLoop drain iteration {fileId: hale-balaenoptera-borealis.wav, renderId: 1, remaining: 0} @ http://localhost:5173/spectrogram/worker/spectrogramWorker.ts?worker_file&type=module:6
[   19738ms] [LOG] [spec/worker] 80 processRender enter {renderId: 1, fileId: hale-balaenoptera-borealis.wav, t0: 0, windowDuration: 15} @ http://localhost:5173/spectrogram/worker/spectrogramWorker.ts?worker_file&type=module:6
[   19738ms] [LOG] [spec/worker] 80 processRender awaiting PCM {renderId: 1, fileId: hale-balaenoptera-borealis.wav, hasPcm: true} @ http://localhost:5173/spectrogram/worker/spectrogramWorker.ts?worker_file&type=module:6
[   19739ms] [LOG] [spec/worker] 81 processRender PCM ready {renderId: 1, fileId: hale-balaenoptera-borealis.wav} @ http://localhost:5173/spectrogram/worker/spectrogramWorker.ts?worker_file&type=module:6
[   19861ms] [LOG] [spec/graphics] 19851 show-timer fired {fileId: hale-balaenoptera-borealis.wav, shouldShow: true, lastDispatched: 1, lastSettled: 0} @ http://localhost:5173/spectrogram/SpectrogramGraphics.tsx?t=1779455377299:26
[   25062ms] [LOG] [spec/worker] 5404 processRender assembleWindowMel done {renderId: 1, frames: 2812, melLen: 190336} @ http://localhost:5173/spectrogram/worker/spectrogramWorker.ts?worker_file&type=module:6
[   25216ms] [LOG] [spec/worker] 5558 processRender converting to blob {renderId: 1, fileId: hale-balaenoptera-borealis.wav, width: 2812, height: 128} @ http://localhost:5173/spectrogram/worker/spectrogramWorker.ts?worker_file&type=module:6
[   25237ms] [LOG] [spec/worker] 5580 processRender posting image {renderId: 1, fileId: hale-balaenoptera-borealis.wav, blobSize: 65565} @ http://localhost:5173/spectrogram/worker/spectrogramWorker.ts?worker_file&type=module:6
[   25239ms] [LOG] [spec/worker] 5581 runLoop exit — queue drained @ http://localhost:5173/spectrogram/worker/spectrogramWorker.ts?worker_file&type=module:6
[   25239ms] [LOG] [spec/client] 25229 onmessage {type: image, fileId: hale-balaenoptera-borealis.wav, renderId: 1, listenerCount: 1, blobSize: 65565} @ http://localhost:5173/spectrogram/workerClient.ts?t=1779455377299:3
[   25240ms] [LOG] [spec/graphics] 25230 cb received {fileId: hale-balaenoptera-borealis.wav, type: image, replyId: 1, lastDispatched: 1, stale: false} @ http://localhost:5173/spectrogram/SpectrogramGraphics.tsx?t=1779455377299:26
[   25241ms] [LOG] [spec/graphics] 25230 markRenderDone {fileId: hale-balaenoptera-borealis.wav, id: 1, prevSettled: 0, lastSettled: 1, lastDispatched: 1} @ http://localhost:5173/spectrogram/SpectrogramGraphics.tsx?t=1779455377299:26
[   71200ms] [LOG] [spec/graphics] 71189 subscribe effect cleanup {fileId: hale-balaenoptera-borealis.wav, lastDispatched: 1, lastSettled: 1} @ http://localhost:5173/spectrogram/SpectrogramGraphics.tsx?t=1779455377299:26
[   71201ms] [LOG] [spec/client] 71190 unsubscribeWorker {fileId: hale-balaenoptera-borealis.wav, remaining: 0} @ http://localhost:5173/spectrogram/workerClient.ts?t=1779455377299:3
[   71201ms] [LOG] [spec/client] 71191 unsubscribeWorker last subscriber — posting clear_pcm {fileId: hale-balaenoptera-borealis.wav} @ http://localhost:5173/spectrogram/workerClient.ts?t=1779455377299:3
[   71202ms] [LOG] [spec/client] 71192 postWorkerMessage {type: clear_pcm, fileId: hale-balaenoptera-borealis.wav, renderId: undefined, transferCount: 0} @ http://localhost:5173/spectrogram/workerClient.ts?t=1779455377299:3
[   71203ms] [LOG] [spec/worker] 51546 onmessage {type: clear_pcm, fileId: hale-balaenoptera-borealis.wav, renderId: undefined} @ http://localhost:5173/spectrogram/worker/spectrogramWorker.ts?worker_file&type=module:6
[   71204ms] [LOG] [spec/worker] 51546 clear_pcm {fileId: hale-balaenoptera-borealis.wav, hadPcm: true, droppedQueued: false, waitersWoken: 0} @ http://localhost:5173/spectrogram/worker/spectrogramWorker.ts?worker_file&type=module:6
