[  -21665ms] [INFO] %cDownload the React DevTools for a better development experience: https://reactjs.org/link/react-devtools font-weight:bold @ http://localhost:5173/node_modules/.vite/deps/chunk-SVG7M4VJ.js?v=84b494a0:21606
[  -21623ms] [WARNING] %cElectron Security Warning (Disabled webSecurity) font-weight: bold; This renderer process has "webSecurity" disabled. This
  exposes users of this app to severe security risks.

For more information and help, consult
https://electronjs.org/docs/tutorial/security.
This warning will not show up
once the app is packaged. @ node:electron/js2c/sandbox_bundle:1
[  -21623ms] [WARNING] %cElectron Security Warning (allowRunningInsecureContent) font-weight: bold; This renderer process has "allowRunningInsecureContent"
  enabled. This exposes users of this app to severe security risks.

  
For more information and help, consult
https://electronjs.org/docs/tutorial/security.
This warning will not show up
once the app is packaged. @ node:electron/js2c/sandbox_bundle:1
[   21170ms] [LOG] [spec/graphics] 44098 subscribe effect mount {fileId: hale-balaenoptera-borealis.wav} @ http://localhost:5173/spectrogram/SpectrogramGraphics.tsx:26
[   21171ms] [LOG] [spec/client] 44099 ensureWorker creating new Worker @ http://localhost:5173/spectrogram/workerClient.ts:3
[   21172ms] [LOG] [spec/client] 44100 ensureWorker posted init @ http://localhost:5173/spectrogram/workerClient.ts:3
[   21172ms] [LOG] [spec/client] 44100 subscribeWorker {fileId: hale-balaenoptera-borealis.wav, setSize: 1} @ http://localhost:5173/spectrogram/workerClient.ts:3
[   21172ms] [LOG] [spec/graphics] 44100 set_pcm effect skipped {fileId: hale-balaenoptera-borealis.wav, audioLen: 0, sampleRate: 32000} @ http://localhost:5173/spectrogram/SpectrogramGraphics.tsx:26
[   21173ms] [LOG] [spec/graphics] 44101 render effect skipped — no audioSamples {fileId: hale-balaenoptera-borealis.wav} @ http://localhost:5173/spectrogram/SpectrogramGraphics.tsx:26
[   21248ms] [LOG] [spec/graphics] 44176 set_pcm effect posting {fileId: hale-balaenoptera-borealis.wav, audioLen: 382896, sampleRate: 48000} @ http://localhost:5173/spectrogram/SpectrogramGraphics.tsx:26
[   21249ms] [LOG] [spec/client] 44177 postWorkerMessage {type: set_pcm, fileId: hale-balaenoptera-borealis.wav, renderId: undefined, transferCount: 1} @ http://localhost:5173/spectrogram/workerClient.ts:3
[   21249ms] [LOG] [spec/graphics] 44177 markRenderPosted {fileId: hale-balaenoptera-borealis.wav, renderId: 1, timerArmed: true} @ http://localhost:5173/spectrogram/SpectrogramGraphics.tsx:26
[   21249ms] [LOG] [spec/graphics] 44177 render effect posting {fileId: hale-balaenoptera-borealis.wav, renderId: 1, startTime: 0, windowDuration: 15} @ http://localhost:5173/spectrogram/SpectrogramGraphics.tsx:26
[   21249ms] [LOG] [spec/client] 44177 postWorkerMessage {type: render, fileId: hale-balaenoptera-borealis.wav, renderId: 1, transferCount: 0} @ http://localhost:5173/spectrogram/workerClient.ts:3
[   21409ms] [LOG] [spec/graphics] 44337 show-timer fired {fileId: hale-balaenoptera-borealis.wav, shouldShow: true, lastDispatched: 1, lastSettled: 0} @ http://localhost:5173/spectrogram/SpectrogramGraphics.tsx:26
[  107821ms] [LOG] [spec/worker] 199 onmessage {type: clear_pcm, fileId: TEST_PROBE_FILEID, renderId: undefined} @ http://localhost:5173/spectrogram/worker/spectrogramWorker.ts:4
[  107822ms] [LOG] [spec/worker] 200 clear_pcm {fileId: TEST_PROBE_FILEID, hadPcm: false, droppedQueued: false, waitersWoken: 0} @ http://localhost:5173/spectrogram/worker/spectrogramWorker.ts:4
[  294517ms] [LOG] [spec/graphics] 317445 subscribe effect cleanup {fileId: hale-balaenoptera-borealis.wav, lastDispatched: 1, lastSettled: 0} @ http://localhost:5173/spectrogram/SpectrogramGraphics.tsx:26
[  294517ms] [LOG] [spec/client] 317445 unsubscribeWorker {fileId: hale-balaenoptera-borealis.wav, remaining: 0} @ http://localhost:5173/spectrogram/workerClient.ts:3
[  294517ms] [LOG] [spec/client] 317445 unsubscribeWorker last subscriber — posting clear_pcm {fileId: hale-balaenoptera-borealis.wav} @ http://localhost:5173/spectrogram/workerClient.ts:3
[  294518ms] [LOG] [spec/worker] 273275 onmessage {type: clear_pcm, fileId: hale-balaenoptera-borealis.wav, renderId: undefined} @ http://localhost:5173/spectrogram/worker/spectrogramWorker.ts?worker_file&type=module:6
[  294519ms] [LOG] [spec/worker] 273275 clear_pcm {fileId: hale-balaenoptera-borealis.wav, hadPcm: false, droppedQueued: false, waitersWoken: 0} @ http://localhost:5173/spectrogram/worker/spectrogramWorker.ts?worker_file&type=module:6
[  307819ms] [LOG] [spec/graphics] 330747 subscribe effect mount {fileId: hale-balaenoptera-borealis.wav} @ http://localhost:5173/spectrogram/SpectrogramGraphics.tsx:26
[  307819ms] [LOG] [spec/client] 330747 subscribeWorker {fileId: hale-balaenoptera-borealis.wav, setSize: 1} @ http://localhost:5173/spectrogram/workerClient.ts:3
[  307820ms] [LOG] [spec/graphics] 330748 set_pcm effect skipped {fileId: hale-balaenoptera-borealis.wav, audioLen: 0, sampleRate: 32000} @ http://localhost:5173/spectrogram/SpectrogramGraphics.tsx:26
[  307822ms] [LOG] [spec/graphics] 330750 render effect skipped — no audioSamples {fileId: hale-balaenoptera-borealis.wav} @ http://localhost:5173/spectrogram/SpectrogramGraphics.tsx:26
[  307893ms] [LOG] [spec/graphics] 330821 set_pcm effect posting {fileId: hale-balaenoptera-borealis.wav, audioLen: 382896, sampleRate: 48000} @ http://localhost:5173/spectrogram/SpectrogramGraphics.tsx:26
[  307893ms] [LOG] [spec/client] 330821 postWorkerMessage {type: set_pcm, fileId: hale-balaenoptera-borealis.wav, renderId: undefined, transferCount: 1} @ http://localhost:5173/spectrogram/workerClient.ts:3
[  307894ms] [LOG] [spec/graphics] 330822 markRenderPosted {fileId: hale-balaenoptera-borealis.wav, renderId: 1, timerArmed: true} @ http://localhost:5173/spectrogram/SpectrogramGraphics.tsx:26
[  307894ms] [LOG] [spec/worker] 286651 onmessage {type: set_pcm, fileId: hale-balaenoptera-borealis.wav, renderId: undefined} @ http://localhost:5173/spectrogram/worker/spectrogramWorker.ts?worker_file&type=module:6
[  307894ms] [LOG] [spec/worker] 286651 set_pcm stored {fileId: hale-balaenoptera-borealis.wav, pcmLen: 382896, sampleRate: 48000, waitersResolved: 0} @ http://localhost:5173/spectrogram/worker/spectrogramWorker.ts?worker_file&type=module:6
[  307894ms] [LOG] [spec/graphics] 330822 render effect posting {fileId: hale-balaenoptera-borealis.wav, renderId: 1, startTime: 0, windowDuration: 15} @ http://localhost:5173/spectrogram/SpectrogramGraphics.tsx:26
[  307895ms] [LOG] [spec/client] 330823 postWorkerMessage {type: render, fileId: hale-balaenoptera-borealis.wav, renderId: 1, transferCount: 0} @ http://localhost:5173/spectrogram/workerClient.ts:3
[  307896ms] [LOG] [spec/worker] 286653 onmessage {type: render, fileId: hale-balaenoptera-borealis.wav, renderId: 1} @ http://localhost:5173/spectrogram/worker/spectrogramWorker.ts?worker_file&type=module:6
[  307897ms] [LOG] [spec/worker] 286653 render queued {fileId: hale-balaenoptera-borealis.wav, renderId: 1, replaced: false, renderInFlight: false, pendingSize: 1} @ http://localhost:5173/spectrogram/worker/spectrogramWorker.ts?worker_file&type=module:6
[  307898ms] [LOG] [spec/worker] 286654 runLoop enter {pendingSize: 1} @ http://localhost:5173/spectrogram/worker/spectrogramWorker.ts?worker_file&type=module:6
[  307898ms] [LOG] [spec/worker] 286655 runLoop drain iteration {fileId: hale-balaenoptera-borealis.wav, renderId: 1, remaining: 0} @ http://localhost:5173/spectrogram/worker/spectrogramWorker.ts?worker_file&type=module:6
[  307900ms] [LOG] [spec/worker] 286657 processRender enter {renderId: 1, fileId: hale-balaenoptera-borealis.wav, t0: 0, windowDuration: 15} @ http://localhost:5173/spectrogram/worker/spectrogramWorker.ts?worker_file&type=module:6
[  307901ms] [LOG] [spec/worker] 286658 processRender awaiting PCM {renderId: 1, fileId: hale-balaenoptera-borealis.wav, hasPcm: true} @ http://localhost:5173/spectrogram/worker/spectrogramWorker.ts?worker_file&type=module:6
[  307902ms] [LOG] [spec/worker] 286659 processRender PCM ready {renderId: 1, fileId: hale-balaenoptera-borealis.wav} @ http://localhost:5173/spectrogram/worker/spectrogramWorker.ts?worker_file&type=module:6
[  308060ms] [LOG] [spec/graphics] 330988 show-timer fired {fileId: hale-balaenoptera-borealis.wav, shouldShow: true, lastDispatched: 1, lastSettled: 0} @ http://localhost:5173/spectrogram/SpectrogramGraphics.tsx:26
[  312688ms] [LOG] [spec/worker] 291445 processRender assembleWindowMel done {renderId: 1, frames: 2812, melLen: 190336} @ http://localhost:5173/spectrogram/worker/spectrogramWorker.ts?worker_file&type=module:6
[  312817ms] [LOG] [spec/worker] 291573 processRender converting to blob {renderId: 1, fileId: hale-balaenoptera-borealis.wav, width: 2812, height: 128} @ http://localhost:5173/spectrogram/worker/spectrogramWorker.ts?worker_file&type=module:6
[  312971ms] [LOG] [spec/worker] 291728 processRender posting image {renderId: 1, fileId: hale-balaenoptera-borealis.wav, blobSize: 65565} @ http://localhost:5173/spectrogram/worker/spectrogramWorker.ts?worker_file&type=module:6
[  312972ms] [LOG] [spec/worker] 291729 runLoop exit — queue drained @ http://localhost:5173/spectrogram/worker/spectrogramWorker.ts?worker_file&type=module:6
[  312973ms] [LOG] [spec/client] 335901 onmessage {type: image, fileId: hale-balaenoptera-borealis.wav, renderId: 1, listenerCount: 1, blobSize: 65565} @ http://localhost:5173/spectrogram/workerClient.ts:3
[  312974ms] [LOG] [spec/graphics] 335902 cb received {fileId: hale-balaenoptera-borealis.wav, type: image, replyId: 1, lastDispatched: 1, stale: false} @ http://localhost:5173/spectrogram/SpectrogramGraphics.tsx:26
[  312975ms] [LOG] [spec/graphics] 335903 markRenderDone {fileId: hale-balaenoptera-borealis.wav, id: 1, prevSettled: 0, lastSettled: 1, lastDispatched: 1} @ http://localhost:5173/spectrogram/SpectrogramGraphics.tsx:26
[  754842ms] [LOG] [spec/graphics] 777769 subscribe effect cleanup {fileId: hale-balaenoptera-borealis.wav, lastDispatched: 1, lastSettled: 1} @ http://localhost:5173/spectrogram/SpectrogramGraphics.tsx:26
[  754842ms] [LOG] [spec/client] 777770 unsubscribeWorker {fileId: hale-balaenoptera-borealis.wav, remaining: 0} @ http://localhost:5173/spectrogram/workerClient.ts:3
[  754843ms] [LOG] [spec/client] 777771 unsubscribeWorker last subscriber — posting clear_pcm {fileId: hale-balaenoptera-borealis.wav} @ http://localhost:5173/spectrogram/workerClient.ts:3
[  754844ms] [LOG] [spec/worker] 733601 onmessage {type: clear_pcm, fileId: hale-balaenoptera-borealis.wav, renderId: undefined} @ http://localhost:5173/spectrogram/worker/spectrogramWorker.ts?worker_file&type=module:6
[  754844ms] [LOG] [spec/worker] 733601 clear_pcm {fileId: hale-balaenoptera-borealis.wav, hadPcm: true, droppedQueued: false, waitersWoken: 0} @ http://localhost:5173/spectrogram/worker/spectrogramWorker.ts?worker_file&type=module:6
[  754844ms] [LOG] [spec/graphics] 777772 subscribe effect mount {fileId: hale-balaenoptera-borealis.wav} @ http://localhost:5173/spectrogram/SpectrogramGraphics.tsx?t=1779455361241:26
[  754845ms] [LOG] [spec/client] 777773 ensureWorker creating new Worker @ http://localhost:5173/spectrogram/workerClient.ts?t=1779455361241:3
[  754846ms] [LOG] [spec/client] 777774 ensureWorker awaiting ready @ http://localhost:5173/spectrogram/workerClient.ts?t=1779455361241:3
[  754846ms] [LOG] [spec/client] 777774 subscribeWorker {fileId: hale-balaenoptera-borealis.wav, setSize: 1} @ http://localhost:5173/spectrogram/workerClient.ts?t=1779455361241:3
[  754849ms] [LOG] [spec/graphics] 777777 set_pcm effect posting {fileId: hale-balaenoptera-borealis.wav, audioLen: 382896, sampleRate: 48000} @ http://localhost:5173/spectrogram/SpectrogramGraphics.tsx?t=1779455361241:26
[  754850ms] [LOG] [spec/client] 777778 postWorkerMessage buffered (pre-ready) {type: set_pcm, fileId: hale-balaenoptera-borealis.wav, renderId: undefined, transferCount: 1} @ http://localhost:5173/spectrogram/workerClient.ts?t=1779455361241:3
[  754851ms] [LOG] [spec/graphics] 777779 markRenderPosted {fileId: hale-balaenoptera-borealis.wav, renderId: 1, timerArmed: true} @ http://localhost:5173/spectrogram/SpectrogramGraphics.tsx?t=1779455361241:26
[  754851ms] [LOG] [spec/graphics] 777779 render effect posting {fileId: hale-balaenoptera-borealis.wav, renderId: 1, startTime: 0, windowDuration: 15} @ http://localhost:5173/spectrogram/SpectrogramGraphics.tsx?t=1779455361241:26
[  754852ms] [LOG] [spec/client] 777780 postWorkerMessage buffered (pre-ready) {type: render, fileId: hale-balaenoptera-borealis.wav, renderId: 1, transferCount: 0} @ http://localhost:5173/spectrogram/workerClient.ts?t=1779455361241:3
[  755011ms] [LOG] [spec/graphics] 777939 show-timer fired {fileId: hale-balaenoptera-borealis.wav, shouldShow: true, lastDispatched: 1, lastSettled: 0} @ http://localhost:5173/spectrogram/SpectrogramGraphics.tsx?t=1779455361241:26
[  770862ms] [LOG] [spec/graphics] 793790 subscribe effect cleanup {fileId: hale-balaenoptera-borealis.wav, lastDispatched: 1, lastSettled: 0} @ http://localhost:5173/spectrogram/SpectrogramGraphics.tsx?t=1779455361241:26
[  770863ms] [LOG] [spec/client] 793791 unsubscribeWorker {fileId: hale-balaenoptera-borealis.wav, remaining: 0} @ http://localhost:5173/spectrogram/workerClient.ts?t=1779455361241:3
[  770863ms] [LOG] [spec/client] 793791 unsubscribeWorker last subscriber — posting clear_pcm {fileId: hale-balaenoptera-borealis.wav} @ http://localhost:5173/spectrogram/workerClient.ts?t=1779455361241:3
[  770864ms] [LOG] [spec/worker] 16011 onmessage {type: clear_pcm, fileId: hale-balaenoptera-borealis.wav, renderId: undefined} @ http://localhost:5173/spectrogram/worker/spectrogramWorker.ts?worker_file&type=module:6
[  770864ms] [LOG] [spec/graphics] 793792 subscribe effect mount {fileId: hale-balaenoptera-borealis.wav} @ http://localhost:5173/spectrogram/SpectrogramGraphics.tsx?t=1779455377299:26
[  770865ms] [LOG] [spec/worker] 16011 clear_pcm {fileId: hale-balaenoptera-borealis.wav, hadPcm: false, droppedQueued: false, waitersWoken: 0} @ http://localhost:5173/spectrogram/worker/spectrogramWorker.ts?worker_file&type=module:6
[  770865ms] [LOG] [spec/client] 793793 ensureWorker creating new Worker @ http://localhost:5173/spectrogram/workerClient.ts?t=1779455377299:3
[  770866ms] [LOG] [spec/client] 793794 ensureWorker awaiting ready @ http://localhost:5173/spectrogram/workerClient.ts?t=1779455377299:3
[  770866ms] [LOG] [spec/client] 793794 subscribeWorker {fileId: hale-balaenoptera-borealis.wav, setSize: 1} @ http://localhost:5173/spectrogram/workerClient.ts?t=1779455377299:3
[  770868ms] [LOG] [spec/graphics] 793796 set_pcm effect posting {fileId: hale-balaenoptera-borealis.wav, audioLen: 382896, sampleRate: 48000} @ http://localhost:5173/spectrogram/SpectrogramGraphics.tsx?t=1779455377299:26
[  770868ms] [LOG] [spec/client] 793796 postWorkerMessage buffered (pre-ready) {type: set_pcm, fileId: hale-balaenoptera-borealis.wav, renderId: undefined, transferCount: 1} @ http://localhost:5173/spectrogram/workerClient.ts?t=1779455377299:3
[  770869ms] [LOG] [spec/graphics] 793797 markRenderPosted {fileId: hale-balaenoptera-borealis.wav, renderId: 1, timerArmed: true} @ http://localhost:5173/spectrogram/SpectrogramGraphics.tsx?t=1779455377299:26
[  770870ms] [LOG] [spec/graphics] 793798 render effect posting {fileId: hale-balaenoptera-borealis.wav, renderId: 1, startTime: 0, windowDuration: 15} @ http://localhost:5173/spectrogram/SpectrogramGraphics.tsx?t=1779455377299:26
[  770870ms] [LOG] [spec/client] 793798 postWorkerMessage buffered (pre-ready) {type: render, fileId: hale-balaenoptera-borealis.wav, renderId: 1, transferCount: 0} @ http://localhost:5173/spectrogram/workerClient.ts?t=1779455377299:3
[  771035ms] [LOG] [spec/graphics] 793963 show-timer fired {fileId: hale-balaenoptera-borealis.wav, shouldShow: true, lastDispatched: 1, lastSettled: 0} @ http://localhost:5173/spectrogram/SpectrogramGraphics.tsx?t=1779455377299:26
[  790302ms] [INFO] %cDownload the React DevTools for a better development experience: https://reactjs.org/link/react-devtools font-weight:bold @ http://localhost:5173/node_modules/.vite/deps/chunk-SVG7M4VJ.js?v=84b494a0:21606
[  790369ms] [WARNING] %cElectron Security Warning (Disabled webSecurity) font-weight: bold; This renderer process has "webSecurity" disabled. This
  exposes users of this app to severe security risks.

For more information and help, consult
https://electronjs.org/docs/tutorial/security.
This warning will not show up
once the app is packaged. @ node:electron/js2c/sandbox_bundle:1
[  790370ms] [WARNING] %cElectron Security Warning (allowRunningInsecureContent) font-weight: bold; This renderer process has "allowRunningInsecureContent"
  enabled. This exposes users of this app to severe security risks.

  
For more information and help, consult
https://electronjs.org/docs/tutorial/security.
This warning will not show up
once the app is packaged. @ node:electron/js2c/sandbox_bundle:1
[  791123ms] [LOG] [spec/graphics] 1138 subscribe effect mount {fileId: hale-balaenoptera-borealis.wav} @ http://localhost:5173/spectrogram/SpectrogramGraphics.tsx?t=1779455377299:26
[  791124ms] [LOG] [spec/client] 1139 ensureWorker creating new Worker @ http://localhost:5173/spectrogram/workerClient.ts?t=1779455377299:3
[  791125ms] [LOG] [spec/client] 1140 ensureWorker awaiting ready @ http://localhost:5173/spectrogram/workerClient.ts?t=1779455377299:3
[  791126ms] [LOG] [spec/client] 1141 subscribeWorker {fileId: hale-balaenoptera-borealis.wav, setSize: 1} @ http://localhost:5173/spectrogram/workerClient.ts?t=1779455377299:3
[  791127ms] [LOG] [spec/graphics] 1142 set_pcm effect skipped {fileId: hale-balaenoptera-borealis.wav, audioLen: 0, sampleRate: 32000} @ http://localhost:5173/spectrogram/SpectrogramGraphics.tsx?t=1779455377299:26
[  791128ms] [LOG] [spec/graphics] 1143 render effect skipped — no audioSamples {fileId: hale-balaenoptera-borealis.wav} @ http://localhost:5173/spectrogram/SpectrogramGraphics.tsx?t=1779455377299:26
[  791225ms] [LOG] [spec/graphics] 1240 set_pcm effect posting {fileId: hale-balaenoptera-borealis.wav, audioLen: 382896, sampleRate: 48000} @ http://localhost:5173/spectrogram/SpectrogramGraphics.tsx?t=1779455377299:26
[  791226ms] [LOG] [spec/client] 1241 postWorkerMessage buffered (pre-ready) {type: set_pcm, fileId: hale-balaenoptera-borealis.wav, renderId: undefined, transferCount: 1} @ http://localhost:5173/spectrogram/workerClient.ts?t=1779455377299:3
[  791227ms] [LOG] [spec/graphics] 1242 markRenderPosted {fileId: hale-balaenoptera-borealis.wav, renderId: 1, timerArmed: true} @ http://localhost:5173/spectrogram/SpectrogramGraphics.tsx?t=1779455377299:26
[  791227ms] [LOG] [spec/graphics] 1242 render effect posting {fileId: hale-balaenoptera-borealis.wav, renderId: 1, startTime: 0, windowDuration: 15} @ http://localhost:5173/spectrogram/SpectrogramGraphics.tsx?t=1779455377299:26
[  791228ms] [LOG] [spec/client] 1243 postWorkerMessage buffered (pre-ready) {type: render, fileId: hale-balaenoptera-borealis.wav, renderId: 1, transferCount: 0} @ http://localhost:5173/spectrogram/workerClient.ts?t=1779455377299:3
[  791260ms] [LOG] [spec/client] 1275 worker ready — flushing pending posts {count: 2} @ http://localhost:5173/spectrogram/workerClient.ts?t=1779455377299:3
[  791260ms] [LOG] [spec/worker] 80 worker ready posted @ http://localhost:5173/spectrogram/worker/spectrogramWorker.ts?worker_file&type=module:6
[  791266ms] [LOG] [spec/worker] 86 onmessage {type: set_pcm, fileId: hale-balaenoptera-borealis.wav, renderId: undefined} @ http://localhost:5173/spectrogram/worker/spectrogramWorker.ts?worker_file&type=module:6
[  791267ms] [LOG] [spec/worker] 86 set_pcm stored {fileId: hale-balaenoptera-borealis.wav, pcmLen: 382896, sampleRate: 48000, waitersResolved: 0} @ http://localhost:5173/spectrogram/worker/spectrogramWorker.ts?worker_file&type=module:6
[  791267ms] [LOG] [spec/worker] 87 onmessage {type: render, fileId: hale-balaenoptera-borealis.wav, renderId: 1} @ http://localhost:5173/spectrogram/worker/spectrogramWorker.ts?worker_file&type=module:6
[  791268ms] [LOG] [spec/worker] 88 render queued {fileId: hale-balaenoptera-borealis.wav, renderId: 1, replaced: false, renderInFlight: false, pendingSize: 1} @ http://localhost:5173/spectrogram/worker/spectrogramWorker.ts?worker_file&type=module:6
[  791269ms] [LOG] [spec/worker] 89 runLoop enter {pendingSize: 1} @ http://localhost:5173/spectrogram/worker/spectrogramWorker.ts?worker_file&type=module:6
[  791269ms] [LOG] [spec/worker] 89 runLoop drain iteration {fileId: hale-balaenoptera-borealis.wav, renderId: 1, remaining: 0} @ http://localhost:5173/spectrogram/worker/spectrogramWorker.ts?worker_file&type=module:6
[  791270ms] [LOG] [spec/worker] 90 processRender enter {renderId: 1, fileId: hale-balaenoptera-borealis.wav, t0: 0, windowDuration: 15} @ http://localhost:5173/spectrogram/worker/spectrogramWorker.ts?worker_file&type=module:6
[  791271ms] [LOG] [spec/worker] 91 processRender awaiting PCM {renderId: 1, fileId: hale-balaenoptera-borealis.wav, hasPcm: true} @ http://localhost:5173/spectrogram/worker/spectrogramWorker.ts?worker_file&type=module:6
[  791272ms] [LOG] [spec/worker] 92 processRender PCM ready {renderId: 1, fileId: hale-balaenoptera-borealis.wav} @ http://localhost:5173/spectrogram/worker/spectrogramWorker.ts?worker_file&type=module:6
[  791389ms] [LOG] [spec/graphics] 1403 show-timer fired {fileId: hale-balaenoptera-borealis.wav, shouldShow: true, lastDispatched: 1, lastSettled: 0} @ http://localhost:5173/spectrogram/SpectrogramGraphics.tsx?t=1779455377299:26
